#
# There is insufficient memory for the Java Runtime Environment to continue.
# Native memory allocation (malloc) failed to allocate 210688 bytes for Chunk::new
# Possible reasons:
#   The system is out of physical RAM or swap space
#   The process is running with CompressedOops enabled, and the Java Heap may be blocking the growth of the native heap
# Possible solutions:
#   Reduce memory load on the system
#   Increase physical memory or swap space
#   Check if swap backing store is full
#   Decrease Java heap size (-Xmx/-Xms)
#   Decrease number of Java threads
#   Decrease Java thread stack sizes (-Xss)
#   Set larger code cache with -XX:ReservedCodeCacheSize=
#   JVM is running with Unscaled Compressed Oops mode in which the Java heap is
#     placed in the first 4GB address space. The Java Heap base address is the
#     maximum limit for the native heap growth. Please use -XX:HeapBaseMinAddress
#     to set the Java Heap base and to place the Java Heap above 4GB virtual address.
# This output file may be truncated or incomplete.
#
#  Out of Memory Error (arena.cpp:184), pid=9332, tid=17184
#
# JRE version: OpenJDK Runtime Environment Temurin-19.0.2+7 (19.0.2+7) (build 19.0.2+7)
# Java VM: OpenJDK 64-Bit Server VM Temurin-19.0.2+7 (19.0.2+7, mixed mode, sharing, tiered, compressed oops, compressed class ptrs, g1 gc, windows-amd64)
# No core dump will be written. Minidumps are not enabled by default on client versions of Windows
#

---------------  S U M M A R Y ------------

Command Line: --add-modules=ALL-SYSTEM --add-opens=java.base/java.util=ALL-UNNAMED --add-opens=java.base/java.lang=ALL-UNNAMED -Declipse.application=org.python.pydev.pydev_lsp.application -Dosgi.bundles.defaultStartLevel=4 -Declipse.product=org.python.pydev.pydev_lsp.product -Xmx1G -XX:+UseG1GC -XX:+UseStringDeduplication c:\Users\fmartinez\.vscode\extensions\fabioz.vscode-pydev-0.16.0\server\plugins\org.eclipse.equinox.launcher_1.6.700.v20240213-1244.jar -configuration c:\Users\fmartinez\.vscode\extensions\fabioz.vscode-pydev-0.16.0\server\config_win -data c:\Users\fmartinez\AppData\Roaming\Code\User\workspaceStorage\d4b3a13a431c3c402db0a096575beffa\fabioz.vscode-pydev\pydev_ws

Host: Intel(R) Core(TM) i5-3570 CPU @ 3.40GHz, 4 cores, 11G,  Windows 10 , 64 bit Build 19041 (10.0.19041.5915)
Time: Mon Dec 15 08:18:00 2025 Hora est嫕dar de Venezuela elapsed time: 23.511139 seconds (0d 0h 0m 23s)

---------------  T H R E A D  ---------------

Current thread (0x000002175f216ef0):  JavaThread "C2 CompilerThread0" daemon [_thread_in_native, id=17184, stack(0x000000784b800000,0x000000784b900000)]


Current CompileTask:
C2:  23511 3558       4       java.util.TreeMap::put (221 bytes)

Stack: [0x000000784b800000,0x000000784b900000]
Native frames: (J=compiled Java code, j=interpreted, Vv=VM code, C=native code)
V  [jvm.dll+0x6e9e1a]
V  [jvm.dll+0x8a36c0]
V  [jvm.dll+0x8a50ae]
V  [jvm.dll+0x8a5763]
V  [jvm.dll+0x27bcdf]
V  [jvm.dll+0xc221f]
V  [jvm.dll+0xc2595]
V  [jvm.dll+0x3b7d9b]
V  [jvm.dll+0x1e6762]
V  [jvm.dll+0x24542d]
V  [jvm.dll+0x244671]
V  [jvm.dll+0x1cf4b1]
V  [jvm.dll+0x254229]
V  [jvm.dll+0x252418]
V  [jvm.dll+0x85403d]
V  [jvm.dll+0x84de3a]
V  [jvm.dll+0x6e8abb]
C  [ucrtbase.dll+0x21bb2]
C  [KERNEL32.DLL+0x17374]
C  [ntdll.dll+0x4cc91]


---------------  P R O C E S S  ---------------

Threads class SMR info:
_java_thread_list=0x0000021764b3e180, length=28, elements={
0x0000021746254d80, 0x000002175f2058c0, 0x000002175f206ba0, 0x000002175f20afd0,
0x000002175f215030, 0x000002175f215960, 0x000002175f216290, 0x000002175f216ef0,
0x00000217634234c0, 0x000002175f25dd40, 0x0000021763449d50, 0x00000217635131a0,
0x0000021763b7f3c0, 0x000002176351f870, 0x0000021763522db0, 0x000002176341ef60,
0x0000021763cbcd90, 0x0000021763ff1590, 0x0000021763ff1ae0, 0x0000021763ff1040,
0x0000021763ff4560, 0x0000021763ff2030, 0x0000021763ff2580, 0x0000021763ff2ad0,
0x0000021763ff3020, 0x0000021763ff3ac0, 0x0000021763ff4010, 0x00000217649173e0
}

Java Threads: ( => current thread )
  0x0000021746254d80 JavaThread "main" [_thread_blocked, id=10104, stack(0x000000784aa00000,0x000000784ab00000)]
  0x000002175f2058c0 JavaThread "Reference Handler" daemon [_thread_blocked, id=20620, stack(0x000000784b200000,0x000000784b300000)]
  0x000002175f206ba0 JavaThread "Finalizer" daemon [_thread_blocked, id=26412, stack(0x000000784b300000,0x000000784b400000)]
  0x000002175f20afd0 JavaThread "Signal Dispatcher" daemon [_thread_blocked, id=28944, stack(0x000000784b400000,0x000000784b500000)]
  0x000002175f215030 JavaThread "Attach Listener" daemon [_thread_blocked, id=32116, stack(0x000000784b500000,0x000000784b600000)]
  0x000002175f215960 JavaThread "Service Thread" daemon [_thread_blocked, id=29516, stack(0x000000784b600000,0x000000784b700000)]
  0x000002175f216290 JavaThread "Monitor Deflation Thread" daemon [_thread_blocked, id=7316, stack(0x000000784b700000,0x000000784b800000)]
=>0x000002175f216ef0 JavaThread "C2 CompilerThread0" daemon [_thread_in_native, id=17184, stack(0x000000784b800000,0x000000784b900000)]
  0x00000217634234c0 JavaThread "C1 CompilerThread0" daemon [_thread_blocked, id=20916, stack(0x000000784b900000,0x000000784ba00000)]
  0x000002175f25dd40 JavaThread "Sweeper thread" daemon [_thread_blocked, id=7504, stack(0x000000784ba00000,0x000000784bb00000)]
  0x0000021763449d50 JavaThread "Common-Cleaner" daemon [_thread_blocked, id=14644, stack(0x000000784bb00000,0x000000784bc00000)]
  0x00000217635131a0 JavaThread "Notification Thread" daemon [_thread_blocked, id=30404, stack(0x000000784bc00000,0x000000784bd00000)]
  0x0000021763b7f3c0 JavaThread "Active Thread: Equinox Container: 66df6e25-9482-477b-93b2-afbf4bc5385d" [_thread_blocked, id=30040, stack(0x000000784c100000,0x000000784c200000)]
  0x000002176351f870 JavaThread "Framework Event Dispatcher: Equinox Container: 66df6e25-9482-477b-93b2-afbf4bc5385d" daemon [_thread_blocked, id=32092, stack(0x000000784c200000,0x000000784c300000)]
  0x0000021763522db0 JavaThread "Start Level: Equinox Container: 66df6e25-9482-477b-93b2-afbf4bc5385d" daemon [_thread_blocked, id=17512, stack(0x000000784c300000,0x000000784c400000)]
  0x000002176341ef60 JavaThread "SCR Component Actor" daemon [_thread_blocked, id=10032, stack(0x000000784c400000,0x000000784c500000)]
  0x0000021763cbcd90 JavaThread "Worker-JM" [_thread_blocked, id=10060, stack(0x000000784c600000,0x000000784c700000)]
  0x0000021763ff1590 JavaThread "Worker-0" [_thread_blocked, id=18792, stack(0x000000784c700000,0x000000784c800000)]
  0x0000021763ff1ae0 JavaThread "Worker-1: Refreshing workspace" [_thread_in_native, id=25540, stack(0x000000784c800000,0x000000784c900000)]
  0x0000021763ff1040 JavaThread "Worker-2" [_thread_blocked, id=25516, stack(0x000000784c900000,0x000000784ca00000)]
  0x0000021763ff4560 JavaThread "Worker-3" [_thread_blocked, id=5312, stack(0x000000784ca00000,0x000000784cb00000)]
  0x0000021763ff2030 JavaThread "Worker-4" [_thread_blocked, id=31236, stack(0x000000784cb00000,0x000000784cc00000)]
  0x0000021763ff2580 JavaThread "Worker-5" [_thread_blocked, id=13584, stack(0x000000784cc00000,0x000000784cd00000)]
  0x0000021763ff2ad0 JavaThread "Worker-6: Win32 refresh daemon" [_thread_in_vm, id=7644, stack(0x000000784cd00000,0x000000784ce00000)]
  0x0000021763ff3020 JavaThread "Worker-7" [_thread_blocked, id=21320, stack(0x000000784ce00000,0x000000784cf00000)]
  0x0000021763ff3ac0 JavaThread "pool-2-thread-1" [_thread_blocked, id=30156, stack(0x000000784cf00000,0x000000784d000000)]
  0x0000021763ff4010 JavaThread "pool-1-thread-1" [_thread_in_native, id=33036, stack(0x000000784d000000,0x000000784d100000)]
  0x00000217649173e0 JavaThread "ForkJoinPool.commonPool-worker-1" daemon [_thread_in_vm, id=13016, stack(0x000000784c500000,0x000000784c600000)]

Other Threads:
  0x000002175f1e68d0 VMThread "VM Thread" [stack: 0x000000784b100000,0x000000784b200000] [id=31936]
  0x0000021763538380 WatcherThread "VM Periodic Task Thread" [stack: 0x000000784bd00000,0x000000784be00000] [id=29204]
  0x0000021746297d80 WorkerThread "GC Thread#0" [stack: 0x000000784ab00000,0x000000784ac00000] [id=27160]
  0x00000217637f1030 WorkerThread "GC Thread#1" [stack: 0x000000784be00000,0x000000784bf00000] [id=5460]
  0x00000217637f1300 WorkerThread "GC Thread#2" [stack: 0x000000784bf00000,0x000000784c000000] [id=9592]
  0x00000217637f15d0 WorkerThread "GC Thread#3" [stack: 0x000000784c000000,0x000000784c100000] [id=10376]
  0x00000217462a0bf0 ConcurrentGCThread "G1 Main Marker" [stack: 0x000000784ac00000,0x000000784ad00000] [id=17888]
  0x00000217462a1530 WorkerThread "G1 Conc#0" [stack: 0x000000784ad00000,0x000000784ae00000] [id=21160]
  0x000002175f09f130 ConcurrentGCThread "G1 Refine#0" [stack: 0x000000784ae00000,0x000000784af00000] [id=32712]
  0x000002175f09f920 ConcurrentGCThread "G1 Service" [stack: 0x000000784af00000,0x000000784b000000] [id=27720]
  0x000002175f1e2510 ConcurrentGCThread "StringDedupProcessor" [stack: 0x000000784b000000,0x000000784b100000] [id=7312]

Threads with active compile tasks:
C2 CompilerThread0    23569 3558       4       java.util.TreeMap::put (221 bytes)

VM state: not at safepoint (normal execution)

VM Mutex/Monitor currently owned by a thread: None

Heap address: 0x00000000c0000000, size: 1024 MB, Compressed Oops mode: 32-bit

CDS archive(s) mapped at: [0x0000000800000000-0x0000000800ad0000-0x0000000800ad0000), size 11337728, SharedBaseAddress: 0x0000000800000000, ArchiveRelocationMode: 0.
Compressed class space mapped at: 0x0000000800c00000-0x0000000840c00000, reserved size: 1073741824
Narrow klass base: 0x0000000800000000, Narrow klass shift: 0, Narrow klass range: 0x100000000

GC Precious Log:
 CardTable entry size: 512
 Card Set container configuration: InlinePtr #cards 5 size 8 Array Of Cards #cards 12 size 40 Howl #buckets 4 coarsen threshold 1843 Howl Bitmap #cards 512 size 80 coarsen threshold 460 Card regions per heap region 1 cards per card region 2048
 CPUs: 4 total, 4 available
 Memory: 12206M
 Large Page Support: Disabled
 NUMA Support: Disabled
 Compressed Oops: Enabled (32-bit)
 Heap Region Size: 1M
 Heap Min Capacity: 8M
 Heap Initial Capacity: 192M
 Heap Max Capacity: 1G
 Pre-touch: Disabled
 Parallel Workers: 4
 Concurrent Workers: 1
 Concurrent Refinement Workers: 4
 Periodic GC: Disabled
 String Deduplication is enabled

Heap:
 garbage-first heap   total 99328K, used 44276K [0x00000000c0000000, 0x0000000100000000)
  region size 1024K, 26 young (26624K), 9 survivors (9216K)
 Metaspace       used 21688K, committed 22400K, reserved 1114112K
  class space    used 2286K, committed 2624K, reserved 1048576K

Heap Regions: E=young(eden), S=young(survivor), O=old, HS=humongous(starts), HC=humongous(continues), CS=collection set, F=free, OA=open archive, CA=closed archive, TAMS=top-at-mark-start (previous, next)
|   0|0x00000000c0000000, 0x00000000c0100000, 0x00000000c0100000|100%| O|  |TAMS 0x00000000c0100000, 0x00000000c0000000| Untracked 
|   1|0x00000000c0100000, 0x00000000c0200000, 0x00000000c0200000|100%| O|  |TAMS 0x00000000c0200000, 0x00000000c0100000| Untracked 
|   2|0x00000000c0200000, 0x00000000c0300000, 0x00000000c0300000|100%| O|  |TAMS 0x00000000c0300000, 0x00000000c0200000| Untracked 
|   3|0x00000000c0300000, 0x00000000c0300000, 0x00000000c0400000|  0%| F|  |TAMS 0x00000000c0300000, 0x00000000c0300000| Untracked 
|   4|0x00000000c0400000, 0x00000000c0400000, 0x00000000c0500000|  0%| F|  |TAMS 0x00000000c0400000, 0x00000000c0400000| Untracked 
|   5|0x00000000c0500000, 0x00000000c0500000, 0x00000000c0600000|  0%| F|  |TAMS 0x00000000c0500000, 0x00000000c0500000| Untracked 
|   6|0x00000000c0600000, 0x00000000c0600000, 0x00000000c0700000|  0%| F|  |TAMS 0x00000000c0600000, 0x00000000c0600000| Untracked 
|   7|0x00000000c0700000, 0x00000000c0700000, 0x00000000c0800000|  0%| F|  |TAMS 0x00000000c0700000, 0x00000000c0700000| Untracked 
|   8|0x00000000c0800000, 0x00000000c0800000, 0x00000000c0900000|  0%| F|  |TAMS 0x00000000c0800000, 0x00000000c0800000| Untracked 
|   9|0x00000000c0900000, 0x00000000c0900000, 0x00000000c0a00000|  0%| F|  |TAMS 0x00000000c0900000, 0x00000000c0900000| Untracked 
|  10|0x00000000c0a00000, 0x00000000c0a00000, 0x00000000c0b00000|  0%| F|  |TAMS 0x00000000c0a00000, 0x00000000c0a00000| Untracked 
|  11|0x00000000c0b00000, 0x00000000c0c00000, 0x00000000c0c00000|100%| O|  |TAMS 0x00000000c0b00000, 0x00000000c0b00000| Untracked 
|  12|0x00000000c0c00000, 0x00000000c0d00000, 0x00000000c0d00000|100%| O|  |TAMS 0x00000000c0c00000, 0x00000000c0c00000| Untracked 
|  13|0x00000000c0d00000, 0x00000000c0e00000, 0x00000000c0e00000|100%| O|  |TAMS 0x00000000c0d00000, 0x00000000c0d00000| Untracked 
|  14|0x00000000c0e00000, 0x00000000c0e00000, 0x00000000c0f00000|  0%| F|  |TAMS 0x00000000c0e00000, 0x00000000c0e00000| Untracked 
|  15|0x00000000c0f00000, 0x00000000c1000000, 0x00000000c1000000|100%| O|  |TAMS 0x00000000c1000000, 0x00000000c0f00000| Untracked 
|  16|0x00000000c1000000, 0x00000000c1100000, 0x00000000c1100000|100%| O|  |TAMS 0x00000000c1100000, 0x00000000c1000000| Untracked 
|  17|0x00000000c1100000, 0x00000000c1200000, 0x00000000c1200000|100%| O|  |TAMS 0x00000000c1200000, 0x00000000c1100000| Untracked 
|  18|0x00000000c1200000, 0x00000000c1300000, 0x00000000c1300000|100%| O|  |TAMS 0x00000000c1300000, 0x00000000c1200000| Untracked 
|  19|0x00000000c1300000, 0x00000000c1400000, 0x00000000c1400000|100%| O|  |TAMS 0x00000000c1400000, 0x00000000c1300000| Untracked 
|  20|0x00000000c1400000, 0x00000000c1500000, 0x00000000c1500000|100%| O|  |TAMS 0x00000000c1500000, 0x00000000c1400000| Untracked 
|  21|0x00000000c1500000, 0x00000000c1600000, 0x00000000c1600000|100%| O|  |TAMS 0x00000000c15b8600, 0x00000000c1500000| Untracked 
|  22|0x00000000c1600000, 0x00000000c1700000, 0x00000000c1700000|100%| O|  |TAMS 0x00000000c1600000, 0x00000000c1600000| Untracked 
|  23|0x00000000c1700000, 0x00000000c1800000, 0x00000000c1800000|100%| O|  |TAMS 0x00000000c1700000, 0x00000000c1700000| Untracked 
|  24|0x00000000c1800000, 0x00000000c1900000, 0x00000000c1900000|100%| O|  |TAMS 0x00000000c1800000, 0x00000000c1800000| Untracked 
|  25|0x00000000c1900000, 0x00000000c1a00000, 0x00000000c1a00000|100%| O|  |TAMS 0x00000000c1900000, 0x00000000c1900000| Untracked 
|  26|0x00000000c1a00000, 0x00000000c1b00000, 0x00000000c1b00000|100%| O|  |TAMS 0x00000000c1a00000, 0x00000000c1a00000| Untracked 
|  27|0x00000000c1b00000, 0x00000000c1b8e800, 0x00000000c1c00000| 55%| O|  |TAMS 0x00000000c1b00000, 0x00000000c1b00000| Complete 
|  28|0x00000000c1c00000, 0x00000000c1c00000, 0x00000000c1d00000|  0%| F|  |TAMS 0x00000000c1c00000, 0x00000000c1c00000| Untracked 
|  29|0x00000000c1d00000, 0x00000000c1d00000, 0x00000000c1e00000|  0%| F|  |TAMS 0x00000000c1d00000, 0x00000000c1d00000| Untracked 
|  30|0x00000000c1e00000, 0x00000000c1e00000, 0x00000000c1f00000|  0%| F|  |TAMS 0x00000000c1e00000, 0x00000000c1e00000| Untracked 
|  31|0x00000000c1f00000, 0x00000000c1f00000, 0x00000000c2000000|  0%| F|  |TAMS 0x00000000c1f00000, 0x00000000c1f00000| Untracked 
|  32|0x00000000c2000000, 0x00000000c2000000, 0x00000000c2100000|  0%| F|  |TAMS 0x00000000c2000000, 0x00000000c2000000| Untracked 
|  33|0x00000000c2100000, 0x00000000c2100000, 0x00000000c2200000|  0%| F|  |TAMS 0x00000000c2100000, 0x00000000c2100000| Untracked 
|  34|0x00000000c2200000, 0x00000000c2200000, 0x00000000c2300000|  0%| F|  |TAMS 0x00000000c2200000, 0x00000000c2200000| Untracked 
|  35|0x00000000c2300000, 0x00000000c2300000, 0x00000000c2400000|  0%| F|  |TAMS 0x00000000c2300000, 0x00000000c2300000| Untracked 
|  36|0x00000000c2400000, 0x00000000c2400000, 0x00000000c2500000|  0%| F|  |TAMS 0x00000000c2400000, 0x00000000c2400000| Untracked 
|  37|0x00000000c2500000, 0x00000000c2500000, 0x00000000c2600000|  0%| F|  |TAMS 0x00000000c2500000, 0x00000000c2500000| Untracked 
|  38|0x00000000c2600000, 0x00000000c2600000, 0x00000000c2700000|  0%| F|  |TAMS 0x00000000c2600000, 0x00000000c2600000| Untracked 
|  39|0x00000000c2700000, 0x00000000c2700000, 0x00000000c2800000|  0%| F|  |TAMS 0x00000000c2700000, 0x00000000c2700000| Untracked 
|  40|0x00000000c2800000, 0x00000000c2800000, 0x00000000c2900000|  0%| F|  |TAMS 0x00000000c2800000, 0x00000000c2800000| Untracked 
|  41|0x00000000c2900000, 0x00000000c2900000, 0x00000000c2a00000|  0%| F|  |TAMS 0x00000000c2900000, 0x00000000c2900000| Untracked 
|  42|0x00000000c2a00000, 0x00000000c2a00000, 0x00000000c2b00000|  0%| F|  |TAMS 0x00000000c2a00000, 0x00000000c2a00000| Untracked 
|  43|0x00000000c2b00000, 0x00000000c2b00000, 0x00000000c2c00000|  0%| F|  |TAMS 0x00000000c2b00000, 0x00000000c2b00000| Untracked 
|  44|0x00000000c2c00000, 0x00000000c2c00000, 0x00000000c2d00000|  0%| F|  |TAMS 0x00000000c2c00000, 0x00000000c2c00000| Untracked 
|  45|0x00000000c2d00000, 0x00000000c2d00000, 0x00000000c2e00000|  0%| F|  |TAMS 0x00000000c2d00000, 0x00000000c2d00000| Untracked 
|  46|0x00000000c2e00000, 0x00000000c2e00000, 0x00000000c2f00000|  0%| F|  |TAMS 0x00000000c2e00000, 0x00000000c2e00000| Untracked 
|  47|0x00000000c2f00000, 0x00000000c2f00000, 0x00000000c3000000|  0%| F|  |TAMS 0x00000000c2f00000, 0x00000000c2f00000| Untracked 
|  48|0x00000000c3000000, 0x00000000c3000000, 0x00000000c3100000|  0%| F|  |TAMS 0x00000000c3000000, 0x00000000c3000000| Untracked 
|  49|0x00000000c3100000, 0x00000000c3100000, 0x00000000c3200000|  0%| F|  |TAMS 0x00000000c3100000, 0x00000000c3100000| Untracked 
|  50|0x00000000c3200000, 0x00000000c3200000, 0x00000000c3300000|  0%| F|  |TAMS 0x00000000c3200000, 0x00000000c3200000| Untracked 
|  51|0x00000000c3300000, 0x00000000c3300000, 0x00000000c3400000|  0%| F|  |TAMS 0x00000000c3300000, 0x00000000c3300000| Untracked 
|  52|0x00000000c3400000, 0x00000000c3400000, 0x00000000c3500000|  0%| F|  |TAMS 0x00000000c3400000, 0x00000000c3400000| Untracked 
|  53|0x00000000c3500000, 0x00000000c3500000, 0x00000000c3600000|  0%| F|  |TAMS 0x00000000c3500000, 0x00000000c3500000| Untracked 
|  54|0x00000000c3600000, 0x00000000c3600000, 0x00000000c3700000|  0%| F|  |TAMS 0x00000000c3600000, 0x00000000c3600000| Untracked 
|  55|0x00000000c3700000, 0x00000000c3700000, 0x00000000c3800000|  0%| F|  |TAMS 0x00000000c3700000, 0x00000000c3700000| Untracked 
|  56|0x00000000c3800000, 0x00000000c3800000, 0x00000000c3900000|  0%| F|  |TAMS 0x00000000c3800000, 0x00000000c3800000| Untracked 
|  57|0x00000000c3900000, 0x00000000c3900000, 0x00000000c3a00000|  0%| F|  |TAMS 0x00000000c3900000, 0x00000000c3900000| Untracked 
|  58|0x00000000c3a00000, 0x00000000c3a00000, 0x00000000c3b00000|  0%| F|  |TAMS 0x00000000c3a00000, 0x00000000c3a00000| Untracked 
|  59|0x00000000c3b00000, 0x00000000c3b00000, 0x00000000c3c00000|  0%| F|  |TAMS 0x00000000c3b00000, 0x00000000c3b00000| Untracked 
|  60|0x00000000c3c00000, 0x00000000c3c00000, 0x00000000c3d00000|  0%| F|  |TAMS 0x00000000c3c00000, 0x00000000c3c00000| Untracked 
|  61|0x00000000c3d00000, 0x00000000c3d00000, 0x00000000c3e00000|  0%| F|  |TAMS 0x00000000c3d00000, 0x00000000c3d00000| Untracked 
|  62|0x00000000c3e00000, 0x00000000c3e00000, 0x00000000c3f00000|  0%| F|  |TAMS 0x00000000c3e00000, 0x00000000c3e00000| Untracked 
|  63|0x00000000c3f00000, 0x00000000c3f00000, 0x00000000c4000000|  0%| F|  |TAMS 0x00000000c3f00000, 0x00000000c3f00000| Untracked 
|  64|0x00000000c4000000, 0x00000000c4000000, 0x00000000c4100000|  0%| F|  |TAMS 0x00000000c4000000, 0x00000000c4000000| Untracked 
|  65|0x00000000c4100000, 0x00000000c4100000, 0x00000000c4200000|  0%| F|  |TAMS 0x00000000c4100000, 0x00000000c4100000| Untracked 
|  66|0x00000000c4200000, 0x00000000c4200000, 0x00000000c4300000|  0%| F|  |TAMS 0x00000000c4200000, 0x00000000c4200000| Untracked 
|  67|0x00000000c4300000, 0x00000000c4300000, 0x00000000c4400000|  0%| F|  |TAMS 0x00000000c4300000, 0x00000000c4300000| Untracked 
|  68|0x00000000c4400000, 0x00000000c4400000, 0x00000000c4500000|  0%| F|  |TAMS 0x00000000c4400000, 0x00000000c4400000| Untracked 
|  69|0x00000000c4500000, 0x00000000c4500000, 0x00000000c4600000|  0%| F|  |TAMS 0x00000000c4500000, 0x00000000c4500000| Untracked 
|  70|0x00000000c4600000, 0x00000000c4600000, 0x00000000c4700000|  0%| F|  |TAMS 0x00000000c4600000, 0x00000000c4600000| Untracked 
|  71|0x00000000c4700000, 0x00000000c472fbb8, 0x00000000c4800000| 18%| E|  |TAMS 0x00000000c4700000, 0x00000000c4700000| Complete 
|  72|0x00000000c4800000, 0x00000000c4900000, 0x00000000c4900000|100%| E|CS|TAMS 0x00000000c4800000, 0x00000000c4800000| Complete 
|  73|0x00000000c4900000, 0x00000000c4a00000, 0x00000000c4a00000|100%| E|CS|TAMS 0x00000000c4900000, 0x00000000c4900000| Complete 
|  74|0x00000000c4a00000, 0x00000000c4b00000, 0x00000000c4b00000|100%| E|CS|TAMS 0x00000000c4a00000, 0x00000000c4a00000| Complete 
|  75|0x00000000c4b00000, 0x00000000c4c00000, 0x00000000c4c00000|100%| E|CS|TAMS 0x00000000c4b00000, 0x00000000c4b00000| Complete 
|  76|0x00000000c4c00000, 0x00000000c4d00000, 0x00000000c4d00000|100%| E|CS|TAMS 0x00000000c4c00000, 0x00000000c4c00000| Complete 
|  77|0x00000000c4d00000, 0x00000000c4e00000, 0x00000000c4e00000|100%| E|CS|TAMS 0x00000000c4d00000, 0x00000000c4d00000| Complete 
|  78|0x00000000c4e00000, 0x00000000c4f00000, 0x00000000c4f00000|100%| E|CS|TAMS 0x00000000c4e00000, 0x00000000c4e00000| Complete 
|  79|0x00000000c4f00000, 0x00000000c5000000, 0x00000000c5000000|100%| E|CS|TAMS 0x00000000c4f00000, 0x00000000c4f00000| Complete 
|  80|0x00000000c5000000, 0x00000000c5100000, 0x00000000c5100000|100%| E|CS|TAMS 0x00000000c5000000, 0x00000000c5000000| Complete 
|  81|0x00000000c5100000, 0x00000000c5200000, 0x00000000c5200000|100%| E|CS|TAMS 0x00000000c5100000, 0x00000000c5100000| Complete 
|  82|0x00000000c5200000, 0x00000000c5300000, 0x00000000c5300000|100%| E|CS|TAMS 0x00000000c5200000, 0x00000000c5200000| Complete 
|  83|0x00000000c5300000, 0x00000000c5400000, 0x00000000c5400000|100%| E|CS|TAMS 0x00000000c5300000, 0x00000000c5300000| Complete 
|  84|0x00000000c5400000, 0x00000000c5500000, 0x00000000c5500000|100%| E|CS|TAMS 0x00000000c5400000, 0x00000000c5400000| Complete 
|  85|0x00000000c5500000, 0x00000000c5600000, 0x00000000c5600000|100%| E|CS|TAMS 0x00000000c5500000, 0x00000000c5500000| Complete 
|  86|0x00000000c5600000, 0x00000000c5700000, 0x00000000c5700000|100%| E|CS|TAMS 0x00000000c5600000, 0x00000000c5600000| Complete 
| 150|0x00000000c9600000, 0x00000000c96aea20, 0x00000000c9700000| 68%| S|CS|TAMS 0x00000000c9600000, 0x00000000c9600000| Complete 
| 151|0x00000000c9700000, 0x00000000c9800000, 0x00000000c9800000|100%| S|CS|TAMS 0x00000000c9700000, 0x00000000c9700000| Complete 
| 152|0x00000000c9800000, 0x00000000c9900000, 0x00000000c9900000|100%| S|CS|TAMS 0x00000000c9800000, 0x00000000c9800000| Complete 
| 153|0x00000000c9900000, 0x00000000c9a00000, 0x00000000c9a00000|100%| S|CS|TAMS 0x00000000c9900000, 0x00000000c9900000| Complete 
| 154|0x00000000c9a00000, 0x00000000c9b00000, 0x00000000c9b00000|100%| S|CS|TAMS 0x00000000c9a00000, 0x00000000c9a00000| Complete 
| 155|0x00000000c9b00000, 0x00000000c9c00000, 0x00000000c9c00000|100%| S|CS|TAMS 0x00000000c9b00000, 0x00000000c9b00000| Complete 
| 156|0x00000000c9c00000, 0x00000000c9d00000, 0x00000000c9d00000|100%| S|CS|TAMS 0x00000000c9c00000, 0x00000000c9c00000| Complete 
| 157|0x00000000c9d00000, 0x00000000c9e00000, 0x00000000c9e00000|100%| S|CS|TAMS 0x00000000c9d00000, 0x00000000c9d00000| Complete 
| 158|0x00000000c9e00000, 0x00000000c9f00000, 0x00000000c9f00000|100%| S|CS|TAMS 0x00000000c9e00000, 0x00000000c9e00000| Complete 
| 191|0x00000000cbf00000, 0x00000000cc000000, 0x00000000cc000000|100%| E|CS|TAMS 0x00000000cbf00000, 0x00000000cbf00000| Complete 

Card table byte_map: [0x000002175a930000,0x000002175ab30000] _byte_map_base: 0x000002175a330000

Marking Bits (Prev, Next): (CMBitMap*) 0x0000021746298300, (CMBitMap*) 0x00000217462982c0
 Prev Bits: [0x000002175bd30000, 0x000002175cd30000)
 Next Bits: [0x000002175ad30000, 0x000002175bd30000)

Polling page: 0x00000217443e0000

Metaspace:

Usage:
  Non-class:     18.98 MB used.
      Class:      2.24 MB used.
       Both:     21.22 MB used.

Virtual space:
  Non-class space:       64.00 MB reserved,      19.38 MB ( 30%) committed,  1 nodes.
      Class space:        1.00 GB reserved,       2.56 MB ( <1%) committed,  1 nodes.
             Both:        1.06 GB reserved,      21.94 MB (  2%) committed. 

Chunk freelists:
   Non-Class:  496.00 KB
       Class:  1.47 MB
        Both:  1.95 MB

MaxMetaspaceSize: unlimited
CompressedClassSpaceSize: 1.00 GB
Initial GC threshold: 21.00 MB
Current GC threshold: 35.12 MB
CDS: on
MetaspaceReclaimPolicy: balanced
 - commit_granule_bytes: 65536.
 - commit_granule_words: 8192.
 - virtual_space_node_default_size: 8388608.
 - enlarge_chunks_in_place: 1.
 - new_chunks_are_fully_committed: 0.
 - uncommit_free_chunks: 1.
 - use_allocation_guard: 0.


Internal statistics:

num_allocs_failed_limit: 3.
num_arena_births: 470.
num_arena_deaths: 0.
num_vsnodes_births: 2.
num_vsnodes_deaths: 0.
num_space_committed: 351.
num_space_uncommitted: 0.
num_chunks_returned_to_freelist: 3.
num_chunks_taken_from_freelist: 1254.
num_chunk_merges: 0.
num_chunk_splits: 822.
num_chunks_enlarged: 556.
num_inconsistent_stats: 0.

CodeHeap 'non-profiled nmethods': size=120000Kb used=1621Kb max_used=1621Kb free=118378Kb
 bounds [0x0000021753200000, 0x0000021753470000, 0x000002175a730000]
CodeHeap 'profiled nmethods': size=120000Kb used=7361Kb max_used=7361Kb free=112638Kb
 bounds [0x000002174b730000, 0x000002174be70000, 0x0000021752c60000]
CodeHeap 'non-nmethods': size=5760Kb used=1332Kb max_used=1360Kb free=4427Kb
 bounds [0x0000021752c60000, 0x0000021752ed0000, 0x0000021753200000]
 total_blobs=4129 nmethods=3566 adapters=473
 compilation: enabled
              stopped_count=0, restarted_count=0
 full_count=0

Compilation events (20 events):
Event: 23.482 Thread 0x00000217634234c0 3563       3       sun.nio.cs.ext.AbstractCharsetProvider::put (20 bytes)
Event: 23.482 Thread 0x00000217634234c0 nmethod 3563 0x000002174be59a90 code [0x000002174be59c40, 0x000002174be59f18]
Event: 23.484 Thread 0x00000217634234c0 3567       3       java.util.TreeMap::rotateRight (96 bytes)
Event: 23.484 Thread 0x00000217634234c0 nmethod 3567 0x000002174be5a010 code [0x000002174be5a1e0, 0x000002174be5a718]
Event: 23.489 Thread 0x00000217634234c0 3568       3       java.util.Spliterators$ArraySpliterator::<init> (40 bytes)
Event: 23.489 Thread 0x00000217634234c0 nmethod 3568 0x000002174be5a890 code [0x000002174be5aa40, 0x000002174be5ac18]
Event: 23.491 Thread 0x00000217634234c0 3569   !   3       sun.nio.cs.ext.AbstractCharsetProvider::charset (75 bytes)
Event: 23.492 Thread 0x00000217634234c0 nmethod 3569 0x000002174be5ad10 code [0x000002174be5af60, 0x000002174be5b9c8]
Event: 23.493 Thread 0x00000217634234c0 3570       3       java.util.TreeMap::clear (21 bytes)
Event: 23.493 Thread 0x00000217634234c0 nmethod 3570 0x000002174be5be90 code [0x000002174be5c020, 0x000002174be5c158]
Event: 23.495 Thread 0x00000217634234c0 3571   !   3       jdk.internal.loader.BuiltinClassLoader::findMiscResource (122 bytes)
Event: 23.496 Thread 0x00000217634234c0 nmethod 3571 0x000002174be5c210 code [0x000002174be5c4c0, 0x000002174be5d6c8]
Event: 23.499 Thread 0x00000217634234c0 3572       3       java.lang.invoke.MethodHandle::asFixedArity (23 bytes)
Event: 23.499 Thread 0x00000217634234c0 nmethod 3572 0x000002174be5db90 code [0x000002174be5dd20, 0x000002174be5de38]
Event: 23.501 Thread 0x00000217634234c0 3573       3       java.lang.Long::hashCode (8 bytes)
Event: 23.501 Thread 0x00000217634234c0 nmethod 3573 0x000002174be5df10 code [0x000002174be5e0a0, 0x000002174be5e198]
Event: 23.505 Thread 0x00000217634234c0 3575       3       java.util.List::of (4 bytes)
Event: 23.505 Thread 0x00000217634234c0 nmethod 3575 0x000002174be5e210 code [0x000002174be5e3a0, 0x000002174be5e498]
Event: 23.507 Thread 0x00000217634234c0 3576       3       java.lang.ClassLoader::getParent (32 bytes)
Event: 23.507 Thread 0x00000217634234c0 nmethod 3576 0x000002174be5e510 code [0x000002174be5e6c0, 0x000002174be5e918]

GC Heap History (8 events):
Event: 1.702 GC heap before
{Heap before GC invocations=0 (full 0):
 garbage-first heap   total 196608K, used 13312K [0x00000000c0000000, 0x0000000100000000)
  region size 1024K, 13 young (13312K), 0 survivors (0K)
 Metaspace       used 4082K, committed 4224K, reserved 1114112K
  class space    used 391K, committed 448K, reserved 1048576K
}
Event: 2.240 GC heap after
{Heap after GC invocations=1 (full 0):
 garbage-first heap   total 196608K, used 2598K [0x00000000c0000000, 0x0000000100000000)
  region size 1024K, 2 young (2048K), 2 survivors (2048K)
 Metaspace       used 4082K, committed 4224K, reserved 1114112K
  class space    used 391K, committed 448K, reserved 1048576K
}
Event: 7.276 GC heap before
{Heap before GC invocations=1 (full 0):
 garbage-first heap   total 196608K, used 18982K [0x00000000c0000000, 0x0000000100000000)
  region size 1024K, 18 young (18432K), 2 survivors (2048K)
 Metaspace       used 10118K, committed 10496K, reserved 1114112K
  class space    used 1034K, committed 1152K, reserved 1048576K
}
Event: 7.281 GC heap after
{Heap after GC invocations=2 (full 0):
 garbage-first heap   total 196608K, used 4835K [0x00000000c0000000, 0x0000000100000000)
  region size 1024K, 3 young (3072K), 3 survivors (3072K)
 Metaspace       used 10118K, committed 10496K, reserved 1114112K
  class space    used 1034K, committed 1152K, reserved 1048576K
}
Event: 17.399 GC heap before
{Heap before GC invocations=2 (full 0):
 garbage-first heap   total 196608K, used 80611K [0x00000000c0000000, 0x0000000100000000)
  region size 1024K, 66 young (67584K), 3 survivors (3072K)
 Metaspace       used 17588K, committed 18240K, reserved 1114112K
  class space    used 1768K, committed 2048K, reserved 1048576K
}
Event: 17.417 GC heap after
{Heap after GC invocations=3 (full 0):
 garbage-first heap   total 196608K, used 20193K [0x00000000c0000000, 0x0000000100000000)
  region size 1024K, 9 young (9216K), 9 survivors (9216K)
 Metaspace       used 17588K, committed 18240K, reserved 1114112K
  class space    used 1768K, committed 2048K, reserved 1048576K
}
Event: 20.513 GC heap before
{Heap before GC invocations=3 (full 0):
 garbage-first heap   total 196608K, used 60129K [0x00000000c0000000, 0x0000000100000000)
  region size 1024K, 42 young (43008K), 9 survivors (9216K)
 Metaspace       used 20872K, committed 21504K, reserved 1114112K
  class space    used 2180K, committed 2496K, reserved 1048576K
}
Event: 20.526 GC heap after
{Heap after GC invocations=4 (full 0):
 garbage-first heap   total 196608K, used 27892K [0x00000000c0000000, 0x0000000100000000)
  region size 1024K, 9 young (9216K), 9 survivors (9216K)
 Metaspace       used 20872K, committed 21504K, reserved 1114112K
  class space    used 2180K, committed 2496K, reserved 1048576K
}

Dll operation events (9 events):
Event: 0.015 Loaded shared library C:\Users\fmartinez\.pydev_vscode\java19\jdk-19.0.2+7-jre\bin\java.dll
Event: 0.056 Loaded shared library C:\Users\fmartinez\.pydev_vscode\java19\jdk-19.0.2+7-jre\bin\jsvml.dll
Event: 0.342 Loaded shared library C:\Users\fmartinez\.pydev_vscode\java19\jdk-19.0.2+7-jre\bin\net.dll
Event: 0.375 Loaded shared library C:\Users\fmartinez\.pydev_vscode\java19\jdk-19.0.2+7-jre\bin\nio.dll
Event: 0.393 Loaded shared library C:\Users\fmartinez\.pydev_vscode\java19\jdk-19.0.2+7-jre\bin\zip.dll
Event: 0.633 Loaded shared library C:\Users\fmartinez\.pydev_vscode\java19\jdk-19.0.2+7-jre\bin\jimage.dll
Event: 5.685 Loaded shared library C:\Users\fmartinez\.vscode\extensions\fabioz.vscode-pydev-0.16.0\server\plugins\org.eclipse.equinox.launcher.win32.win32.x86_64_1.2.900.v20240213-1244\eclipse_11900.dll
Event: 10.593 Loaded shared library C:\Users\fmartinez\.vscode\extensions\fabioz.vscode-pydev-0.16.0\server\config_win\org.eclipse.osgi\13\0\.cp\os\win32\x86_64\localfile_1_0_0.dll
Event: 11.653 Loaded shared library C:\Users\fmartinez\.vscode\extensions\fabioz.vscode-pydev-0.16.0\server\config_win\org.eclipse.osgi\16\0\.cp\os\win32\x86_64\win32refresh.dll

Deoptimization events (20 events):
Event: 22.937 Thread 0x00000217649173e0 Uncommon trap: trap_request=0xffffff45 fr.pc=0x0000021753348af8 relative=0x0000000000000118
Event: 22.937 Thread 0x00000217649173e0 Uncommon trap: reason=unstable_if action=reinterpret pc=0x0000021753348af8 method=org.eclipse.core.internal.localstore.UnifiedTree.addNodeChildrenToQueue(Lorg/eclipse/core/internal/localstore/UnifiedTreeNode;)V @ 4 c2
Event: 22.937 Thread 0x00000217649173e0 DEOPT PACKING pc=0x0000021753348af8 sp=0x000000784c5fec10
Event: 22.937 Thread 0x00000217649173e0 DEOPT UNPACKING pc=0x0000021752cc6da3 sp=0x000000784c5feba8 mode 2
Event: 22.949 Thread 0x00000217649173e0 Uncommon trap: trap_request=0xffffff45 fr.pc=0x0000021753375c70 relative=0x0000000000000ff0
Event: 22.949 Thread 0x00000217649173e0 Uncommon trap: reason=unstable_if action=reinterpret pc=0x0000021753375c70 method=org.eclipse.core.runtime.Path.computeLength()I @ 92 c2
Event: 22.949 Thread 0x00000217649173e0 DEOPT PACKING pc=0x0000021753375c70 sp=0x000000784c5fe8b0
Event: 22.949 Thread 0x00000217649173e0 DEOPT UNPACKING pc=0x0000021752cc6da3 sp=0x000000784c5fe7f0 mode 2
Event: 22.950 Thread 0x00000217649173e0 Uncommon trap: trap_request=0xffffff45 fr.pc=0x000002175332e050 relative=0x0000000000000470
Event: 22.950 Thread 0x00000217649173e0 Uncommon trap: reason=unstable_if action=reinterpret pc=0x000002175332e050 method=org.eclipse.core.internal.filesystem.local.LocalFile.fetchInfo(ILorg/eclipse/core/runtime/IProgressMonitor;)Lorg/eclipse/core/filesystem/IFileInfo; @ 15 c2
Event: 22.950 Thread 0x00000217649173e0 DEOPT PACKING pc=0x000002175332e050 sp=0x000000784c5febc0
Event: 22.950 Thread 0x00000217649173e0 DEOPT UNPACKING pc=0x0000021752cc6da3 sp=0x000000784c5feb10 mode 2
Event: 23.413 Thread 0x00000217649173e0 Uncommon trap: trap_request=0xffffff45 fr.pc=0x000002175330b8a4 relative=0x0000000000000364
Event: 23.413 Thread 0x00000217649173e0 Uncommon trap: reason=unstable_if action=reinterpret pc=0x000002175330b8a4 method=java.util.Properties.getProperty(Ljava/lang/String;)Ljava/lang/String; @ 36 c2
Event: 23.413 Thread 0x00000217649173e0 DEOPT PACKING pc=0x000002175330b8a4 sp=0x000000784c5fe8b0
Event: 23.413 Thread 0x00000217649173e0 DEOPT UNPACKING pc=0x0000021752cc6da3 sp=0x000000784c5fe858 mode 2
Event: 23.429 Thread 0x00000217649173e0 Uncommon trap: trap_request=0xffffff45 fr.pc=0x00000217533439c0 relative=0x00000000000000a0
Event: 23.429 Thread 0x00000217649173e0 Uncommon trap: reason=unstable_if action=reinterpret pc=0x00000217533439c0 method=java.nio.Buffer.position(I)Ljava/nio/Buffer; @ 37 c2
Event: 23.429 Thread 0x00000217649173e0 DEOPT PACKING pc=0x00000217533439c0 sp=0x000000784c5fd4e0
Event: 23.430 Thread 0x00000217649173e0 DEOPT UNPACKING pc=0x0000021752cc6da3 sp=0x000000784c5fd468 mode 2

Classes loaded (20 events):
Event: 23.433 Loading class com/sun/org/apache/xml/internal/serializer/ToStream$CharacterBuffer
Event: 23.433 Loading class com/sun/org/apache/xml/internal/serializer/ToStream$CharacterBuffer done
Event: 23.433 Loading class com/sun/org/apache/xml/internal/serializer/Encodings
Event: 23.434 Loading class com/sun/org/apache/xml/internal/serializer/Encodings done
Event: 23.434 Loading class com/sun/org/apache/xml/internal/serializer/Encodings$EncodingInfos
Event: 23.434 Loading class com/sun/org/apache/xml/internal/serializer/Encodings$EncodingInfos done
Event: 23.435 Loading class java/nio/charset/Charset$ExtendedProviderHolder
Event: 23.435 Loading class java/nio/charset/Charset$ExtendedProviderHolder done
Event: 23.435 Loading class java/nio/charset/Charset$ExtendedProviderHolder$1
Event: 23.436 Loading class java/nio/charset/Charset$ExtendedProviderHolder$1 done
Event: 23.488 Loading class java/nio/charset/Charset$ThreadTrackHolder
Event: 23.488 Loading class java/nio/charset/Charset$ThreadTrackHolder done
Event: 23.488 Loading class java/nio/charset/Charset$2
Event: 23.488 Loading class java/nio/charset/Charset$2 done
Event: 23.488 Loading class java/nio/charset/Charset$1
Event: 23.489 Loading class java/nio/charset/Charset$1 done
Event: 23.491 Loading class java/nio/charset/UnsupportedCharsetException
Event: 23.492 Loading class java/nio/charset/UnsupportedCharsetException done
Event: 23.503 Loading class sun/nio/cs/ISO_8859_13
Event: 23.504 Loading class sun/nio/cs/ISO_8859_13 done

Classes unloaded (0 events):
No events

Classes redefined (0 events):
No events

Internal exceptions (20 events):
Event: 11.706 Thread 0x0000021763522db0 Exception <a 'java/lang/NoSuchMethodError'{0x00000000cb0f62d0}: 'void java.lang.invoke.DirectMethodHandle$Holder.invokeSpecial(java.lang.Object, java.lang.Object, java.lang.Object, java.lang.Object, java.lang.Object)'> (0x00000000cb0f62d0) 
thrown [s\src\hotspot\share\interpreter\linkResolver.cpp, line 774]
Event: 16.709 Thread 0x0000021763ff2580 Exception <a 'java/io/FileNotFoundException'{0x00000000c90e44f0}> (0x00000000c90e44f0) 
thrown [s\src\hotspot\share\prims\jni.cpp, line 517]
Event: 16.712 Thread 0x0000021763ff2580 Exception <a 'java/lang/NoSuchMethodError'{0x00000000c8f01d10}: 'java.lang.Object java.lang.invoke.DirectMethodHandle$Holder.newInvokeSpecial(java.lang.Object, int, java.lang.Object, java.lang.Object)'> (0x00000000c8f01d10) 
thrown [s\src\hotspot\share\interpreter\linkResolver.cpp, line 774]
Event: 16.714 Thread 0x0000021763ff2580 Exception <a 'java/io/FileNotFoundException'{0x00000000c8f062c0}> (0x00000000c8f062c0) 
thrown [s\src\hotspot\share\prims\jni.cpp, line 517]
Event: 16.716 Thread 0x0000021763ff2580 Exception <a 'java/lang/NoSuchMethodError'{0x00000000c8f0e0e0}: 'void java.lang.invoke.DirectMethodHandle$Holder.invokeStaticInit(java.lang.Object, java.lang.Object, java.lang.Object)'> (0x00000000c8f0e0e0) 
thrown [s\src\hotspot\share\interpreter\linkResolver.cpp, line 774]
Event: 17.833 Thread 0x0000021746254d80 Exception <a 'java/lang/NoSuchMethodError'{0x00000000cafb1478}: 'void java.lang.invoke.DirectMethodHandle$Holder.invokeStatic(java.lang.Object, java.lang.Object, java.lang.Object, java.lang.Object)'> (0x00000000cafb1478) 
thrown [s\src\hotspot\share\interpreter\linkResolver.cpp, line 774]
Event: 18.148 Thread 0x0000021746254d80 Exception <a 'java/lang/NoSuchMethodError'{0x00000000caa67f20}: 'void java.lang.invoke.DirectMethodHandle$Holder.invokeSpecial(java.lang.Object, java.lang.Object, java.lang.Object, java.lang.Object, java.lang.Object, java.lang.Object)'> (0x00000000caa67f20) 
thrown [s\src\hotspot\share\interpreter\linkResolver.cpp, line 774]
Event: 18.180 Thread 0x0000021746254d80 Exception <a 'java/lang/IncompatibleClassChangeError'{0x00000000caad6528}: Found class java.lang.Object, but interface was expected> (0x00000000caad6528) 
thrown [s\src\hotspot\share\interpreter\linkResolver.cpp, line 841]
Event: 18.181 Thread 0x0000021746254d80 Exception <a 'java/lang/IncompatibleClassChangeError'{0x00000000caad82d8}: Found class java.lang.Object, but interface was expected> (0x00000000caad82d8) 
thrown [s\src\hotspot\share\interpreter\linkResolver.cpp, line 841]
Event: 18.474 Thread 0x0000021763ff4010 Exception <a 'java/lang/NoSuchMethodError'{0x00000000ca7af9a0}: 'void java.lang.invoke.DirectMethodHandle$Holder.invokeSpecial(java.lang.Object, java.lang.Object, java.lang.Object, int)'> (0x00000000ca7af9a0) 
thrown [s\src\hotspot\share\interpreter\linkResolver.cpp, line 774]
Event: 18.475 Thread 0x0000021763ff4010 Exception <a 'java/lang/NoSuchMethodError'{0x00000000ca7b3630}: 'void java.lang.invoke.DelegatingMethodHandle$Holder.reinvoke_L(java.lang.Object, java.lang.Object, int)'> (0x00000000ca7b3630) 
thrown [s\src\hotspot\share\interpreter\linkResolver.cpp, line 774]
Event: 18.475 Thread 0x0000021763ff4010 Exception <a 'java/lang/NoSuchMethodError'{0x00000000ca7ba658}: 'int java.lang.invoke.Invokers$Holder.invokeExact_MT(java.lang.Object, java.lang.Object, java.lang.Object)'> (0x00000000ca7ba658) 
thrown [s\src\hotspot\share\interpreter\linkResolver.cpp, line 774]
Event: 18.819 Thread 0x0000021763ff4010 Exception <a 'java/lang/NoSuchMethodError'{0x00000000ca522208}: 'void java.lang.invoke.Invokers$Holder.invokeExact_MT(java.lang.Object, java.lang.Object, int, java.lang.Object)'> (0x00000000ca522208) 
thrown [s\src\hotspot\share\interpreter\linkResolver.cpp, line 774]
Event: 18.894 Thread 0x0000021763ff4010 Exception <a 'java/lang/NoSuchMethodError'{0x00000000ca59f7e8}: 'java.lang.Object java.lang.invoke.DirectMethodHandle$Holder.invokeInterface(java.lang.Object, java.lang.Object, java.lang.Object)'> (0x00000000ca59f7e8) 
thrown [s\src\hotspot\share\interpreter\linkResolver.cpp, line 774]
Event: 20.708 Thread 0x00000217649163f0 Exception <a 'java/lang/NoSuchMethodError'{0x00000000c5668638}: 'java.lang.Object java.lang.invoke.DirectMethodHandle$Holder.invokeStaticInit(java.lang.Object, int, int, int, int)'> (0x00000000c5668638) 
thrown [s\src\hotspot\share\interpreter\linkResolver.cpp, line 774]
Event: 21.692 Thread 0x00000217649163f0 Exception <a 'java/lang/NoSuchMethodError'{0x00000000c516c610}: 'java.lang.Object java.lang.invoke.DirectMethodHandle$Holder.invokeStaticInit(java.lang.Object, java.lang.Object, int, int, int, int)'> (0x00000000c516c610) 
thrown [s\src\hotspot\share\interpreter\linkResolver.cpp, line 774]
Event: 23.226 Thread 0x00000217649173e0 Exception <a 'java/lang/NoSuchMethodError'{0x00000000c4a3c7b8}: 'java.lang.Object java.lang.invoke.DirectMethodHandle$Holder.invokeSpecial(java.lang.Object, java.lang.Object, java.lang.Object, java.lang.Object, int)'> (0x00000000c4a3c7b8) 
thrown [s\src\hotspot\share\interpreter\linkResolver.cpp, line 774]
Event: 23.226 Thread 0x00000217649173e0 Exception <a 'java/lang/NoSuchMethodError'{0x00000000c4a3fed0}: 'java.lang.Object java.lang.invoke.Invokers$Holder.linkToTargetMethod(java.lang.Object, java.lang.Object, int, java.lang.Object)'> (0x00000000c4a3fed0) 
thrown [s\src\hotspot\share\interpreter\linkResolver.cpp, line 774]
Event: 23.228 Thread 0x0000021763ff4010 Exception <a 'java/lang/IncompatibleClassChangeError'{0x00000000c4b3b5f0}: Found class java.lang.Object, but interface was expected> (0x00000000c4b3b5f0) 
thrown [s\src\hotspot\share\interpreter\linkResolver.cpp, line 841]
Event: 23.426 Thread 0x00000217649173e0 Exception <a 'java/lang/ClassNotFoundException'{0x00000000c49d9460}: com/sun/org/apache/xml/internal/serializer/spi/XMLEntitiesProvider> (0x00000000c49d9460) 
thrown [s\src\hotspot\share\classfile\systemDictionary.cpp, line 255]

VM Operations (20 events):
Event: 15.277 Executing VM operation: HandshakeAllThreads
Event: 15.410 Executing VM operation: HandshakeAllThreads done
Event: 16.410 Executing VM operation: Cleanup
Event: 16.411 Executing VM operation: Cleanup done
Event: 17.399 Executing VM operation: G1CollectForAllocation
Event: 17.419 Executing VM operation: G1CollectForAllocation done
Event: 17.865 Executing VM operation: HandshakeAllThreads
Event: 17.865 Executing VM operation: HandshakeAllThreads done
Event: 18.866 Executing VM operation: Cleanup
Event: 18.889 Executing VM operation: Cleanup done
Event: 19.889 Executing VM operation: Cleanup
Event: 19.889 Executing VM operation: Cleanup done
Event: 20.512 Executing VM operation: CollectForMetadataAllocation
Event: 20.526 Executing VM operation: CollectForMetadataAllocation done
Event: 20.556 Executing VM operation: G1PauseRemark
Event: 20.564 Executing VM operation: G1PauseRemark done
Event: 20.575 Executing VM operation: G1PauseCleanup
Event: 20.576 Executing VM operation: G1PauseCleanup done
Event: 22.577 Executing VM operation: Cleanup
Event: 22.577 Executing VM operation: Cleanup done

Events (20 events):
Event: 10.161 Thread 0x0000021763d4faa0 Thread added: 0x0000021763d4faa0
Event: 10.517 Thread 0x0000021763d4faa0 Thread exited: 0x0000021763d4faa0
Event: 11.541 Thread 0x0000021763ff1590 Thread added: 0x0000021763ff1590
Event: 11.670 Thread 0x0000021763ff1ae0 Thread added: 0x0000021763ff1ae0
Event: 13.883 Thread 0x00000217638ce560 Thread added: 0x00000217638ce560
Event: 14.117 Thread 0x00000217638ce560 Thread exited: 0x00000217638ce560
Event: 14.690 Thread 0x0000021763ff1040 Thread added: 0x0000021763ff1040
Event: 14.774 Thread 0x0000021763ff4560 Thread added: 0x0000021763ff4560
Event: 15.003 Thread 0x0000021763ff2030 Thread added: 0x0000021763ff2030
Event: 15.270 Thread 0x0000021763ff2580 Thread added: 0x0000021763ff2580
Event: 15.409 Thread 0x0000021763ff2ad0 Thread added: 0x0000021763ff2ad0
Event: 15.930 Thread 0x0000021763ff3020 Thread added: 0x0000021763ff3020
Event: 16.793 Thread 0x0000021763566bb0 Thread exited: 0x0000021763566bb0
Event: 17.330 Thread 0x0000021763f5b1c0 Thread added: 0x0000021763f5b1c0
Event: 17.700 Thread 0x0000021763ff3ac0 Thread added: 0x0000021763ff3ac0
Event: 18.238 Thread 0x0000021763ff4010 Thread added: 0x0000021763ff4010
Event: 18.752 Thread 0x0000021763f5b1c0 Thread exited: 0x0000021763f5b1c0
Event: 19.250 Thread 0x00000217649173e0 Thread added: 0x00000217649173e0
Event: 19.258 Thread 0x00000217649163f0 Thread added: 0x00000217649163f0
Event: 21.727 Thread 0x00000217649163f0 Thread exited: 0x00000217649163f0


Dynamic libraries:
0x00007ff63fc30000 - 0x00007ff63fc3e000 	C:\Users\fmartinez\.pydev_vscode\java19\jdk-19.0.2+7-jre\bin\java.exe
0x00007ff915730000 - 0x00007ff915928000 	C:\Windows\SYSTEM32\ntdll.dll
0x00007ff913ec0000 - 0x00007ff913f82000 	C:\Windows\System32\KERNEL32.DLL
0x00007ff913160000 - 0x00007ff913456000 	C:\Windows\System32\KERNELBASE.dll
0x00007ff912dc0000 - 0x00007ff912ec0000 	C:\Windows\System32\ucrtbase.dll
0x00007ff903c30000 - 0x00007ff903c47000 	C:\Users\fmartinez\.pydev_vscode\java19\jdk-19.0.2+7-jre\bin\jli.dll
0x00007ff914b60000 - 0x00007ff914d01000 	C:\Windows\System32\USER32.dll
0x00007ff912ec0000 - 0x00007ff912ee2000 	C:\Windows\System32\win32u.dll
0x00007ff913750000 - 0x00007ff91377b000 	C:\Windows\System32\GDI32.dll
0x00007ff912fa0000 - 0x00007ff9130b9000 	C:\Windows\System32\gdi32full.dll
0x00007ff9130c0000 - 0x00007ff91315d000 	C:\Windows\System32\msvcp_win.dll
0x00007ff903c10000 - 0x00007ff903c29000 	C:\Users\fmartinez\.pydev_vscode\java19\jdk-19.0.2+7-jre\bin\VCRUNTIME140.dll
0x00007ff8f02f0000 - 0x00007ff8f058b000 	C:\Windows\WinSxS\amd64_microsoft.windows.common-controls_6595b64144ccf1df_6.0.19041.6456_none_60b8a6cb71f64256\COMCTL32.dll
0x00007ff9149f0000 - 0x00007ff914a8e000 	C:\Windows\System32\msvcrt.dll
0x00007ff914a90000 - 0x00007ff914abf000 	C:\Windows\System32\IMM32.DLL
0x00007ff903a50000 - 0x00007ff903a5c000 	C:\Users\fmartinez\.pydev_vscode\java19\jdk-19.0.2+7-jre\bin\vcruntime140_1.dll
0x00007ff8f3b30000 - 0x00007ff8f3bc1000 	C:\Users\fmartinez\.pydev_vscode\java19\jdk-19.0.2+7-jre\bin\msvcp140.dll
0x00007ff817300000 - 0x00007ff817ff1000 	C:\Users\fmartinez\.pydev_vscode\java19\jdk-19.0.2+7-jre\bin\server\jvm.dll
0x00007ff9143f0000 - 0x00007ff9144a1000 	C:\Windows\System32\ADVAPI32.dll
0x00007ff914ac0000 - 0x00007ff914b5f000 	C:\Windows\System32\sechost.dll
0x00007ff913da0000 - 0x00007ff913ec0000 	C:\Windows\System32\RPCRT4.dll
0x00007ff912ef0000 - 0x00007ff912f17000 	C:\Windows\System32\bcrypt.dll
0x00007ff88aea0000 - 0x00007ff88aea9000 	C:\Windows\SYSTEM32\WSOCK32.dll
0x00007ff914890000 - 0x00007ff9148fb000 	C:\Windows\System32\WS2_32.dll
0x00007ff9007d0000 - 0x00007ff9007f7000 	C:\Windows\SYSTEM32\WINMM.dll
0x00007ff90b890000 - 0x00007ff90b89a000 	C:\Windows\SYSTEM32\VERSION.dll
0x00007ff910a30000 - 0x00007ff910a42000 	C:\Windows\SYSTEM32\kernel.appcore.dll
0x00007ff902c70000 - 0x00007ff902c7a000 	C:\Users\fmartinez\.pydev_vscode\java19\jdk-19.0.2+7-jre\bin\jimage.dll
0x00007ff901960000 - 0x00007ff901b61000 	C:\Windows\SYSTEM32\DBGHELP.DLL
0x00007ff9017c0000 - 0x00007ff9017f4000 	C:\Windows\SYSTEM32\dbgcore.DLL
0x00007ff9136c0000 - 0x00007ff913742000 	C:\Windows\System32\bcryptPrimitives.dll
0x00007ff8f4760000 - 0x00007ff8f4786000 	C:\Users\fmartinez\.pydev_vscode\java19\jdk-19.0.2+7-jre\bin\java.dll
0x00007ff8f3a50000 - 0x00007ff8f3b26000 	C:\Users\fmartinez\.pydev_vscode\java19\jdk-19.0.2+7-jre\bin\jsvml.dll
0x00007ff914dd0000 - 0x00007ff915540000 	C:\Windows\System32\SHELL32.dll
0x00007ff910c30000 - 0x00007ff9113d5000 	C:\Windows\SYSTEM32\windows.storage.dll
0x00007ff9144b0000 - 0x00007ff914804000 	C:\Windows\System32\combase.dll
0x00007ff912630000 - 0x00007ff91265b000 	C:\Windows\SYSTEM32\Wldp.dll
0x00007ff914910000 - 0x00007ff9149dd000 	C:\Windows\System32\OLEAUT32.dll
0x00007ff9142e0000 - 0x00007ff91438d000 	C:\Windows\System32\SHCORE.dll
0x00007ff914d70000 - 0x00007ff914dcb000 	C:\Windows\System32\shlwapi.dll
0x00007ff912cf0000 - 0x00007ff912d14000 	C:\Windows\SYSTEM32\profapi.dll
0x00007ff902810000 - 0x00007ff902823000 	C:\Users\fmartinez\.pydev_vscode\java19\jdk-19.0.2+7-jre\bin\net.dll
0x00007ff90cb90000 - 0x00007ff90cc9a000 	C:\Windows\SYSTEM32\WINHTTP.dll
0x00007ff912410000 - 0x00007ff91247a000 	C:\Windows\system32\mswsock.dll
0x00007ff8f4470000 - 0x00007ff8f4486000 	C:\Users\fmartinez\.pydev_vscode\java19\jdk-19.0.2+7-jre\bin\nio.dll
0x00007ff8f4170000 - 0x00007ff8f4188000 	C:\Users\fmartinez\.pydev_vscode\java19\jdk-19.0.2+7-jre\bin\zip.dll
0x00007ff8f39e0000 - 0x00007ff8f3a1e000 	C:\Users\fmartinez\.vscode\extensions\fabioz.vscode-pydev-0.16.0\server\plugins\org.eclipse.equinox.launcher.win32.win32.x86_64_1.2.900.v20240213-1244\eclipse_11900.dll
0x00007ff9141b0000 - 0x00007ff9142db000 	C:\Windows\System32\ole32.dll
0x0000000180000000 - 0x0000000180012000 	C:\Users\fmartinez\.vscode\extensions\fabioz.vscode-pydev-0.16.0\server\config_win\org.eclipse.osgi\13\0\.cp\os\win32\x86_64\localfile_1_0_0.dll
0x00007ff8f4150000 - 0x00007ff8f416b000 	C:\Users\fmartinez\.vscode\extensions\fabioz.vscode-pydev-0.16.0\server\config_win\org.eclipse.osgi\16\0\.cp\os\win32\x86_64\win32refresh.dll
0x00007ff9125a0000 - 0x00007ff9125ac000 	C:\Windows\SYSTEM32\CRYPTBASE.DLL
0x00007ff912670000 - 0x00007ff912688000 	C:\Windows\SYSTEM32\CRYPTSP.dll
0x00007ff911d50000 - 0x00007ff911d88000 	C:\Windows\system32\rsaenh.dll
0x00007ff912cb0000 - 0x00007ff912cde000 	C:\Windows\SYSTEM32\USERENV.dll
0x00007ff912110000 - 0x00007ff91214b000 	C:\Windows\SYSTEM32\IPHLPAPI.DLL
0x00007ff9149e0000 - 0x00007ff9149e8000 	C:\Windows\System32\NSI.dll
0x00007ff90df90000 - 0x00007ff90dfa7000 	C:\Windows\SYSTEM32\dhcpcsvc6.DLL
0x00007ff90df70000 - 0x00007ff90df8d000 	C:\Windows\SYSTEM32\dhcpcsvc.DLL
0x00007ff912150000 - 0x00007ff91221a000 	C:\Windows\SYSTEM32\DNSAPI.dll

dbghelp: loaded successfully - version: 4.0.5 - missing functions: none
symbol engine: initialized successfully - sym options: 0x614 - pdb path: .;C:\Users\fmartinez\.pydev_vscode\java19\jdk-19.0.2+7-jre\bin;C:\Windows\SYSTEM32;C:\Windows\WinSxS\amd64_microsoft.windows.common-controls_6595b64144ccf1df_6.0.19041.6456_none_60b8a6cb71f64256;C:\Users\fmartinez\.pydev_vscode\java19\jdk-19.0.2+7-jre\bin\server;C:\Users\fmartinez\.vscode\extensions\fabioz.vscode-pydev-0.16.0\server\plugins\org.eclipse.equinox.launcher.win32.win32.x86_64_1.2.900.v20240213-1244;C:\Users\fmartinez\.vscode\extensions\fabioz.vscode-pydev-0.16.0\server\config_win\org.eclipse.osgi\13\0\.cp\os\win32\x86_64;C:\Users\fmartinez\.vscode\extensions\fabioz.vscode-pydev-0.16.0\server\config_win\org.eclipse.osgi\16\0\.cp\os\win32\x86_64

VM Arguments:
jvm_args: --add-modules=ALL-SYSTEM --add-opens=java.base/java.util=ALL-UNNAMED --add-opens=java.base/java.lang=ALL-UNNAMED -Declipse.application=org.python.pydev.pydev_lsp.application -Dosgi.bundles.defaultStartLevel=4 -Declipse.product=org.python.pydev.pydev_lsp.product -Xmx1G -XX:+UseG1GC -XX:+UseStringDeduplication 
java_command: c:\Users\fmartinez\.vscode\extensions\fabioz.vscode-pydev-0.16.0\server\plugins\org.eclipse.equinox.launcher_1.6.700.v20240213-1244.jar -configuration c:\Users\fmartinez\.vscode\extensions\fabioz.vscode-pydev-0.16.0\server\config_win -data c:\Users\fmartinez\AppData\Roaming\Code\User\workspaceStorage\d4b3a13a431c3c402db0a096575beffa\fabioz.vscode-pydev\pydev_ws
java_class_path (initial): c:\Users\fmartinez\.vscode\extensions\fabioz.vscode-pydev-0.16.0\server\plugins\org.eclipse.equinox.launcher_1.6.700.v20240213-1244.jar
Launcher Type: SUN_STANDARD

[Global flags]
     intx CICompilerCount                          = 3                                         {product} {ergonomic}
     uint ConcGCThreads                            = 1                                         {product} {ergonomic}
     uint G1ConcRefinementThreads                  = 4                                         {product} {ergonomic}
   size_t G1HeapRegionSize                         = 1048576                                   {product} {ergonomic}
    uintx GCDrainStackTargetSize                   = 64                                        {product} {ergonomic}
   size_t InitialHeapSize                          = 201326592                                 {product} {ergonomic}
   size_t MarkStackSize                            = 4194304                                   {product} {ergonomic}
   size_t MaxHeapSize                              = 1073741824                                {product} {command line}
   size_t MaxNewSize                               = 643825664                                 {product} {ergonomic}
   size_t MinHeapDeltaBytes                        = 1048576                                   {product} {ergonomic}
   size_t MinHeapSize                              = 8388608                                   {product} {ergonomic}
    uintx NonNMethodCodeHeapSize                   = 5832780                                {pd product} {ergonomic}
    uintx NonProfiledCodeHeapSize                  = 122912730                              {pd product} {ergonomic}
    uintx ProfiledCodeHeapSize                     = 122912730                              {pd product} {ergonomic}
    uintx ReservedCodeCacheSize                    = 251658240                              {pd product} {ergonomic}
     bool SegmentedCodeCache                       = true                                      {product} {ergonomic}
   size_t SoftMaxHeapSize                          = 1073741824                             {manageable} {ergonomic}
     bool UseCompressedClassPointers               = true                           {product lp64_product} {ergonomic}
     bool UseCompressedOops                        = true                           {product lp64_product} {ergonomic}
     bool UseG1GC                                  = true                                      {product} {command line}
     bool UseLargePagesIndividualAllocation        = false                                  {pd product} {ergonomic}
     bool UseStringDeduplication                   = true                                      {product} {command line}

Logging:
Log output configuration:
 #0: stdout all=warning uptime,level,tags foldmultilines=false
 #1: stderr all=off uptime,level,tags foldmultilines=false

Environment Variables:
PATH=C:\ProgramData\Oracle\Java\javapath;C:\Windows\system32;C:\Windows;C:\Windows\System32\Wbem;C:\Windows\System32\WindowsPowerShell\v1.0\;C:\Windows\System32\OpenSSH\;;C:\Program Files\nodejs;C:\Program Files\nodejs\;;C:\Program Files\nodejs;;C:\Program Files\nodejs;C:\Program Files\Docker\Docker\resources\bin;C:\Users\fmartinez\AppData\Local\Programs\Python\Python310\Scripts\;C:\Users\fmartinez\AppData\Local\Programs\Python\Python310\;C:\Users\fmartinez\AppData\Local\Microsoft\WindowsApps;C:\Users\fmartinez\AppData\Local\Programs\Git\cmd;%NVM_HOME%;C:\Program Files\nodejs;C:\Users\fmartinez\AppData\Roaming\nvm;C:\Users\fmartinez\AppData\Local\npm-cache;C:\Users\fmartinez\AppData\Roaming\npm;C:\Users\fmartinez\AppData\Local\Programs\Microsoft VS Code\bin
USERNAME=fmartinez
OS=Windows_NT
PROCESSOR_IDENTIFIER=Intel64 Family 6 Model 58 Stepping 9, GenuineIntel
TMP=C:\Users\FMARTI~1\AppData\Local\Temp
TEMP=C:\Users\FMARTI~1\AppData\Local\Temp



---------------  S Y S T E M  ---------------

OS:
 Windows 10 , 64 bit Build 19041 (10.0.19041.5915)
OS uptime: 17 days 15:33 hours
Hyper-V role detected

CPU: total 4 (initial active 4) (4 cores per cpu, 1 threads per core) family 6 model 58 stepping 9 microcode 0x21, cx8, cmov, fxsr, mmx, sse, sse2, sse3, ssse3, sse4.1, sse4.2, popcnt, tsc, tscinvbit, avx, aes, erms, clmul, vzeroupper, clflush, hv, rdtscp

Memory: 4k page, system-wide physical 12206M (255M free)
TotalPageFile size 49070M (AvailPageFile size 14M)
current process WorkingSet (physical memory assigned to process): 140M, peak: 182M
current process commit charge ("private bytes"): 221M, peak: 316M

vm_info: OpenJDK 64-Bit Server VM (19.0.2+7) for windows-amd64 JRE (19.0.2+7), built on 2023-01-17T00:00:00Z by "temurin" with MS VC++ 16.7 (VS2019)

END.
