2026-02-13 16:19:45 [INFO] === INICIANDO PROCESO DE ACTUALIZACIÓN DE TASAS BCV ===
2026-02-13 16:19:45 [INFO] Estado de correo limpiado. Registros de los últimos 15 días mantenidos.
2026-02-13 16:19:46 [INFO] Conexión a SQL Server 2019 (MilPagos) exitosa.
2026-02-13 16:19:46 [INFO] Intentando descargar 2_1_2a26_smc.xls desde https://www.bcv.org.ve/sites/default/files/EstadisticasGeneral/2_1_2a26_smc.xls...
2026-02-13 16:19:47 [INFO] Archivo descargado: logs\2_1_2a26_smc.xls
2026-02-13 16:19:47 [INFO] Iniciando extracción del archivo...
2026-02-13 16:19:47 [INFO] Datos BCV encontrados: Compra=392.2385, Venta=393.2216, Fecha=2026-02-13
2026-02-13 16:19:47 [INFO] Datos oficiales obtenidos exitosamente para la fecha: 2026-02-13
2026-02-13 16:19:47 [INFO] [DB] Intento 1/3: Ejecutando SP sp_carga_tasa para tarde - fecha=2026-02-13
2026-02-13 16:19:47 [INFO] Conexión a SQL Server 2000 (rep_post_dia) exitosa.
2026-02-13 16:19:47 [INFO] [DB] SP returned rc=0 (success) for fecha=2026-02-13; no verification SELECT required.
2026-02-13 16:19:47 [INFO] Conectando a SMTP en puerto 587...
2026-02-13 16:19:52 [INFO] Correo enviado exitosamente - PROCESO FINALIZADO BCV: Tasas 13/02/2026 | C:392.2385 V:393.2216
2026-02-13 16:19:52 [INFO] === FIN DEL PROCESO ===
2026-02-13 16:20:20 [INFO] === INICIANDO PROCESO DE ACTUALIZACIÓN DE TASAS BCV ===
2026-02-13 16:20:20 [INFO] Estado de correo limpiado. Registros de los últimos 15 días mantenidos.
2026-02-13 16:20:20 [INFO] Conexión a SQL Server 2019 (MilPagos) exitosa.
2026-02-13 16:20:20 [INFO] Intentando descargar 2_1_2a26_smc.xls desde https://www.bcv.org.ve/sites/default/files/EstadisticasGeneral/2_1_2a26_smc.xls...
2026-02-13 16:20:22 [INFO] Archivo descargado: logs\2_1_2a26_smc.xls
2026-02-13 16:20:22 [INFO] Iniciando extracción del archivo...
2026-02-13 16:20:22 [INFO] Datos BCV encontrados: Compra=392.2385, Venta=393.2216, Fecha=2026-02-13
2026-02-13 16:20:22 [INFO] Datos oficiales obtenidos exitosamente para la fecha: 2026-02-13
2026-02-13 16:20:22 [INFO] [DB] Intento 1/3: Ejecutando SP sp_carga_tasa para manana - fecha=2026-02-13
2026-02-13 16:20:22 [INFO] Conexión a SQL Server 2000 (rep_post_dia) exitosa.
2026-02-13 16:20:22 [INFO] [DB] SP returned rc=0 (success) for fecha=2026-02-13; no verification SELECT required.
2026-02-13 16:20:22 [INFO] Conectando a SMTP en puerto 587...
2026-02-13 16:20:25 [INFO] Correo enviado exitosamente - ACTUALIZACIÓN 1/2 BCV: Tasa de COMPRA USD - 13/02/2026 (392.2385)
2026-02-13 16:20:25 [INFO] === FIN DEL PROCESO ===
2026-02-13 16:55:13 [INFO] === INICIANDO PROCESO DE ACTUALIZACIÓN DE TASAS BCV ===
2026-02-13 16:55:13 [INFO] Estado de correo limpiado. Registros de los últimos 15 días mantenidos.
2026-02-13 16:55:13 [INFO] Conexión a SQL Server 2019 (MilPagos) exitosa.
2026-02-13 16:55:13 [INFO] Intentando descargar 2_1_2a26_smc.xls desde https://www.bcv.org.ve/sites/default/files/EstadisticasGeneral/2_1_2a26_smc.xls...
2026-02-13 16:55:14 [INFO] Archivo descargado: logs\2_1_2a26_smc.xls
2026-02-13 16:55:14 [INFO] Iniciando extracción del archivo...
2026-02-13 16:55:14 [INFO] Datos BCV encontrados: Compra=395.3764, Venta=396.3674, Fecha=2026-02-13
2026-02-13 16:55:14 [INFO] Datos oficiales obtenidos exitosamente para la fecha: 2026-02-13
2026-02-13 16:55:14 [INFO] Tasa de COMPRA para 2026-02-13 ya fue procesada anteriormente. Omitiendo.
2026-02-13 16:55:14 [INFO] === FIN DEL PROCESO ===
2026-02-13 16:55:56 [INFO] === INICIANDO PROCESO DE ACTUALIZACIÓN DE TASAS BCV ===
2026-02-13 16:55:56 [INFO] Estado de correo limpiado. Registros de los últimos 15 días mantenidos.
2026-02-13 16:55:56 [INFO] Conexión a SQL Server 2019 (MilPagos) exitosa.
2026-02-13 16:55:56 [INFO] Intentando descargar 2_1_2a26_smc.xls desde https://www.bcv.org.ve/sites/default/files/EstadisticasGeneral/2_1_2a26_smc.xls...
2026-02-13 16:55:57 [INFO] Archivo descargado: logs\2_1_2a26_smc.xls
2026-02-13 16:55:57 [INFO] Iniciando extracción del archivo...
2026-02-13 16:55:57 [INFO] Datos BCV encontrados: Compra=395.3764, Venta=396.3674, Fecha=2026-02-13
2026-02-13 16:55:57 [INFO] Datos oficiales obtenidos exitosamente para la fecha: 2026-02-13
2026-02-13 16:55:57 [INFO] [DB] Intento 1/3: Ejecutando SP sp_carga_tasa para manana - fecha=2026-02-13
2026-02-13 16:55:57 [INFO] Conexión a SQL Server 2000 (rep_post_dia) exitosa.
2026-02-13 16:55:57 [INFO] [DB] SP returned rc=0 (success) for fecha=2026-02-13; no verification SELECT required.
2026-02-13 16:55:57 [INFO] Conectando a SMTP en puerto 587...
2026-02-13 16:56:00 [INFO] Correo enviado exitosamente - ACTUALIZACIÓN 1/2 BCV: Tasa de COMPRA USD - 13/02/2026 (395.3764)
2026-02-13 16:56:00 [INFO] === FIN DEL PROCESO ===
2026-02-13 17:06:29 [INFO] === INICIANDO PROCESO DE ACTUALIZACIÓN DE TASAS BCV ===
2026-02-13 17:06:29 [INFO] Estado de correo limpiado. Registros de los últimos 15 días mantenidos.
2026-02-13 17:06:30 [INFO] Conexión a SQL Server 2019 (MilPagos) exitosa.
2026-02-13 17:06:30 [INFO] Intentando descargar 2_1_2a26_smc.xls desde https://www.bcv.org.ve/sites/default/files/EstadisticasGeneral/2_1_2a26_smc.xls...
2026-02-13 17:06:31 [INFO] Archivo descargado: logs\2_1_2a26_smc.xls
2026-02-13 17:06:31 [INFO] Iniciando extracción del archivo...
2026-02-13 17:06:31 [INFO] Datos BCV encontrados: Compra=395.3764, Venta=396.3674, Fecha=2026-02-13
2026-02-13 17:06:31 [INFO] Datos oficiales obtenidos exitosamente para la fecha: 2026-02-13
2026-02-13 17:06:31 [INFO] [DB] Intento 1/3: Ejecutando SP sp_carga_tasa para tarde - fecha=2026-02-13
2026-02-13 17:06:31 [INFO] Conexión a SQL Server 2000 (rep_post_dia) exitosa.
2026-02-13 17:06:31 [INFO] [DB] SP returned rc=0 (success) for fecha=2026-02-13; no verification SELECT required.
2026-02-13 17:06:31 [INFO] Conectando a SMTP en puerto 587...
2026-02-13 17:06:35 [INFO] Correo enviado exitosamente - PROCESO FINALIZADO BCV: Tasas 13/02/2026 | C:395.3764 V:396.3674
2026-02-13 17:06:35 [INFO] === FIN DEL PROCESO ===
