2026-04-08 08:22:47 [INFO] === INICIANDO PROCESO DE ACTUALIZACIÓN DE TASAS BCV ===
2026-04-08 08:22:47 [INFO] Estado de correo limpiado. Registros de los últimos 15 días mantenidos.
2026-04-08 08:22:47 [INFO] Conexión a SQL Server 2019 (MilPagos) exitosa.
2026-04-08 08:22:47 [INFO] Intentando descargar 2_1_2b26_smc.xls desde https://www.bcv.org.ve/sites/default/files/EstadisticasGeneral/2_1_2b26_smc.xls...
2026-04-08 08:22:48 [INFO] Archivo descargado: logs\2_1_2b26_smc.xls
2026-04-08 08:22:48 [INFO] Iniciando extracción del archivo...
2026-04-08 08:22:48 [INFO] Datos BCV encontrados: Compra=473.8207, Venta=475.0083, Fecha=2026-04-08
2026-04-08 08:22:48 [INFO] Datos oficiales obtenidos exitosamente para la fecha: 2026-04-08
2026-04-08 08:22:48 [INFO] [DB] Intento 1/3: Ejecutando SP sp_carga_tasa para manana - fecha=2026-04-08
2026-04-08 08:22:48 [INFO] Conexión a SQL Server 2000 (rep_post_dia) exitosa.
2026-04-08 08:22:49 [INFO] [DB] SP returned rc=0 (success) for fecha=2026-04-08; no verification SELECT required.
2026-04-08 08:22:49 [INFO] Conectando a SMTP en puerto 587...
2026-04-08 08:23:00 [INFO] Correo enviado exitosamente - ACTUALIZACIÓN 1/2 BCV: Tasa de COMPRA USD - 08/04/2026 (473.8207)
2026-04-08 08:23:00 [INFO] Backfill no ejecutado: hora actual 08:23:00.332532, permitido a partir de las 21:00
2026-04-08 08:23:00 [INFO] === FIN DEL PROCESO ===
2026-04-08 08:25:00 [INFO] === INICIANDO PROCESO DE ACTUALIZACIÓN DE TASAS BCV ===
2026-04-08 08:25:00 [INFO] Estado de correo limpiado. Registros de los últimos 15 días mantenidos.
2026-04-08 08:25:00 [INFO] Conexión a SQL Server 2019 (MilPagos) exitosa.
2026-04-08 08:25:00 [INFO] Intentando descargar 2_1_2b26_smc.xls desde https://www.bcv.org.ve/sites/default/files/EstadisticasGeneral/2_1_2b26_smc.xls...
2026-04-08 08:25:00 [INFO] Archivo descargado: logs\2_1_2b26_smc.xls
2026-04-08 08:25:00 [INFO] Iniciando extracción del archivo...
2026-04-08 08:25:00 [INFO] Datos BCV encontrados: Compra=473.8207, Venta=475.0083, Fecha=2026-04-08
2026-04-08 08:25:00 [INFO] Datos oficiales obtenidos exitosamente para la fecha: 2026-04-08
2026-04-08 08:25:00 [INFO] [DB] Intento 1/3: Ejecutando SP sp_carga_tasa para tarde - fecha=2026-04-08
2026-04-08 08:25:00 [INFO] Conexión a SQL Server 2000 (rep_post_dia) exitosa.
2026-04-08 08:25:00 [INFO] [DB] SP returned rc=0 (success) for fecha=2026-04-08; no verification SELECT required.
2026-04-08 08:25:00 [INFO] Conectando a SMTP en puerto 587...
2026-04-08 08:25:03 [INFO] Correo enviado exitosamente - PROCESO FINALIZADO BCV: Tasas 08/04/2026 | C:473.8207 V:475.0083
2026-04-08 08:25:03 [INFO] Backfill no ejecutado: hora actual 08:25:03.582031, permitido a partir de las 21:00
2026-04-08 08:25:03 [INFO] === FIN DEL PROCESO ===
2026-04-08 08:26:05 [INFO] === INICIANDO PROCESO DE ACTUALIZACIÓN DE TASAS BCV ===
2026-04-08 08:26:05 [INFO] Estado de correo limpiado. Registros de los últimos 15 días mantenidos.
2026-04-08 08:26:05 [INFO] Conexión a SQL Server 2019 (MilPagos) exitosa.
2026-04-08 08:26:05 [INFO] Intentando descargar 2_1_2b26_smc.xls desde https://www.bcv.org.ve/sites/default/files/EstadisticasGeneral/2_1_2b26_smc.xls...
2026-04-08 08:26:06 [INFO] Archivo descargado: logs\2_1_2b26_smc.xls
2026-04-08 08:26:06 [INFO] Iniciando extracción del archivo...
2026-04-08 08:26:06 [INFO] Datos BCV encontrados: Compra=473.8207, Venta=475.0083, Fecha=2026-04-08
2026-04-08 08:26:06 [INFO] Datos oficiales obtenidos exitosamente para la fecha: 2026-04-08
2026-04-08 08:26:06 [INFO] Tasa de VENTA para 2026-04-08 ya fue procesada anteriormente. Omitiendo.
2026-04-08 08:26:06 [INFO] Backfill no ejecutado: hora actual 08:26:06.294059, permitido a partir de las 21:00
2026-04-08 08:26:06 [INFO] === FIN DEL PROCESO ===
2026-04-08 08:50:51 [INFO] === INICIANDO PROCESO DE ACTUALIZACIÓN DE TASAS BCV ===
2026-04-08 08:50:51 [INFO] Estado de correo limpiado. Registros de los últimos 15 días mantenidos.
2026-04-08 08:50:51 [INFO] Conexión a SQL Server 2019 (MilPagos) exitosa.
2026-04-08 08:50:51 [INFO] Intentando descargar 2_1_2b26_smc.xls desde https://www.bcv.org.ve/sites/default/files/EstadisticasGeneral/2_1_2b26_smc.xls...
2026-04-08 08:50:51 [INFO] Archivo descargado: logs\2_1_2b26_smc.xls
2026-04-08 08:50:51 [INFO] Iniciando extracción del archivo...
2026-04-08 08:50:51 [INFO] Datos BCV encontrados: Compra=473.8207, Venta=475.0083, Fecha=2026-04-08
2026-04-08 08:50:51 [INFO] Datos oficiales obtenidos exitosamente para la fecha: 2026-04-08
2026-04-08 08:50:51 [INFO] [DB] Intento 1/3: Ejecutando SP sp_carga_tasa para manana - fecha=2026-04-08
2026-04-08 08:50:52 [INFO] Conexión a SQL Server 2000 (rep_post_dia) exitosa.
2026-04-08 08:50:52 [INFO] [DB] SP returned rc=0 (success) for fecha=2026-04-08; no verification SELECT required.
2026-04-08 08:50:52 [INFO] Conectando a SMTP en puerto 587...
2026-04-08 08:50:54 [INFO] Correo enviado exitosamente - ACTUALIZACIÓN 1/2 BCV: Tasa de COMPRA USD - 08/04/2026 (473.8207)
2026-04-08 08:50:54 [INFO] Backfill no ejecutado: hora actual 08:50:54.342995, permitido a partir de las 21:00
2026-04-08 08:50:54 [INFO] === FIN DEL PROCESO ===
