2026-01-08 08:35:40 [INFO] === INICIANDO PROCESO DE ACTUALIZACIÓN DE TASAS BCV ===
2026-01-08 08:35:40 [INFO] Estado de correo limpiado. Registros de los últimos 15 días mantenidos.
2026-01-08 08:35:40 [INFO] Conexión a SQL Server 2019 (MilPagos) exitosa.
2026-01-08 08:35:40 [INFO] Intentando descargar 2_1_2a26_smc.xls desde https://www.bcv.org.ve/sites/default/files/EstadisticasGeneral/2_1_2a26_smc.xls...
2026-01-08 08:35:41 [INFO] Archivo descargado: logs\2_1_2a26_smc.xls
2026-01-08 08:35:41 [INFO] Iniciando extracción del archivo...
2026-01-08 08:35:41 [INFO] Datos BCV encontrados: Compra=320.2297, Venta=321.0323, Fecha=2026-01-08
2026-01-08 08:35:41 [INFO] Datos oficiales obtenidos exitosamente para la fecha: 2026-01-08
2026-01-08 08:35:41 [INFO] [DB] Intento 1/3: Ejecutando SP sp_carga_tasa para manana - fecha=2026-01-08
2026-01-08 08:35:42 [INFO] Conexión a SQL Server 2000 (rep_post_dia) exitosa.
2026-01-08 08:35:42 [INFO] [DB] SP returned rc=0 (success) for fecha=2026-01-08; no verification SELECT required.
2026-01-08 08:35:42 [INFO] Conectando a SMTP en puerto 587...
2026-01-08 08:35:44 [INFO] Correo enviado exitosamente - ACTUALIZACIÓN 1/2 BCV: Tasa de COMPRA USD - 08/01/2026 (320.2297)
2026-01-08 08:35:44 [INFO] === FIN DEL PROCESO ===
2026-01-08 10:42:06 [INFO] === INICIANDO PROCESO DE ACTUALIZACIÓN DE TASAS BCV ===
2026-01-08 10:42:06 [INFO] Estado de correo limpiado. Registros de los últimos 15 días mantenidos.
2026-01-08 10:42:06 [INFO] Conexión a SQL Server 2019 (MilPagos) exitosa.
2026-01-08 10:42:06 [INFO] Intentando descargar 2_1_2a26_smc.xls desde https://www.bcv.org.ve/sites/default/files/EstadisticasGeneral/2_1_2a26_smc.xls...
2026-01-08 10:42:07 [INFO] Archivo descargado: logs\2_1_2a26_smc.xls
2026-01-08 10:42:07 [INFO] Iniciando extracción del archivo...
2026-01-08 10:42:07 [INFO] Datos BCV encontrados: Compra=320.2297, Venta=321.0323, Fecha=2026-01-08
2026-01-08 10:42:07 [INFO] Datos oficiales obtenidos exitosamente para la fecha: 2026-01-08
2026-01-08 10:42:07 [INFO] [DB] Intento 1/3: Ejecutando SP sp_carga_tasa para manana - fecha=2026-01-08
2026-01-08 10:42:07 [INFO] Conexión a SQL Server 2000 (rep_post_dia) exitosa.
2026-01-08 10:42:07 [INFO] [DB] SP returned rc=0 (success) for fecha=2026-01-08; no verification SELECT required.
2026-01-08 10:42:07 [INFO] Conectando a SMTP en puerto 587...
2026-01-08 10:42:11 [INFO] Correo enviado exitosamente - ACTUALIZACIÓN 1/2 BCV: Tasa de COMPRA USD - 08/01/2026 (320.2297)
2026-01-08 10:42:11 [INFO] === FIN DEL PROCESO ===
2026-01-08 16:05:51 [INFO] === INICIANDO PROCESO DE ACTUALIZACIÓN DE TASAS BCV ===
2026-01-08 16:05:51 [INFO] Estado de correo limpiado. Registros de los últimos 15 días mantenidos.
2026-01-08 16:05:51 [INFO] Conexión a SQL Server 2019 (MilPagos) exitosa.
2026-01-08 16:05:51 [INFO] Intentando descargar 2_1_2a26_smc.xls desde https://www.bcv.org.ve/sites/default/files/EstadisticasGeneral/2_1_2a26_smc.xls...
2026-01-08 16:05:52 [INFO] Archivo descargado: logs\2_1_2a26_smc.xls
2026-01-08 16:05:52 [INFO] Iniciando extracción del archivo...
2026-01-08 16:05:52 [INFO] Datos BCV encontrados: Compra=320.2297, Venta=321.0323, Fecha=2026-01-08
2026-01-08 16:05:52 [INFO] Datos oficiales obtenidos exitosamente para la fecha: 2026-01-08
2026-01-08 16:05:52 [INFO] [DB] Intento 1/3: Ejecutando SP sp_carga_tasa para tarde - fecha=2026-01-08
2026-01-08 16:05:52 [INFO] Conexión a SQL Server 2000 (rep_post_dia) exitosa.
2026-01-08 16:05:52 [INFO] [DB] SP returned rc=0 (success) for fecha=2026-01-08; no verification SELECT required.
2026-01-08 16:05:52 [INFO] Conectando a SMTP en puerto 587...
2026-01-08 16:05:55 [INFO] Correo enviado exitosamente - PROCESO FINALIZADO BCV: Tasas 08/01/2026 | C:320.2297 V:321.0323
2026-01-08 16:05:55 [INFO] === FIN DEL PROCESO ===
