2026-04-09 08:22:48 [INFO] === INICIANDO PROCESO DE ACTUALIZACIÓN DE TASAS BCV ===
2026-04-09 08:22:48 [INFO] Estado de correo limpiado. Registros de los últimos 15 días mantenidos.
2026-04-09 08:22:48 [INFO] Conexión a SQL Server 2019 (MilPagos) exitosa.
2026-04-09 08:22:48 [INFO] Intentando descargar 2_1_2b26_smc.xls desde https://www.bcv.org.ve/sites/default/files/EstadisticasGeneral/2_1_2b26_smc.xls...
2026-04-09 08:22:49 [INFO] Archivo descargado: logs\2_1_2b26_smc.xls
2026-04-09 08:22:49 [INFO] Iniciando extracción del archivo...
2026-04-09 08:22:49 [INFO] Datos BCV encontrados: Compra=474.7684, Venta=475.9583, Fecha=2026-04-09
2026-04-09 08:22:49 [INFO] Datos oficiales obtenidos exitosamente para la fecha: 2026-04-09
2026-04-09 08:22:49 [INFO] [DB] Intento 1/3: Ejecutando SP sp_carga_tasa para tarde - fecha=2026-04-09
2026-04-09 08:22:49 [INFO] Conexión a SQL Server 2000 (rep_post_dia) exitosa.
2026-04-09 08:22:49 [INFO] [DB] SP returned rc=0 (success) for fecha=2026-04-09; no verification SELECT required.
2026-04-09 08:22:49 [INFO] Conectando a SMTP en puerto 587...
2026-04-09 08:22:56 [INFO] Correo enviado exitosamente - PROCESO FINALIZADO BCV: Tasas 09/04/2026 | C:474.7684 V:475.9583
2026-04-09 08:22:56 [INFO] Backfill no ejecutado: hora actual 08:22:56.214572, permitido a partir de las 21:00
2026-04-09 08:22:56 [INFO] === FIN DEL PROCESO ===
2026-04-09 08:29:20 [INFO] === INICIANDO PROCESO DE ACTUALIZACIÓN DE TASAS BCV ===
2026-04-09 08:29:20 [INFO] Estado de correo limpiado. Registros de los últimos 15 días mantenidos.
2026-04-09 08:29:20 [INFO] Conexión a SQL Server 2019 (MilPagos) exitosa.
2026-04-09 08:29:20 [INFO] Intentando descargar 2_1_2b26_smc.xls desde https://www.bcv.org.ve/sites/default/files/EstadisticasGeneral/2_1_2b26_smc.xls...
2026-04-09 08:29:21 [INFO] Archivo descargado: logs\2_1_2b26_smc.xls
2026-04-09 08:29:21 [INFO] Iniciando extracción del archivo...
2026-04-09 08:29:21 [INFO] Datos BCV encontrados: Compra=474.7684, Venta=475.9583, Fecha=2026-04-09
2026-04-09 08:29:21 [INFO] Datos oficiales obtenidos exitosamente para la fecha: 2026-04-09
2026-04-09 08:29:21 [INFO] [DB] Intento 1/3: Ejecutando SP sp_carga_tasa para manana - fecha=2026-04-09
2026-04-09 08:29:21 [INFO] Conexión a SQL Server 2000 (rep_post_dia) exitosa.
2026-04-09 08:29:21 [INFO] [DB] SP returned rc=0 (success) for fecha=2026-04-09; no verification SELECT required.
2026-04-09 08:29:21 [INFO] Conectando a SMTP en puerto 587...
2026-04-09 08:29:24 [INFO] Correo enviado exitosamente - ACTUALIZACIÓN 1/2 BCV: Tasa de COMPRA USD - 09/04/2026 (474.7684)
2026-04-09 08:29:24 [INFO] Backfill no ejecutado: hora actual 08:29:24.092557, permitido a partir de las 21:00
2026-04-09 08:29:24 [INFO] === FIN DEL PROCESO ===
