2025-11-28 08:33:35 [INFO] Iniciando proceso BCV...
2025-11-28 08:33:35 [INFO] Estado de correo limpiado. Registros de los últimos 10 días mantenidos.
2025-11-28 08:33:35 [INFO] Modo de ejecución detectado: TARDE
2025-11-28 08:33:35 [INFO] Conexión a SQL Server 2019 (MilPagos) exitosa.
2025-11-28 08:33:35 [INFO] Intentando descargar 2_1_2d25_smc.xls desde https://www.bcv.org.ve/sites/default/files/EstadisticasGeneral/2_1_2d25_smc.xls...
2025-11-28 08:33:36 [INFO] Archivo descargado: logs\2_1_2d25_smc.xls
2025-11-28 08:33:36 [INFO] Iniciando extracción del archivo...
2025-11-28 08:33:36 [INFO] Datos BCV encontrados: Compra=245.0555, Venta=245.6697, Fecha=2025-11-28
2025-11-28 08:33:36 [INFO] Conexión a SQL Server 2000 (rep_post_dia) exitosa.
2025-11-28 08:33:36 [INFO] Ejecutando SP en SQL 2000 para tarde: EXEC [rep_post_dia].[dbo].[sp_carga_tasa] 
        'tarde',
        '2025-11-28',
        245.0555, 
        245.6697
2025-11-28 08:33:36 [INFO] SP ejecutado correctamente. Tasas actualizadas en BD final.
2025-11-28 08:33:36 [INFO] Conectando a SMTP en puerto 587...
2025-11-28 08:33:40 [INFO] Correo enviado exitosamente - PROCESO FINALIZADO BCV: Tasas 28/11/2025 | C:245.0555 V:245.6697
2025-11-28 08:33:40 [INFO] Proceso completado correctamente.
2025-11-28 08:33:40 [INFO] Archivo temporal 2_1_2d25_smc.xls eliminado.
2025-11-28 08:46:00 [INFO] Iniciando proceso BCV...
2025-11-28 08:46:00 [INFO] Estado de correo limpiado. Registros de los últimos 10 días mantenidos.
2025-11-28 08:46:00 [INFO] Modo de ejecución detectado: MANANA
2025-11-28 08:46:00 [INFO] Conexión a SQL Server 2019 (MilPagos) exitosa.
2025-11-28 08:46:00 [INFO] Intentando descargar 2_1_2d25_smc.xls desde https://www.bcv.org.ve/sites/default/files/EstadisticasGeneral/2_1_2d25_smc.xls...
2025-11-28 08:46:00 [INFO] Archivo descargado: logs\2_1_2d25_smc.xls
2025-11-28 08:46:00 [INFO] Iniciando extracción del archivo...
2025-11-28 08:46:00 [INFO] Datos BCV encontrados: Compra=245.0555, Venta=245.6697, Fecha=2025-11-28
2025-11-28 08:46:00 [INFO] Conexión a SQL Server 2000 (rep_post_dia) exitosa.
2025-11-28 08:46:00 [INFO] Ejecutando SP en SQL 2000 para manana: EXEC [rep_post_dia].[dbo].[sp_carga_tasa] 
        'manana',
        '2025-11-28',
        245.0555, 
        245.6697
2025-11-28 08:46:00 [INFO] SP ejecutado correctamente. Tasas actualizadas en BD final.
2025-11-28 08:46:00 [INFO] Conectando a SMTP en puerto 587...
2025-11-28 08:46:03 [INFO] Correo enviado exitosamente - ACTUALIZACIÓN 1/2 BCV: Tasa de COMPRA USD - 28/11/2025 (245.0555)
2025-11-28 08:46:03 [INFO] Proceso completado correctamente.
2025-11-28 08:46:03 [INFO] Archivo temporal 2_1_2d25_smc.xls eliminado.
2025-11-28 16:36:58 [INFO] Iniciando proceso BCV...
2025-11-28 16:36:58 [INFO] Estado de correo limpiado. Registros de los últimos 10 días mantenidos.
2025-11-28 16:36:58 [INFO] Modo de ejecución detectado: MANANA
2025-11-28 16:36:58 [INFO] Conexión a SQL Server 2019 (MilPagos) exitosa.
2025-11-28 16:36:58 [INFO] Intentando descargar 2_1_2d25_smc.xls desde https://www.bcv.org.ve/sites/default/files/EstadisticasGeneral/2_1_2d25_smc.xls...
2025-11-28 16:36:59 [INFO] Archivo descargado: logs\2_1_2d25_smc.xls
2025-11-28 16:36:59 [INFO] Iniciando extracción del archivo...
2025-11-28 16:36:59 [INFO] Datos BCV encontrados: Compra=245.0555, Venta=245.6697, Fecha=2025-11-28
2025-11-28 16:36:59 [WARNING] Tasa de COMPRA para 2025-11-28 ya enviada. Omitiendo.
2025-11-28 16:36:59 [INFO] Proceso completado correctamente.
2025-11-28 16:36:59 [INFO] Archivo temporal 2_1_2d25_smc.xls eliminado.
2025-11-28 16:38:09 [INFO] Iniciando proceso BCV...
2025-11-28 16:38:09 [INFO] Estado de correo limpiado. Registros de los últimos 10 días mantenidos.
2025-11-28 16:38:09 [INFO] Modo de ejecución detectado: MANANA
2025-11-28 16:38:09 [INFO] Conexión a SQL Server 2019 (MilPagos) exitosa.
2025-11-28 16:38:09 [INFO] Intentando descargar 2_1_2d25_smc.xls desde https://www.bcv.org.ve/sites/default/files/EstadisticasGeneral/2_1_2d25_smc.xls...
2025-11-28 16:38:09 [INFO] Archivo descargado: logs\2_1_2d25_smc.xls
2025-11-28 16:38:09 [INFO] Iniciando extracción del archivo...
2025-11-28 16:38:09 [INFO] Datos BCV encontrados: Compra=245.0555, Venta=245.6697, Fecha=2025-11-28
2025-11-28 16:38:10 [INFO] Conexión a SQL Server 2000 (rep_post_dia) exitosa.
2025-11-28 16:38:10 [INFO] Ejecutando SP en SQL 2000 para manana: EXEC [rep_post_dia].[dbo].[sp_carga_tasa] 
        'manana',
        '2025-11-28',
        245.0555, 
        245.6697
2025-11-28 16:38:10 [INFO] SP ejecutado correctamente. Tasas actualizadas en BD final.
2025-11-28 16:38:10 [INFO] Conectando a SMTP en puerto 587...
2025-11-28 16:38:12 [INFO] Correo enviado exitosamente - ACTUALIZACIÓN 1/2 BCV: Tasa de COMPRA USD - 28/11/2025 (245.0555)
2025-11-28 16:38:12 [INFO] Proceso completado correctamente.
2025-11-28 16:38:12 [INFO] Archivo temporal 2_1_2d25_smc.xls eliminado.
