2025-12-12 10:04:24 [INFO] Iniciando proceso BCV...
2025-12-12 10:04:24 [INFO] Estado de correo limpiado. Registros de los últimos 10 días mantenidos.
2025-12-12 10:04:24 [INFO] Modo de ejecución detectado: MANANA
2025-12-12 10:04:24 [INFO] Conexión a SQL Server 2019 (MilPagos) exitosa.
2025-12-12 10:04:24 [INFO] Intentando descargar 2_1_2d25_smc.xls desde https://www.bcv.org.ve/sites/default/files/EstadisticasGeneral/2_1_2d25_smc.xls...
2025-12-12 10:04:25 [INFO] Archivo descargado: logs\2_1_2d25_smc.xls
2025-12-12 10:04:25 [INFO] Iniciando extracción del archivo...
2025-12-12 10:04:25 [INFO] Datos BCV encontrados: Compra=267.0805, Venta=267.7499, Fecha=2025-12-12
2025-12-12 10:04:25 [INFO] Conexión a SQL Server 2000 (rep_post_dia) exitosa.
2025-12-12 10:04:25 [INFO] Ejecutando SP en SQL 2000 para manana: EXEC [rep_post_dia].[dbo].[sp_carga_tasa] 
        'manana',
        '2025-12-12',
        267.0805, 
        267.7499
2025-12-12 10:04:25 [INFO] SP ejecutado correctamente. Tasas actualizadas en BD final.
2025-12-12 10:04:25 [INFO] Conectando a SMTP en puerto 587...
2025-12-12 10:04:28 [INFO] Correo enviado exitosamente - ACTUALIZACIÓN 1/2 BCV: Tasa de COMPRA USD - 12/12/2025 (267.0805)
2025-12-12 10:04:28 [INFO] Proceso completado correctamente.
2025-12-12 10:04:28 [INFO] Archivo temporal 2_1_2d25_smc.xls eliminado.
2025-12-12 10:21:31 [INFO] Iniciando proceso BCV...
2025-12-12 10:21:31 [INFO] Estado de correo limpiado. Registros de los últimos 10 días mantenidos.
2025-12-12 10:21:31 [INFO] Modo de ejecución detectado: MANANA
2025-12-12 10:21:31 [INFO] Conexión a SQL Server 2019 (MilPagos) exitosa.
2025-12-12 10:21:31 [INFO] Intentando descargar 2_1_2d25_smc.xls desde https://www.bcv.org.ve/sites/default/files/EstadisticasGeneral/2_1_2d25_smc.xls...
2025-12-12 10:21:38 [INFO] Archivo descargado: logs\2_1_2d25_smc.xls
2025-12-12 10:21:38 [INFO] Iniciando extracción del archivo...
2025-12-12 10:21:38 [CRITICAL] FALLO DE LECTURA DEL ARCHIVO: Pandas requires version '2.0.1' or newer of 'xlrd' (version '1.2.0' currently installed).
2025-12-12 10:21:38 [ERROR] Error crítico en la ejecución principal: Fallo al leer o procesar el archivo Excel: Pandas requires version '2.0.1' or newer of 'xlrd' (version '1.2.0' currently installed).
2025-12-12 10:21:41 [INFO] Notificación de fallo enviada: FALLO GENERAL: Proceso BCV
2025-12-12 10:21:41 [INFO] Archivo temporal 2_1_2d25_smc.xls eliminado.
2025-12-12 10:24:36 [INFO] Iniciando proceso BCV...
2025-12-12 10:24:36 [INFO] Estado de correo limpiado. Registros de los últimos 10 días mantenidos.
2025-12-12 10:24:36 [INFO] Modo de ejecución detectado: MANANA
2025-12-12 10:24:36 [INFO] Conexión a SQL Server 2019 (MilPagos) exitosa.
2025-12-12 10:24:36 [INFO] Intentando descargar 2_1_2d25_smc.xls desde https://www.bcv.org.ve/sites/default/files/EstadisticasGeneral/2_1_2d25_smc.xls...
2025-12-12 10:24:37 [INFO] Archivo descargado: logs\2_1_2d25_smc.xls
2025-12-12 10:24:37 [INFO] Iniciando extracción del archivo...
2025-12-12 10:24:37 [INFO] Datos BCV encontrados: Compra=267.0805, Venta=267.7499, Fecha=2025-12-12
2025-12-12 10:24:37 [WARNING] Tasa de COMPRA para 2025-12-12 ya enviada. Omitiendo.
2025-12-12 10:24:37 [INFO] Proceso completado correctamente.
2025-12-12 10:24:37 [INFO] Archivo temporal 2_1_2d25_smc.xls eliminado.
2025-12-12 10:27:02 [INFO] Iniciando proceso BCV...
2025-12-12 10:27:02 [INFO] Estado de correo limpiado. Registros de los últimos 10 días mantenidos.
2025-12-12 10:27:02 [INFO] Modo de ejecución detectado: MANANA
2025-12-12 10:27:03 [INFO] Conexión a SQL Server 2019 (MilPagos) exitosa.
2025-12-12 10:27:03 [INFO] Intentando descargar 2_1_2d25_smc.xls desde https://www.bcv.org.ve/sites/default/files/EstadisticasGeneral/2_1_2d25_smc.xls...
2025-12-12 10:27:03 [INFO] Archivo descargado: logs\2_1_2d25_smc.xls
2025-12-12 10:27:03 [INFO] Iniciando extracción del archivo...
2025-12-12 10:27:03 [WARNING] Pandas falló leyendo Excel: Pandas requires version '2.0.1' or newer of 'xlrd' (version '1.2.0' currently installed).. Intentando fallback con xlrd.
2025-12-12 10:27:03 [INFO] Datos BCV encontrados (xlrd): Compra=267.0805, Venta=267.7499, Fecha=2025-12-12
2025-12-12 10:27:03 [WARNING] Tasa de COMPRA para 2025-12-12 ya enviada. Omitiendo.
2025-12-12 10:27:03 [INFO] Proceso completado correctamente.
2025-12-12 10:27:03 [INFO] Archivo temporal 2_1_2d25_smc.xls eliminado.
2025-12-12 10:31:01 [INFO] Iniciando proceso BCV...
2025-12-12 10:31:01 [INFO] Estado de correo limpiado. Registros de los últimos 10 días mantenidos.
2025-12-12 10:31:01 [INFO] Modo de ejecución detectado: MANANA
2025-12-12 10:31:02 [INFO] Conexión a SQL Server 2019 (MilPagos) exitosa.
2025-12-12 10:31:02 [INFO] Intentando descargar 2_1_2d25_smc.xls desde https://www.bcv.org.ve/sites/default/files/EstadisticasGeneral/2_1_2d25_smc.xls...
2025-12-12 10:31:02 [INFO] Archivo descargado: logs\2_1_2d25_smc.xls
2025-12-12 10:31:02 [INFO] Iniciando extracción del archivo...
2025-12-12 10:31:02 [INFO] Datos BCV encontrados: Compra=267.0805, Venta=267.7499, Fecha=2025-12-12
2025-12-12 10:31:02 [WARNING] Tasa de COMPRA para 2025-12-12 ya enviada. Omitiendo.
2025-12-12 10:31:02 [INFO] Proceso completado correctamente.
2025-12-12 10:31:02 [INFO] Archivo temporal 2_1_2d25_smc.xls eliminado.
2025-12-12 10:36:50 [INFO] Iniciando proceso BCV...
2025-12-12 10:36:50 [INFO] Estado de correo limpiado. Registros de los últimos 10 días mantenidos.
2025-12-12 10:36:50 [INFO] Modo de ejecución detectado: MANANA
2025-12-12 10:36:50 [INFO] Conexión a SQL Server 2019 (MilPagos) exitosa.
2025-12-12 10:36:50 [INFO] Intentando descargar 2_1_2d25_smc.xls desde https://www.bcv.org.ve/sites/default/files/EstadisticasGeneral/2_1_2d25_smc.xls...
2025-12-12 10:36:51 [INFO] Archivo descargado: logs\2_1_2d25_smc.xls
2025-12-12 10:36:51 [INFO] Iniciando extracción del archivo...
2025-12-12 10:36:51 [WARNING] Pandas falló leyendo Excel: Pandas requires version '2.0.1' or newer of 'xlrd' (version '1.2.0' currently installed).. Intentando fallback con xlrd.
2025-12-12 10:36:51 [INFO] Datos BCV encontrados (xlrd): Compra=267.0805, Venta=267.7499, Fecha=2025-12-12
2025-12-12 10:36:51 [WARNING] Tasa de COMPRA para 2025-12-12 ya enviada. Omitiendo.
2025-12-12 10:36:51 [INFO] Proceso completado correctamente.
2025-12-12 10:36:51 [INFO] Archivo temporal 2_1_2d25_smc.xls eliminado.
2025-12-12 11:36:50 [INFO] Iniciando proceso BCV...
2025-12-12 11:36:50 [INFO] Estado de correo limpiado. Registros de los últimos 10 días mantenidos.
2025-12-12 11:36:50 [INFO] Modo de ejecución detectado: TARDE
2025-12-12 11:36:50 [INFO] Conexión a SQL Server 2019 (MilPagos) exitosa.
2025-12-12 11:36:50 [INFO] Intentando descargar 2_1_2d25_smc.xls desde https://www.bcv.org.ve/sites/default/files/EstadisticasGeneral/2_1_2d25_smc.xls...
2025-12-12 11:36:51 [INFO] Archivo descargado: logs\2_1_2d25_smc.xls
2025-12-12 11:36:51 [INFO] Iniciando extracción del archivo...
2025-12-12 11:36:51 [INFO] Datos BCV encontrados: Compra=267.0805, Venta=267.7499, Fecha=2025-12-12
2025-12-12 11:36:51 [INFO] Conexión a SQL Server 2000 (rep_post_dia) exitosa.
2025-12-12 11:36:51 [INFO] Ejecutando SP en SQL 2000 para tarde: EXEC [rep_post_dia].[dbo].[sp_carga_tasa] 
        'tarde',
        '2025-12-12',
        267.0805, 
        267.7499
2025-12-12 11:36:51 [INFO] SP ejecutado correctamente. Tasas actualizadas en BD final.
2025-12-12 11:36:51 [INFO] Conectando a SMTP en puerto 587...
2025-12-12 11:36:55 [INFO] Correo enviado exitosamente - PROCESO FINALIZADO BCV: Tasas 12/12/2025 | C:267.0805 V:267.7499
2025-12-12 11:36:55 [INFO] Proceso completado correctamente.
2025-12-12 11:36:55 [INFO] Archivo temporal 2_1_2d25_smc.xls eliminado.
2025-12-12 11:57:56 [INFO] Iniciando proceso BCV...
2025-12-12 11:57:56 [INFO] Estado de correo limpiado. Registros de los últimos 10 días mantenidos.
2025-12-12 11:57:56 [INFO] Modo de ejecución detectado: TARDE
2025-12-12 11:57:57 [INFO] Conexión a SQL Server 2019 (MilPagos) exitosa.
2025-12-12 11:57:59 [INFO] Intentando descargar 2_1_2d25_smc.xls desde https://www.bcv.org.ve/sites/default/files/EstadisticasGeneral/2_1_2d25_smc.xls...
2025-12-12 11:58:00 [INFO] Archivo descargado: logs\2_1_2d25_smc.xls
2025-12-12 11:58:00 [INFO] Iniciando extracción del archivo...
2025-12-12 11:58:00 [INFO] Datos BCV encontrados: Compra=267.0805, Venta=267.7499, Fecha=2025-12-12
2025-12-12 11:58:00 [WARNING] Tasa de VENTA para 2025-12-12 ya enviada. Omitiendo.
2025-12-12 11:58:00 [INFO] Proceso completado correctamente.
2025-12-12 11:58:00 [INFO] Archivo temporal 2_1_2d25_smc.xls eliminado.
2025-12-12 12:21:32 [INFO] Iniciando proceso BCV...
2025-12-12 12:21:32 [INFO] Estado de correo limpiado. Registros de los últimos 10 días mantenidos.
2025-12-12 12:21:32 [INFO] Modo de ejecución detectado: TARDE
2025-12-12 12:21:33 [INFO] Conexión a SQL Server 2019 (MilPagos) exitosa.
2025-12-12 12:21:33 [INFO] Intentando descargar 2_1_2d25_smc.xls desde https://www.bcv.org.ve/sites/default/files/EstadisticasGeneral/2_1_2d25_smc.xls...
2025-12-12 12:21:33 [INFO] Archivo descargado: logs\2_1_2d25_smc.xls
2025-12-12 12:21:33 [INFO] Iniciando extracción del archivo...
2025-12-12 12:21:35 [INFO] Datos BCV encontrados: Compra=267.0805, Venta=267.7499, Fecha=2025-12-12
2025-12-12 12:21:35 [WARNING] Tasa de VENTA para 2025-12-12 ya enviada. Omitiendo.
2025-12-12 12:21:35 [INFO] Proceso completado correctamente.
2025-12-12 12:21:35 [INFO] Archivo temporal 2_1_2d25_smc.xls eliminado.
2025-12-12 14:08:51 [INFO] Iniciando proceso BCV...
2025-12-12 14:08:51 [INFO] Estado de correo limpiado. Registros de los últimos 10 días mantenidos.
2025-12-12 14:08:51 [INFO] Modo de ejecución detectado: TARDE
2025-12-12 14:08:51 [INFO] Conexión a SQL Server 2019 (MilPagos) exitosa.
2025-12-12 14:08:51 [INFO] Intentando descargar 2_1_2d25_smc.xls desde https://www.bcv.org.ve/sites/default/files/EstadisticasGeneral/2_1_2d25_smc.xls...
2025-12-12 14:08:52 [INFO] Archivo descargado: logs\2_1_2d25_smc.xls
2025-12-12 14:08:52 [INFO] Iniciando extracción del archivo...
2025-12-12 14:08:52 [INFO] Datos BCV encontrados: Compra=267.0805, Venta=267.7499, Fecha=2025-12-12
2025-12-12 14:08:52 [WARNING] Tasa de VENTA para 2025-12-12 ya enviada. Omitiendo.
2025-12-12 14:08:52 [INFO] Proceso completado correctamente.
2025-12-12 14:08:52 [INFO] Archivo temporal 2_1_2d25_smc.xls eliminado.
