2026-01-15 09:08:00 [INFO] === INICIANDO PROCESO DE ACTUALIZACIÓN DE TASAS BCV ===
2026-01-15 09:08:00 [INFO] Estado de correo limpiado. Registros de los últimos 15 días mantenidos.
2026-01-15 09:08:00 [INFO] Conexión a SQL Server 2019 (MilPagos) exitosa.
2026-01-15 09:08:00 [INFO] Intentando descargar 2_1_2a26_smc.xls desde https://www.bcv.org.ve/sites/default/files/EstadisticasGeneral/2_1_2a26_smc.xls...
2026-01-15 09:08:01 [INFO] Archivo descargado: logs\2_1_2a26_smc.xls
2026-01-15 09:08:01 [INFO] Iniciando extracción del archivo...
2026-01-15 09:08:01 [INFO] Datos BCV encontrados: Compra=338.3016, Venta=339.1495, Fecha=2026-01-15
2026-01-15 09:08:01 [INFO] Datos oficiales obtenidos exitosamente para la fecha: 2026-01-15
2026-01-15 09:08:01 [INFO] [DB] Intento 1/3: Ejecutando SP sp_carga_tasa para manana - fecha=2026-01-15
2026-01-15 09:08:01 [INFO] Conexión a SQL Server 2000 (rep_post_dia) exitosa.
2026-01-15 09:08:01 [INFO] [DB] SP returned rc=0 (success) for fecha=2026-01-15; no verification SELECT required.
2026-01-15 09:08:01 [INFO] Conectando a SMTP en puerto 587...
2026-01-15 09:08:09 [INFO] Correo enviado exitosamente - ACTUALIZACIÓN 1/2 BCV: Tasa de COMPRA USD - 15/01/2026 (338.3016)
2026-01-15 09:08:09 [INFO] === FIN DEL PROCESO ===
2026-01-15 17:12:00 [INFO] === INICIANDO PROCESO DE ACTUALIZACIÓN DE TASAS BCV ===
2026-01-15 17:12:00 [INFO] Estado de correo limpiado. Registros de los últimos 15 días mantenidos.
2026-01-15 17:12:00 [INFO] Conexión a SQL Server 2019 (MilPagos) exitosa.
2026-01-15 17:12:00 [INFO] Intentando descargar 2_1_2a26_smc.xls desde https://www.bcv.org.ve/sites/default/files/EstadisticasGeneral/2_1_2a26_smc.xls...
2026-01-15 17:12:01 [INFO] Archivo descargado: logs\2_1_2a26_smc.xls
2026-01-15 17:12:01 [INFO] Iniciando extracción del archivo...
2026-01-15 17:12:01 [INFO] Datos BCV encontrados: Compra=340.8881, Venta=341.7425, Fecha=2026-01-15
2026-01-15 17:12:01 [INFO] Datos oficiales obtenidos exitosamente para la fecha: 2026-01-15
2026-01-15 17:12:01 [INFO] Tasa de COMPRA para 2026-01-15 ya fue procesada anteriormente. Omitiendo.
2026-01-15 17:12:01 [INFO] === FIN DEL PROCESO ===
2026-01-15 17:13:45 [INFO] === INICIANDO PROCESO DE ACTUALIZACIÓN DE TASAS BCV ===
2026-01-15 17:13:45 [INFO] Estado de correo limpiado. Registros de los últimos 15 días mantenidos.
2026-01-15 17:13:46 [INFO] Conexión a SQL Server 2019 (MilPagos) exitosa.
2026-01-15 17:13:46 [INFO] Intentando descargar 2_1_2a26_smc.xls desde https://www.bcv.org.ve/sites/default/files/EstadisticasGeneral/2_1_2a26_smc.xls...
2026-01-15 17:13:46 [INFO] Archivo descargado: logs\2_1_2a26_smc.xls
2026-01-15 17:13:46 [INFO] Iniciando extracción del archivo...
2026-01-15 17:13:46 [INFO] Datos BCV encontrados: Compra=340.8881, Venta=341.7425, Fecha=2026-01-15
2026-01-15 17:13:46 [INFO] Datos oficiales obtenidos exitosamente para la fecha: 2026-01-15
2026-01-15 17:13:46 [INFO] [DB] Intento 1/3: Ejecutando SP sp_carga_tasa para tarde - fecha=2026-01-15
2026-01-15 17:13:46 [INFO] Conexión a SQL Server 2000 (rep_post_dia) exitosa.
2026-01-15 17:13:46 [INFO] [DB] SP returned rc=0 (success) for fecha=2026-01-15; no verification SELECT required.
2026-01-15 17:13:46 [INFO] Conectando a SMTP en puerto 587...
2026-01-15 17:13:50 [INFO] Correo enviado exitosamente - PROCESO FINALIZADO BCV: Tasas 15/01/2026 | C:340.8881 V:341.7425
2026-01-15 17:13:50 [INFO] === FIN DEL PROCESO ===
