2026-03-27 11:31:35 [INFO] === INICIANDO PROCESO DE ACTUALIZACIÓN DE TASAS BCV ===
2026-03-27 11:31:35 [INFO] Estado de correo limpiado. Registros de los últimos 15 días mantenidos.
2026-03-27 11:31:35 [INFO] Conexión a SQL Server 2019 (MilPagos) exitosa.
2026-03-27 11:31:35 [WARNING] Error al verificar feriados: ('42S22', "[42S22] [Microsoft][ODBC Driver 17 for SQL Server][SQL Server]Invalid column name 'DIAS'. (207) (SQLExecDirectW); [42S22] [Microsoft][ODBC Driver 17 for SQL Server][SQL Server]Statement(s) could not be prepared. (8180)"). Asumiendo día hábil.
2026-03-27 11:31:35 [INFO] Intentando descargar 2_1_2a26_smc.xls desde https://www.bcv.org.ve/sites/default/files/EstadisticasGeneral/2_1_2a26_smc.xls...
2026-03-27 11:31:36 [INFO] Archivo descargado: logs\2_1_2a26_smc.xls
2026-03-27 11:31:36 [INFO] Iniciando extracción del archivo...
2026-03-27 11:31:36 [INFO] Datos BCV encontrados: Compra=467.3432, Venta=468.5145, Fecha=2026-03-27
2026-03-27 11:31:36 [INFO] Datos oficiales obtenidos exitosamente para la fecha: 2026-03-27
2026-03-27 11:31:36 [INFO] [DB] Intento 1/3: Ejecutando SP sp_carga_tasa para manana - fecha=2026-03-27
2026-03-27 11:31:36 [INFO] Conexión a SQL Server 2000 (rep_post_dia) exitosa.
2026-03-27 11:31:36 [WARNING] [DB] Intento 1 falló: ('42000', "[42000] [Microsoft][ODBC SQL Server Driver][SQL Server]The log file for database 'rep_post_dia' is full. Back up the transaction log for the database to free up some log space. (9002) (SQLExecDirectW)")
2026-03-27 11:31:36 [INFO] Esperando 1.0 segundos antes del siguiente intento...
2026-03-27 11:31:37 [INFO] [DB] Intento 2/3: Ejecutando SP sp_carga_tasa para manana - fecha=2026-03-27
2026-03-27 11:31:37 [INFO] Conexión a SQL Server 2000 (rep_post_dia) exitosa.
2026-03-27 11:31:37 [WARNING] [DB] Intento 2 falló: ('42000', "[42000] [Microsoft][ODBC SQL Server Driver][SQL Server]The log file for database 'rep_post_dia' is full. Back up the transaction log for the database to free up some log space. (9002) (SQLExecDirectW)")
2026-03-27 11:31:37 [INFO] Esperando 1.0 segundos antes del siguiente intento...
2026-03-27 11:31:38 [INFO] [DB] Intento 3/3: Ejecutando SP sp_carga_tasa para manana - fecha=2026-03-27
2026-03-27 11:31:38 [INFO] Conexión a SQL Server 2000 (rep_post_dia) exitosa.
2026-03-27 11:31:38 [WARNING] [DB] Intento 3 falló: ('42000', "[42000] [Microsoft][ODBC SQL Server Driver][SQL Server]The log file for database 'rep_post_dia' is full. Back up the transaction log for the database to free up some log space. (9002) (SQLExecDirectW)")
2026-03-27 11:31:38 [ERROR] [DB] Todos los intentos (3) fallaron. Ultimo error: ('42000', "[42000] [Microsoft][ODBC SQL Server Driver][SQL Server]The log file for database 'rep_post_dia' is full. Back up the transaction log for the database to free up some log space. (9002) (SQLExecDirectW)")
2026-03-27 11:31:38 [ERROR] Error crítico en el proceso: Fallo de DB (SP Carga Tasa) tras 3 intentos: ('42000', "[42000] [Microsoft][ODBC SQL Server Driver][SQL Server]The log file for database 'rep_post_dia' is full. Back up the transaction log for the database to free up some log space. (9002) (SQLExecDirectW)")
2026-03-27 11:31:42 [INFO] Notificación de fallo enviada: FALLO CRITICO - Carga de Tasa
2026-03-27 11:31:42 [INFO] === FIN DEL PROCESO ===
2026-03-27 11:35:23 [INFO] === INICIANDO PROCESO DE ACTUALIZACIÓN DE TASAS BCV ===
2026-03-27 11:35:23 [INFO] Estado de correo limpiado. Registros de los últimos 15 días mantenidos.
2026-03-27 11:35:24 [INFO] Conexión a SQL Server 2019 (MilPagos) exitosa.
2026-03-27 11:35:24 [WARNING] Error al verificar feriados: ('42S22', "[42S22] [Microsoft][ODBC Driver 17 for SQL Server][SQL Server]Invalid column name 'DIAS'. (207) (SQLExecDirectW); [42S22] [Microsoft][ODBC Driver 17 for SQL Server][SQL Server]Statement(s) could not be prepared. (8180)"). Asumiendo día hábil.
2026-03-27 11:35:24 [INFO] Intentando descargar 2_1_2a26_smc.xls desde https://www.bcv.org.ve/sites/default/files/EstadisticasGeneral/2_1_2a26_smc.xls...
2026-03-27 11:35:24 [INFO] Archivo descargado: logs\2_1_2a26_smc.xls
2026-03-27 11:35:24 [INFO] Iniciando extracción del archivo...
2026-03-27 11:35:24 [INFO] Datos BCV encontrados: Compra=467.3432, Venta=468.5145, Fecha=2026-03-27
2026-03-27 11:35:24 [INFO] Datos oficiales obtenidos exitosamente para la fecha: 2026-03-27
2026-03-27 11:35:24 [INFO] [DB] Intento 1/3: Ejecutando SP sp_carga_tasa para manana - fecha=2026-03-27
2026-03-27 11:35:24 [INFO] Conexión a SQL Server 2000 (rep_post_dia) exitosa.
2026-03-27 11:35:24 [WARNING] [DB] Intento 1 falló: ('42000', "[42000] [Microsoft][ODBC SQL Server Driver][SQL Server]The log file for database 'rep_post_dia' is full. Back up the transaction log for the database to free up some log space. (9002) (SQLExecDirectW)")
2026-03-27 11:35:24 [INFO] Esperando 1.0 segundos antes del siguiente intento...
2026-03-27 11:35:25 [INFO] [DB] Intento 2/3: Ejecutando SP sp_carga_tasa para manana - fecha=2026-03-27
2026-03-27 11:35:25 [INFO] Conexión a SQL Server 2000 (rep_post_dia) exitosa.
2026-03-27 11:35:25 [WARNING] [DB] Intento 2 falló: ('42000', "[42000] [Microsoft][ODBC SQL Server Driver][SQL Server]The log file for database 'rep_post_dia' is full. Back up the transaction log for the database to free up some log space. (9002) (SQLExecDirectW)")
2026-03-27 11:35:25 [INFO] Esperando 1.0 segundos antes del siguiente intento...
2026-03-27 11:35:26 [INFO] [DB] Intento 3/3: Ejecutando SP sp_carga_tasa para manana - fecha=2026-03-27
2026-03-27 11:35:26 [INFO] Conexión a SQL Server 2000 (rep_post_dia) exitosa.
2026-03-27 11:35:26 [WARNING] [DB] Intento 3 falló: ('42000', "[42000] [Microsoft][ODBC SQL Server Driver][SQL Server]The log file for database 'rep_post_dia' is full. Back up the transaction log for the database to free up some log space. (9002) (SQLExecDirectW)")
2026-03-27 11:35:26 [ERROR] [DB] Todos los intentos (3) fallaron. Ultimo error: ('42000', "[42000] [Microsoft][ODBC SQL Server Driver][SQL Server]The log file for database 'rep_post_dia' is full. Back up the transaction log for the database to free up some log space. (9002) (SQLExecDirectW)")
2026-03-27 11:35:26 [ERROR] Error crítico en el proceso: Fallo de DB (SP Carga Tasa) tras 3 intentos: ('42000', "[42000] [Microsoft][ODBC SQL Server Driver][SQL Server]The log file for database 'rep_post_dia' is full. Back up the transaction log for the database to free up some log space. (9002) (SQLExecDirectW)")
2026-03-27 11:35:29 [INFO] Notificación de fallo enviada: FALLO CRITICO - Carga de Tasa
2026-03-27 11:35:29 [INFO] === FIN DEL PROCESO ===
2026-03-27 11:51:53 [INFO] === INICIANDO PROCESO DE ACTUALIZACIÓN DE TASAS BCV ===
2026-03-27 11:51:53 [INFO] Estado de correo limpiado. Registros de los últimos 15 días mantenidos.
2026-03-27 11:51:53 [INFO] Conexión a SQL Server 2019 (MilPagos) exitosa.
2026-03-27 11:51:53 [INFO] Intentando descargar 2_1_2a26_smc.xls desde https://www.bcv.org.ve/sites/default/files/EstadisticasGeneral/2_1_2a26_smc.xls...
2026-03-27 11:51:54 [INFO] Archivo descargado: logs\2_1_2a26_smc.xls
2026-03-27 11:51:54 [INFO] Iniciando extracción del archivo...
2026-03-27 11:51:55 [INFO] Datos BCV encontrados: Compra=467.3432, Venta=468.5145, Fecha=2026-03-27
2026-03-27 11:51:55 [INFO] Datos oficiales obtenidos exitosamente para la fecha: 2026-03-27
2026-03-27 11:51:55 [INFO] [DB] Intento 1/3: Ejecutando SP sp_carga_tasa para manana - fecha=2026-03-27
2026-03-27 11:51:55 [INFO] Conexión a SQL Server 2000 (rep_post_dia) exitosa.
2026-03-27 11:51:55 [WARNING] [DB] Intento 1 falló: ('42000', "[42000] [Microsoft][ODBC SQL Server Driver][SQL Server]The log file for database 'rep_post_dia' is full. Back up the transaction log for the database to free up some log space. (9002) (SQLExecDirectW)")
2026-03-27 11:51:55 [INFO] Esperando 1.0 segundos antes del siguiente intento...
2026-03-27 11:51:56 [INFO] [DB] Intento 2/3: Ejecutando SP sp_carga_tasa para manana - fecha=2026-03-27
2026-03-27 11:51:56 [INFO] Conexión a SQL Server 2000 (rep_post_dia) exitosa.
2026-03-27 11:51:56 [WARNING] [DB] Intento 2 falló: ('42000', "[42000] [Microsoft][ODBC SQL Server Driver][SQL Server]The log file for database 'rep_post_dia' is full. Back up the transaction log for the database to free up some log space. (9002) (SQLExecDirectW)")
2026-03-27 11:51:56 [INFO] Esperando 1.0 segundos antes del siguiente intento...
2026-03-27 11:51:57 [INFO] [DB] Intento 3/3: Ejecutando SP sp_carga_tasa para manana - fecha=2026-03-27
2026-03-27 11:51:57 [INFO] Conexión a SQL Server 2000 (rep_post_dia) exitosa.
2026-03-27 11:51:57 [WARNING] [DB] Intento 3 falló: ('42000', "[42000] [Microsoft][ODBC SQL Server Driver][SQL Server]The log file for database 'rep_post_dia' is full. Back up the transaction log for the database to free up some log space. (9002) (SQLExecDirectW)")
2026-03-27 11:51:57 [ERROR] [DB] Todos los intentos (3) fallaron. Ultimo error: ('42000', "[42000] [Microsoft][ODBC SQL Server Driver][SQL Server]The log file for database 'rep_post_dia' is full. Back up the transaction log for the database to free up some log space. (9002) (SQLExecDirectW)")
2026-03-27 11:51:57 [ERROR] Error crítico en el proceso: Fallo de DB (SP Carga Tasa) tras 3 intentos: ('42000', "[42000] [Microsoft][ODBC SQL Server Driver][SQL Server]The log file for database 'rep_post_dia' is full. Back up the transaction log for the database to free up some log space. (9002) (SQLExecDirectW)")
2026-03-27 11:52:00 [INFO] Notificación de fallo enviada: FALLO CRITICO - Carga de Tasa
2026-03-27 11:52:00 [INFO] === FIN DEL PROCESO ===
2026-03-27 14:32:08 [INFO] === INICIANDO PROCESO DE ACTUALIZACIÓN DE TASAS BCV ===
2026-03-27 14:32:08 [INFO] Estado de correo limpiado. Registros de los últimos 15 días mantenidos.
2026-03-27 14:32:08 [INFO] Conexión a SQL Server 2019 (MilPagos) exitosa.
2026-03-27 14:32:08 [INFO] Intentando descargar 2_1_2a26_smc.xls desde https://www.bcv.org.ve/sites/default/files/EstadisticasGeneral/2_1_2a26_smc.xls...
2026-03-27 14:32:11 [INFO] Archivo descargado: logs\2_1_2a26_smc.xls
2026-03-27 14:32:11 [INFO] Iniciando extracción del archivo...
2026-03-27 14:32:11 [INFO] Datos BCV encontrados: Compra=467.3432, Venta=468.5145, Fecha=2026-03-27
2026-03-27 14:32:12 [INFO] Datos oficiales obtenidos exitosamente para la fecha: 2026-03-27
2026-03-27 14:32:12 [INFO] [DB] Intento 1/3: Ejecutando SP sp_carga_tasa para manana - fecha=2026-03-27
2026-03-27 14:32:12 [INFO] Conexión a SQL Server 2000 (rep_post_dia) exitosa.
2026-03-27 14:32:12 [WARNING] [DB] Intento 1 falló: ('42000', "[42000] [Microsoft][ODBC SQL Server Driver][SQL Server]The log file for database 'rep_post_dia' is full. Back up the transaction log for the database to free up some log space. (9002) (SQLExecDirectW)")
2026-03-27 14:32:12 [INFO] Esperando 1.0 segundos antes del siguiente intento...
2026-03-27 14:32:13 [INFO] [DB] Intento 2/3: Ejecutando SP sp_carga_tasa para manana - fecha=2026-03-27
2026-03-27 14:32:13 [INFO] Conexión a SQL Server 2000 (rep_post_dia) exitosa.
2026-03-27 14:32:13 [WARNING] [DB] Intento 2 falló: ('42000', "[42000] [Microsoft][ODBC SQL Server Driver][SQL Server]The log file for database 'rep_post_dia' is full. Back up the transaction log for the database to free up some log space. (9002) (SQLExecDirectW)")
2026-03-27 14:32:13 [INFO] Esperando 1.0 segundos antes del siguiente intento...
2026-03-27 14:32:14 [INFO] [DB] Intento 3/3: Ejecutando SP sp_carga_tasa para manana - fecha=2026-03-27
2026-03-27 14:32:14 [INFO] Conexión a SQL Server 2000 (rep_post_dia) exitosa.
2026-03-27 14:32:14 [WARNING] [DB] Intento 3 falló: ('42000', "[42000] [Microsoft][ODBC SQL Server Driver][SQL Server]The log file for database 'rep_post_dia' is full. Back up the transaction log for the database to free up some log space. (9002) (SQLExecDirectW)")
2026-03-27 14:32:14 [ERROR] [DB] Todos los intentos (3) fallaron. Ultimo error: ('42000', "[42000] [Microsoft][ODBC SQL Server Driver][SQL Server]The log file for database 'rep_post_dia' is full. Back up the transaction log for the database to free up some log space. (9002) (SQLExecDirectW)")
2026-03-27 14:32:14 [ERROR] Error crítico en el proceso: Fallo de DB (SP Carga Tasa) tras 3 intentos: ('42000', "[42000] [Microsoft][ODBC SQL Server Driver][SQL Server]The log file for database 'rep_post_dia' is full. Back up the transaction log for the database to free up some log space. (9002) (SQLExecDirectW)")
2026-03-27 14:32:18 [INFO] Notificación de fallo enviada: FALLO CRITICO - Carga de Tasa
2026-03-27 14:32:18 [INFO] === FIN DEL PROCESO ===
2026-03-27 14:49:19 [INFO] === INICIANDO PROCESO DE ACTUALIZACIÓN DE TASAS BCV ===
2026-03-27 14:49:19 [INFO] Estado de correo limpiado. Registros de los últimos 15 días mantenidos.
2026-03-27 14:49:19 [INFO] Conexión a SQL Server 2019 (MilPagos) exitosa.
2026-03-27 14:49:19 [INFO] Intentando descargar 2_1_2a26_smc.xls desde https://www.bcv.org.ve/sites/default/files/EstadisticasGeneral/2_1_2a26_smc.xls...
2026-03-27 14:49:20 [INFO] Archivo descargado: logs\2_1_2a26_smc.xls
2026-03-27 14:49:20 [INFO] Iniciando extracción del archivo...
2026-03-27 14:49:20 [INFO] Datos BCV encontrados: Compra=467.3432, Venta=468.5145, Fecha=2026-03-27
2026-03-27 14:49:20 [INFO] Datos oficiales obtenidos exitosamente para la fecha: 2026-03-27
2026-03-27 14:49:20 [INFO] [DB] Intento 1/3: Ejecutando SP sp_carga_tasa para manana - fecha=2026-03-27
2026-03-27 14:49:20 [INFO] Conexión a SQL Server 2000 (rep_post_dia) exitosa.
2026-03-27 14:49:20 [WARNING] [DB] Intento 1 falló: ('42000', "[42000] [Microsoft][ODBC SQL Server Driver][SQL Server]The log file for database 'rep_post_dia' is full. Back up the transaction log for the database to free up some log space. (9002) (SQLExecDirectW)")
2026-03-27 14:49:20 [INFO] Esperando 1.0 segundos antes del siguiente intento...
2026-03-27 14:49:21 [INFO] [DB] Intento 2/3: Ejecutando SP sp_carga_tasa para manana - fecha=2026-03-27
2026-03-27 14:49:21 [INFO] Conexión a SQL Server 2000 (rep_post_dia) exitosa.
2026-03-27 14:49:21 [WARNING] [DB] Intento 2 falló: ('42000', "[42000] [Microsoft][ODBC SQL Server Driver][SQL Server]The log file for database 'rep_post_dia' is full. Back up the transaction log for the database to free up some log space. (9002) (SQLExecDirectW)")
2026-03-27 14:49:21 [INFO] Esperando 1.0 segundos antes del siguiente intento...
2026-03-27 14:49:22 [INFO] [DB] Intento 3/3: Ejecutando SP sp_carga_tasa para manana - fecha=2026-03-27
2026-03-27 14:49:23 [INFO] Conexión a SQL Server 2000 (rep_post_dia) exitosa.
2026-03-27 14:49:23 [WARNING] [DB] Intento 3 falló: ('42000', "[42000] [Microsoft][ODBC SQL Server Driver][SQL Server]The log file for database 'rep_post_dia' is full. Back up the transaction log for the database to free up some log space. (9002) (SQLExecDirectW)")
2026-03-27 14:49:23 [ERROR] [DB] Todos los intentos (3) fallaron. Ultimo error: ('42000', "[42000] [Microsoft][ODBC SQL Server Driver][SQL Server]The log file for database 'rep_post_dia' is full. Back up the transaction log for the database to free up some log space. (9002) (SQLExecDirectW)")
2026-03-27 14:49:23 [ERROR] Error crítico en el proceso: Fallo de DB (SP Carga Tasa) tras 3 intentos: ('42000', "[42000] [Microsoft][ODBC SQL Server Driver][SQL Server]The log file for database 'rep_post_dia' is full. Back up the transaction log for the database to free up some log space. (9002) (SQLExecDirectW)")
2026-03-27 14:49:25 [INFO] Notificación de fallo enviada: FALLO CRITICO - Carga de Tasa
2026-03-27 14:49:25 [INFO] === FIN DEL PROCESO ===
2026-03-27 15:03:42 [INFO] === INICIANDO PROCESO DE ACTUALIZACIÓN DE TASAS BCV ===
2026-03-27 15:03:42 [INFO] Estado de correo limpiado. Registros de los últimos 15 días mantenidos.
2026-03-27 15:03:42 [INFO] Conexión a SQL Server 2019 (MilPagos) exitosa.
2026-03-27 15:03:42 [INFO] Intentando descargar 2_1_2a26_smc.xls desde https://www.bcv.org.ve/sites/default/files/EstadisticasGeneral/2_1_2a26_smc.xls...
2026-03-27 15:03:43 [INFO] Archivo descargado: logs\2_1_2a26_smc.xls
2026-03-27 15:03:43 [INFO] Iniciando extracción del archivo...
2026-03-27 15:03:43 [INFO] Datos BCV encontrados: Compra=467.3432, Venta=468.5145, Fecha=2026-03-27
2026-03-27 15:03:43 [INFO] Datos oficiales obtenidos exitosamente para la fecha: 2026-03-27
2026-03-27 15:03:43 [INFO] [DB] Intento 1/3: Ejecutando SP sp_carga_tasa para manana - fecha=2026-03-27
2026-03-27 15:03:43 [INFO] Conexión a SQL Server 2000 (rep_post_dia) exitosa.
2026-03-27 15:03:43 [WARNING] [DB] Intento 1 falló: ('42000', "[42000] [Microsoft][ODBC SQL Server Driver][SQL Server]The log file for database 'rep_post_dia' is full. Back up the transaction log for the database to free up some log space. (9002) (SQLExecDirectW)")
2026-03-27 15:03:43 [INFO] Esperando 1.0 segundos antes del siguiente intento...
2026-03-27 15:03:44 [INFO] [DB] Intento 2/3: Ejecutando SP sp_carga_tasa para manana - fecha=2026-03-27
2026-03-27 15:03:44 [INFO] Conexión a SQL Server 2000 (rep_post_dia) exitosa.
2026-03-27 15:03:44 [WARNING] [DB] Intento 2 falló: ('42000', "[42000] [Microsoft][ODBC SQL Server Driver][SQL Server]The log file for database 'rep_post_dia' is full. Back up the transaction log for the database to free up some log space. (9002) (SQLExecDirectW)")
2026-03-27 15:03:44 [INFO] Esperando 1.0 segundos antes del siguiente intento...
2026-03-27 15:03:45 [INFO] [DB] Intento 3/3: Ejecutando SP sp_carga_tasa para manana - fecha=2026-03-27
2026-03-27 15:03:45 [INFO] Conexión a SQL Server 2000 (rep_post_dia) exitosa.
2026-03-27 15:03:45 [WARNING] [DB] Intento 3 falló: ('42000', "[42000] [Microsoft][ODBC SQL Server Driver][SQL Server]The log file for database 'rep_post_dia' is full. Back up the transaction log for the database to free up some log space. (9002) (SQLExecDirectW)")
2026-03-27 15:03:45 [ERROR] [DB] Todos los intentos (3) fallaron. Ultimo error: ('42000', "[42000] [Microsoft][ODBC SQL Server Driver][SQL Server]The log file for database 'rep_post_dia' is full. Back up the transaction log for the database to free up some log space. (9002) (SQLExecDirectW)")
2026-03-27 15:03:45 [ERROR] Error crítico en el proceso: Fallo de DB (SP Carga Tasa) tras 3 intentos: ('42000', "[42000] [Microsoft][ODBC SQL Server Driver][SQL Server]The log file for database 'rep_post_dia' is full. Back up the transaction log for the database to free up some log space. (9002) (SQLExecDirectW)")
2026-03-27 15:03:48 [INFO] Notificación de fallo enviada: FALLO CRITICO - Carga de Tasa
2026-03-27 15:03:48 [INFO] === FIN DEL PROCESO ===
2026-03-27 15:13:42 [INFO] === INICIANDO PROCESO DE ACTUALIZACIÓN DE TASAS BCV ===
2026-03-27 15:13:42 [INFO] Estado de correo limpiado. Registros de los últimos 15 días mantenidos.
2026-03-27 15:13:42 [INFO] Conexión a SQL Server 2019 (MilPagos) exitosa.
2026-03-27 15:13:42 [INFO] Intentando descargar 2_1_2a26_smc.xls desde https://www.bcv.org.ve/sites/default/files/EstadisticasGeneral/2_1_2a26_smc.xls...
2026-03-27 15:13:42 [INFO] Archivo descargado: logs\2_1_2a26_smc.xls
2026-03-27 15:13:42 [INFO] Iniciando extracción del archivo...
2026-03-27 15:13:42 [INFO] Datos BCV encontrados: Compra=467.3432, Venta=468.5145, Fecha=2026-03-27
2026-03-27 15:13:42 [INFO] Datos oficiales obtenidos exitosamente para la fecha: 2026-03-27
2026-03-27 15:13:42 [INFO] [DB] Intento 1/3: Ejecutando SP sp_carga_tasa para manana - fecha=2026-03-27
2026-03-27 15:13:43 [INFO] Conexión a SQL Server 2000 (rep_post_dia) exitosa.
2026-03-27 15:13:43 [INFO] [DB] SP returned rc=0 (success) for fecha=2026-03-27; no verification SELECT required.
2026-03-27 15:13:43 [INFO] Conectando a SMTP en puerto 587...
2026-03-27 15:13:45 [INFO] Correo enviado exitosamente - ACTUALIZACIÓN 1/2 BCV: Tasa de COMPRA USD - 27/03/2026 (467.3432)
2026-03-27 15:13:45 [INFO] === FIN DEL PROCESO ===
