2025-12-01 08:16:19 [INFO] Iniciando proceso BCV...
2025-12-01 08:16:19 [INFO] Estado de correo limpiado. Registros de los últimos 10 días mantenidos.
2025-12-01 08:16:19 [INFO] Modo de ejecución detectado: MANANA
2025-12-01 08:16:19 [INFO] Conexión a SQL Server 2019 (MilPagos) exitosa.
2025-12-01 08:16:19 [INFO] Intentando descargar 2_1_2d25_smc.xls desde https://www.bcv.org.ve/sites/default/files/EstadisticasGeneral/2_1_2d25_smc.xls...
2025-12-01 08:16:19 [INFO] Archivo descargado: logs\2_1_2d25_smc.xls
2025-12-01 08:16:19 [INFO] Iniciando extracción del archivo...
2025-12-01 08:16:20 [INFO] Datos BCV encontrados: Compra=246.682, Venta=247.3003, Fecha=2025-12-01
2025-12-01 08:16:20 [INFO] Conexión a SQL Server 2000 (rep_post_dia) exitosa.
2025-12-01 08:16:20 [INFO] Ejecutando SP en SQL 2000 para manana: EXEC [rep_post_dia].[dbo].[sp_carga_tasa] 
        'manana',
        '2025-12-01',
        246.682, 
        247.3003
2025-12-01 08:16:20 [INFO] SP ejecutado correctamente. Tasas actualizadas en BD final.
2025-12-01 08:16:20 [INFO] Conectando a SMTP en puerto 587...
2025-12-01 08:16:24 [INFO] Correo enviado exitosamente - ACTUALIZACIÓN 1/2 BCV: Tasa de COMPRA USD - 01/12/2025 (246.6820)
2025-12-01 08:16:24 [INFO] Proceso completado correctamente.
2025-12-01 08:16:24 [INFO] Archivo temporal 2_1_2d25_smc.xls eliminado.
2025-12-01 08:16:44 [INFO] Iniciando proceso BCV...
2025-12-01 08:16:44 [INFO] Estado de correo limpiado. Registros de los últimos 10 días mantenidos.
2025-12-01 08:16:44 [INFO] Modo de ejecución detectado: TARDE
2025-12-01 08:16:44 [INFO] Conexión a SQL Server 2019 (MilPagos) exitosa.
2025-12-01 08:16:44 [INFO] Intentando descargar 2_1_2d25_smc.xls desde https://www.bcv.org.ve/sites/default/files/EstadisticasGeneral/2_1_2d25_smc.xls...
2025-12-01 08:16:44 [INFO] Archivo descargado: logs\2_1_2d25_smc.xls
2025-12-01 08:16:44 [INFO] Iniciando extracción del archivo...
2025-12-01 08:16:44 [INFO] Datos BCV encontrados: Compra=246.682, Venta=247.3003, Fecha=2025-12-01
2025-12-01 08:16:44 [INFO] Conexión a SQL Server 2000 (rep_post_dia) exitosa.
2025-12-01 08:16:44 [INFO] Ejecutando SP en SQL 2000 para tarde: EXEC [rep_post_dia].[dbo].[sp_carga_tasa] 
        'tarde',
        '2025-12-01',
        246.682, 
        247.3003
2025-12-01 08:16:44 [INFO] SP ejecutado correctamente. Tasas actualizadas en BD final.
2025-12-01 08:16:44 [INFO] Conectando a SMTP en puerto 587...
2025-12-01 08:16:47 [INFO] Correo enviado exitosamente - PROCESO FINALIZADO BCV: Tasas 01/12/2025 | C:246.6820 V:247.3003
2025-12-01 08:16:47 [INFO] Proceso completado correctamente.
2025-12-01 08:16:47 [INFO] Archivo temporal 2_1_2d25_smc.xls eliminado.
2025-12-01 09:58:40 [INFO] Iniciando proceso BCV...
2025-12-01 09:58:40 [INFO] Estado de correo limpiado. Registros de los últimos 10 días mantenidos.
2025-12-01 09:58:40 [INFO] Modo de ejecución detectado: TARDE
2025-12-01 09:58:40 [INFO] Conexión a SQL Server 2019 (MilPagos) exitosa.
2025-12-01 09:58:40 [INFO] Intentando descargar 2_1_2d25_smc.xls desde https://www.bcv.org.ve/sites/default/files/EstadisticasGeneral/2_1_2d25_smc.xls...
2025-12-01 09:58:41 [INFO] Archivo descargado: logs\2_1_2d25_smc.xls
2025-12-01 09:58:41 [INFO] Iniciando extracción del archivo...
2025-12-01 09:58:41 [INFO] Datos BCV encontrados: Compra=246.682, Venta=247.3003, Fecha=2025-12-01
2025-12-01 09:58:41 [WARNING] Tasa de VENTA para 2025-12-01 ya enviada. Omitiendo.
2025-12-01 09:58:41 [INFO] Proceso completado correctamente.
2025-12-01 09:58:41 [INFO] Archivo temporal 2_1_2d25_smc.xls eliminado.
