2025-12-30 08:45:06 [INFO] Iniciando proceso BCV...
2025-12-30 08:45:06 [INFO] Estado de correo limpiado. Registros de los últimos 10 días mantenidos.
2025-12-30 08:45:06 [INFO] Modo de ejecución detectado: MANANA
2025-12-30 08:45:06 [INFO] Conexión a SQL Server 2019 (MilPagos) exitosa.
2025-12-30 08:45:06 [INFO] Intentando descargar 2_1_2d25_smc.xls desde https://www.bcv.org.ve/sites/default/files/EstadisticasGeneral/2_1_2d25_smc.xls...
2025-12-30 08:45:07 [INFO] Archivo descargado: logs\2_1_2d25_smc.xls
2025-12-30 08:45:07 [INFO] Iniciando extracción del archivo...
2025-12-30 08:45:07 [INFO] Datos BCV encontrados: Compra=297.3977, Venta=298.1431, Fecha=2025-12-30
2025-12-30 08:45:07 [INFO] [DB] Intento 1/3: Ejecutando SP sp_carga_tasa para manana - fecha=2025-12-30
2025-12-30 08:45:08 [INFO] Conexión a SQL Server 2000 (rep_post_dia) exitosa.
2025-12-30 08:45:08 [INFO] [DB] SP returned rc=0 (success) for fecha=2025-12-30; no verification SELECT required.
2025-12-30 08:45:08 [INFO] Conectando a SMTP en puerto 587...
2025-12-30 08:45:10 [INFO] Correo enviado exitosamente - ACTUALIZACIÓN 1/2 BCV: Tasa de COMPRA USD - 30/12/2025 (297.3977)
2025-12-30 08:45:10 [INFO] Proceso completado correctamente.
2025-12-30 08:45:10 [INFO] Archivo temporal 2_1_2d25_smc.xls eliminado.
2025-12-30 16:46:13 [INFO] Iniciando proceso BCV...
2025-12-30 16:46:13 [INFO] Estado de correo limpiado. Registros de los últimos 10 días mantenidos.
2025-12-30 16:46:13 [INFO] Modo de ejecución detectado: MANANA
2025-12-30 16:46:13 [INFO] Conexión a SQL Server 2019 (MilPagos) exitosa.
2025-12-30 16:46:13 [INFO] Intentando descargar 2_1_2d25_smc.xls desde https://www.bcv.org.ve/sites/default/files/EstadisticasGeneral/2_1_2d25_smc.xls...
2025-12-30 16:46:14 [INFO] Archivo descargado: logs\2_1_2d25_smc.xls
2025-12-30 16:46:14 [INFO] Iniciando extracción del archivo...
2025-12-30 16:46:14 [INFO] Datos BCV encontrados: Compra=297.3977, Venta=298.1431, Fecha=2025-12-30
2025-12-30 16:46:14 [WARNING] Tasa de COMPRA para 2025-12-30 ya enviada. Omitiendo.
2025-12-30 16:46:14 [INFO] Proceso completado correctamente.
2025-12-30 16:46:14 [INFO] Archivo temporal 2_1_2d25_smc.xls eliminado.
2025-12-30 16:47:31 [INFO] Iniciando proceso BCV...
2025-12-30 16:47:31 [INFO] Estado de correo limpiado. Registros de los últimos 10 días mantenidos.
2025-12-30 16:47:31 [INFO] Modo de ejecución detectado: MANANA
2025-12-30 16:47:31 [INFO] Conexión a SQL Server 2019 (MilPagos) exitosa.
2025-12-30 16:47:31 [INFO] Intentando descargar 2_1_2d25_smc.xls desde https://www.bcv.org.ve/sites/default/files/EstadisticasGeneral/2_1_2d25_smc.xls...
2025-12-30 16:47:32 [INFO] Archivo descargado: logs\2_1_2d25_smc.xls
2025-12-30 16:47:32 [INFO] Iniciando extracción del archivo...
2025-12-30 16:47:32 [INFO] Datos BCV encontrados: Compra=297.3977, Venta=298.1431, Fecha=2025-12-30
2025-12-30 16:47:32 [WARNING] Tasa de COMPRA para 2025-12-30 ya enviada. Omitiendo.
2025-12-30 16:47:32 [INFO] Proceso completado correctamente.
2025-12-30 16:47:32 [INFO] Archivo temporal 2_1_2d25_smc.xls eliminado.
2025-12-30 16:48:07 [INFO] Iniciando proceso BCV...
2025-12-30 16:48:07 [INFO] Estado de correo limpiado. Registros de los últimos 10 días mantenidos.
2025-12-30 16:48:07 [INFO] Modo de ejecución detectado: MANANA
2025-12-30 16:48:08 [INFO] Conexión a SQL Server 2019 (MilPagos) exitosa.
2025-12-30 16:48:08 [INFO] Intentando descargar 2_1_2d25_smc.xls desde https://www.bcv.org.ve/sites/default/files/EstadisticasGeneral/2_1_2d25_smc.xls...
2025-12-30 16:48:08 [INFO] Archivo descargado: logs\2_1_2d25_smc.xls
2025-12-30 16:48:08 [INFO] Iniciando extracción del archivo...
2025-12-30 16:48:08 [INFO] Datos BCV encontrados: Compra=297.3977, Venta=298.1431, Fecha=2025-12-30
2025-12-30 16:48:08 [INFO] [DB] Intento 1/3: Ejecutando SP sp_carga_tasa para manana - fecha=2025-12-30
2025-12-30 16:48:08 [INFO] Conexión a SQL Server 2000 (rep_post_dia) exitosa.
2025-12-30 16:48:08 [INFO] [DB] SP returned rc=0 (success) for fecha=2025-12-30; no verification SELECT required.
2025-12-30 16:48:08 [INFO] Conectando a SMTP en puerto 587...
2025-12-30 16:48:11 [INFO] Correo enviado exitosamente - ACTUALIZACIÓN 1/2 BCV: Tasa de COMPRA USD - 30/12/2025 (297.3977)
2025-12-30 16:48:11 [INFO] Proceso completado correctamente.
2025-12-30 16:48:11 [INFO] Archivo temporal 2_1_2d25_smc.xls eliminado.
2025-12-30 17:14:25 [INFO] Iniciando proceso BCV...
2025-12-30 17:14:25 [INFO] Estado de correo limpiado. Registros de los últimos 10 días mantenidos.
2025-12-30 17:14:25 [INFO] Modo de ejecución detectado: TARDE
2025-12-30 17:14:25 [INFO] Conexión a SQL Server 2019 (MilPagos) exitosa.
2025-12-30 17:14:25 [INFO] Intentando descargar 2_1_2d25_smc.xls desde https://www.bcv.org.ve/sites/default/files/EstadisticasGeneral/2_1_2d25_smc.xls...
2025-12-30 17:14:25 [INFO] Archivo descargado: logs\2_1_2d25_smc.xls
2025-12-30 17:14:25 [INFO] Iniciando extracción del archivo...
2025-12-30 17:14:26 [INFO] Datos BCV encontrados: Compra=300.6174, Venta=301.3709, Fecha=2025-12-30
2025-12-30 17:14:26 [INFO] [DB] Intento 1/3: Ejecutando SP sp_carga_tasa para tarde - fecha=2025-12-30
2025-12-30 17:14:26 [INFO] Conexión a SQL Server 2000 (rep_post_dia) exitosa.
2025-12-30 17:14:26 [INFO] [DB] SP returned rc=0 (success) for fecha=2025-12-30; no verification SELECT required.
2025-12-30 17:14:26 [INFO] Conectando a SMTP en puerto 587...
2025-12-30 17:14:29 [INFO] Correo enviado exitosamente - PROCESO FINALIZADO BCV: Tasas 30/12/2025 | C:300.6174 V:301.3709
2025-12-30 17:14:29 [INFO] Proceso completado correctamente.
2025-12-30 17:14:29 [INFO] Archivo temporal 2_1_2d25_smc.xls eliminado.
