2025-11-26 10:16:27 [INFO] Iniciando proceso BCV...
2025-11-26 10:16:27 [INFO] Modo de ejecución detectado: TARDE
2025-11-26 10:16:27 [INFO] Conexión a SQL Server 2019 (MilPagos) exitosa.
2025-11-26 10:16:27 [INFO] Intentando descargar 2_1_2d25_smc.xls desde https://www.bcv.org.ve/sites/default/files/EstadisticasGeneral/2_1_2d25_smc.xls...
2025-11-26 10:16:28 [INFO] Archivo descargado: logs\2_1_2d25_smc.xls
2025-11-26 10:16:28 [INFO] Iniciando extracción del archivo...
2025-11-26 10:16:28 [INFO] Datos BCV encontrados: Compra=242.9637, Venta=243.5727, Fecha=2025-11-26
2025-11-26 10:16:28 [INFO] Conexión a SQL Server 2000 (rep_post_dia) exitosa.
2025-11-26 10:16:28 [INFO] Ejecutando SP en SQL 2000 para tarde: EXEC [rep_post_dia].[dbo].[sp_carga_tasa] 
        'tarde',
        '2025-11-26',
        242.9637, 
        243.5727
2025-11-26 10:16:28 [INFO] SP ejecutado correctamente. Tasas actualizadas en BD final.
2025-11-26 10:16:28 [INFO] Intentando conexión via SMTP_SSL en puerto 587...
2025-11-26 10:16:28 [WARNING] Fallo conexion SSL (465): [SSL: WRONG_VERSION_NUMBER] wrong version number (_ssl.c:997)
2025-11-26 10:16:28 [INFO] Intentando fallback via STARTTLS en puerto 587...
2025-11-26 10:16:29 [ERROR] Error CRITICO enviando correo (Fallo en ambos metodos): 'ascii' codec can't encode character '\xa1' in position 19: ordinal not in range(128)
2025-11-26 10:16:29 [INFO] Proceso completado correctamente.
2025-11-26 10:16:29 [INFO] Archivo temporal 2_1_2d25_smc.xls eliminado.
2025-11-26 11:26:40 [INFO] Iniciando proceso BCV...
2025-11-26 11:26:40 [INFO] Modo de ejecución detectado: TARDE
2025-11-26 11:26:40 [INFO] Intentando descargar archivo BCV desde: https://www.bcv.org.ve/sites/default/files/indicadores_sector_externo/2_1_1_tdc.xls
2025-11-26 11:26:40 [INFO] Descarga exitosa. Archivo guardado en: logs\tasas_bcv_temp.xls
2025-11-26 11:26:40 [ERROR] Error al extraer tasas del Excel: 'float' object has no attribute 'split'
2025-11-26 11:26:40 [CRITICAL] FALLO CRÍTICO DE DESCARGA O EXTRACCIÓN: 'float' object has no attribute 'split'
2025-11-26 11:26:41 [ERROR] Error enviando correo (SMTP): 'ascii' codec can't encode character '\xa1' in position 19: ordinal not in range(128)
2025-11-26 11:26:41 [ERROR] Error crítico en la ejecución principal: 'float' object has no attribute 'split'
2025-11-26 11:26:41 [INFO] Archivo temporal tasas_bcv_temp.xls eliminado.
2025-11-26 11:27:10 [INFO] Iniciando proceso BCV...
2025-11-26 11:27:10 [INFO] Modo de ejecución detectado: MANANA
2025-11-26 11:27:10 [INFO] Intentando descargar archivo BCV desde: https://www.bcv.org.ve/sites/default/files/indicadores_sector_externo/2_1_1_tdc.xls
2025-11-26 11:27:10 [INFO] Descarga exitosa. Archivo guardado en: logs\tasas_bcv_temp.xls
2025-11-26 11:27:10 [ERROR] Error al extraer tasas del Excel: 'float' object has no attribute 'split'
2025-11-26 11:27:10 [CRITICAL] FALLO CRÍTICO DE DESCARGA O EXTRACCIÓN: 'float' object has no attribute 'split'
2025-11-26 11:27:11 [ERROR] Error enviando correo (SMTP): 'ascii' codec can't encode character '\xa1' in position 19: ordinal not in range(128)
2025-11-26 11:27:11 [ERROR] Error crítico en la ejecución principal: 'float' object has no attribute 'split'
2025-11-26 11:27:11 [INFO] Archivo temporal tasas_bcv_temp.xls eliminado.
2025-11-26 15:04:27 [INFO] Iniciando proceso BCV...
2025-11-26 15:04:27 [INFO] Modo de ejecución detectado: MANANA
2025-11-26 15:04:27 [INFO] Conexión a SQL Server 2019 (MilPagos) exitosa.
2025-11-26 15:04:27 [INFO] Intentando descargar 2_1_2d25_smc.xls desde https://www.bcv.org.ve/sites/default/files/EstadisticasGeneral/2_1_2d25_smc.xls...
2025-11-26 15:04:28 [INFO] Archivo descargado: logs\2_1_2d25_smc.xls
2025-11-26 15:04:28 [INFO] Iniciando extracción del archivo...
2025-11-26 15:04:28 [INFO] Datos BCV encontrados: Compra=242.9637, Venta=243.5727, Fecha=2025-11-26
2025-11-26 15:04:29 [INFO] Conexión a SQL Server 2000 (rep_post_dia) exitosa.
2025-11-26 15:04:29 [INFO] Ejecutando SP en SQL 2000 para manana: EXEC [rep_post_dia].[dbo].[sp_carga_tasa] 
        'manana',
        '2025-11-26',
        242.9637, 
        243.5727
2025-11-26 15:04:29 [INFO] SP ejecutado correctamente. Tasas actualizadas en BD final.
2025-11-26 15:04:29 [INFO] Intentando conexión via SMTP_SSL en puerto 587...
2025-11-26 15:04:29 [WARNING] Fallo conexion SSL (465): [SSL: WRONG_VERSION_NUMBER] wrong version number (_ssl.c:997)
2025-11-26 15:04:29 [INFO] Intentando fallback via STARTTLS en puerto 587...
2025-11-26 15:04:30 [ERROR] Error CRITICO enviando correo (Fallo en ambos metodos): 'ascii' codec can't encode character '\xa1' in position 19: ordinal not in range(128)
2025-11-26 15:04:30 [INFO] Proceso completado correctamente.
2025-11-26 15:04:30 [INFO] Archivo temporal 2_1_2d25_smc.xls eliminado.
2025-11-26 15:28:03 [INFO] Iniciando proceso BCV...
2025-11-26 15:28:03 [INFO] Modo de ejecución detectado: MANANA
2025-11-26 15:28:03 [INFO] Conexión a SQL Server 2019 (MilPagos) exitosa.
2025-11-26 15:28:03 [INFO] Intentando descargar 2_1_2d25_smc.xls desde https://www.bcv.org.ve/sites/default/files/EstadisticasGeneral/2_1_2d25_smc.xls...
2025-11-26 15:28:04 [INFO] Archivo descargado: logs\2_1_2d25_smc.xls
2025-11-26 15:28:04 [INFO] Iniciando extracción del archivo...
2025-11-26 15:28:04 [INFO] Datos BCV encontrados: Compra=242.9637, Venta=243.5727, Fecha=2025-11-26
2025-11-26 15:28:04 [INFO] Conexión a SQL Server 2000 (rep_post_dia) exitosa.
2025-11-26 15:28:04 [INFO] Ejecutando SP en SQL 2000 para manana: EXEC [rep_post_dia].[dbo].[sp_carga_tasa] 
        'manana',
        '2025-11-26',
        242.9637, 
        243.5727
2025-11-26 15:28:04 [INFO] SP ejecutado correctamente. Tasas actualizadas en BD final.
2025-11-26 15:28:04 [INFO] Conectando a SMTP en puerto 587...
2025-11-26 15:28:04 [ERROR] Error enviando correo: 'ascii' codec can't encode character '\xa1' in position 19: ordinal not in range(128)
2025-11-26 15:28:04 [INFO] Proceso completado correctamente.
2025-11-26 15:28:04 [INFO] Archivo temporal 2_1_2d25_smc.xls eliminado.
2025-11-26 15:42:10 [INFO] Iniciando proceso BCV...
2025-11-26 15:42:10 [INFO] Modo de ejecución detectado: MANANA
2025-11-26 15:42:10 [INFO] Conexión a SQL Server 2019 (MilPagos) exitosa.
2025-11-26 15:42:10 [INFO] Intentando descargar 2_1_2d25_smc.xls desde https://www.bcv.org.ve/sites/default/files/EstadisticasGeneral/2_1_2d25_smc.xls...
2025-11-26 15:42:11 [INFO] Archivo descargado: logs\2_1_2d25_smc.xls
2025-11-26 15:42:11 [INFO] Iniciando extracción del archivo...
2025-11-26 15:42:11 [INFO] Datos BCV encontrados: Compra=242.9637, Venta=243.5727, Fecha=2025-11-26
2025-11-26 15:42:11 [INFO] Conexión a SQL Server 2000 (rep_post_dia) exitosa.
2025-11-26 15:42:11 [INFO] Ejecutando SP en SQL 2000 para manana: EXEC [rep_post_dia].[dbo].[sp_carga_tasa] 
        'manana',
        '2025-11-26',
        242.9637, 
        243.5727
2025-11-26 15:42:11 [INFO] SP ejecutado correctamente. Tasas actualizadas en BD final.
2025-11-26 15:42:11 [INFO] Conectando a SMTP en puerto 587...
2025-11-26 15:42:12 [ERROR] Error enviando correo: 'ascii' codec can't encode character '\xa1' in position 19: ordinal not in range(128)
2025-11-26 15:42:12 [INFO] Proceso completado correctamente.
2025-11-26 15:42:12 [INFO] Archivo temporal 2_1_2d25_smc.xls eliminado.
2025-11-26 15:42:39 [INFO] Iniciando proceso BCV...
2025-11-26 15:42:39 [INFO] Modo de ejecución detectado: MANANA
2025-11-26 15:42:39 [INFO] Conexión a SQL Server 2019 (MilPagos) exitosa.
2025-11-26 15:42:39 [INFO] Intentando descargar 2_1_2d25_smc.xls desde https://www.bcv.org.ve/sites/default/files/EstadisticasGeneral/2_1_2d25_smc.xls...
2025-11-26 15:42:39 [INFO] Archivo descargado: logs\2_1_2d25_smc.xls
2025-11-26 15:42:39 [INFO] Iniciando extracción del archivo...
2025-11-26 15:42:39 [INFO] Datos BCV encontrados: Compra=242.9637, Venta=243.5727, Fecha=2025-11-26
2025-11-26 15:42:40 [INFO] Conexión a SQL Server 2000 (rep_post_dia) exitosa.
2025-11-26 15:42:40 [INFO] Ejecutando SP en SQL 2000 para manana: EXEC [rep_post_dia].[dbo].[sp_carga_tasa] 
        'manana',
        '2025-11-26',
        242.9637, 
        243.5727
2025-11-26 15:42:40 [INFO] SP ejecutado correctamente. Tasas actualizadas en BD final.
2025-11-26 15:42:40 [INFO] Conectando a SMTP en puerto 587...
2025-11-26 15:42:41 [ERROR] Error enviando correo: 'ascii' codec can't encode character '\xa1' in position 19: ordinal not in range(128)
2025-11-26 15:42:41 [INFO] Proceso completado correctamente.
2025-11-26 15:42:41 [INFO] Archivo temporal 2_1_2d25_smc.xls eliminado.
2025-11-26 15:49:12 [INFO] Iniciando proceso BCV...
2025-11-26 15:49:12 [INFO] Modo de ejecución detectado: MANANA
2025-11-26 15:49:12 [INFO] Conexión a SQL Server 2019 (MilPagos) exitosa.
2025-11-26 15:49:12 [INFO] Intentando descargar 2_1_2d25_smc.xls desde https://www.bcv.org.ve/sites/default/files/EstadisticasGeneral/2_1_2d25_smc.xls...
2025-11-26 15:49:13 [INFO] Archivo descargado: logs\2_1_2d25_smc.xls
2025-11-26 15:49:13 [INFO] Iniciando extracción del archivo...
2025-11-26 15:49:13 [INFO] Datos BCV encontrados: Compra=242.9637, Venta=243.5727, Fecha=2025-11-26
2025-11-26 15:49:15 [INFO] Conexión a SQL Server 2000 (rep_post_dia) exitosa.
2025-11-26 15:49:15 [INFO] Ejecutando SP en SQL 2000 para manana: EXEC [rep_post_dia].[dbo].[sp_carga_tasa] 
        'manana',
        '2025-11-26',
        242.9637, 
        243.5727
2025-11-26 15:49:16 [INFO] SP ejecutado correctamente. Tasas actualizadas en BD final.
2025-11-26 15:49:16 [INFO] Conectando a SMTP en puerto 587...
2025-11-26 15:49:16 [ERROR] Error enviando correo: 'ascii' codec can't encode character '\xa1' in position 19: ordinal not in range(128)
2025-11-26 15:49:16 [INFO] Proceso completado correctamente.
2025-11-26 15:49:16 [INFO] Archivo temporal 2_1_2d25_smc.xls eliminado.
2025-11-26 15:59:32 [INFO] Iniciando proceso BCV...
2025-11-26 15:59:32 [INFO] Modo de ejecución detectado: MANANA
2025-11-26 15:59:32 [INFO] Conexión a SQL Server 2019 (MilPagos) exitosa.
2025-11-26 15:59:32 [INFO] Intentando descargar 2_1_2d25_smc.xls desde https://www.bcv.org.ve/sites/default/files/EstadisticasGeneral/2_1_2d25_smc.xls...
2025-11-26 15:59:32 [INFO] Archivo descargado: logs\2_1_2d25_smc.xls
2025-11-26 15:59:32 [INFO] Iniciando extracción del archivo...
2025-11-26 15:59:32 [INFO] Datos BCV encontrados: Compra=242.9637, Venta=243.5727, Fecha=2025-11-26
2025-11-26 15:59:32 [ERROR] Error crítico en la ejecución principal: name 'procesar_logica_periodo' is not defined
2025-11-26 15:59:32 [INFO] Archivo temporal 2_1_2d25_smc.xls eliminado.
2025-11-26 16:14:51 [INFO] Iniciando proceso BCV...
2025-11-26 16:14:51 [INFO] Modo de ejecución detectado: MANANA
2025-11-26 16:14:51 [INFO] Conexión a SQL Server 2019 (MilPagos) exitosa.
2025-11-26 16:14:51 [INFO] Intentando descargar 2_1_2d25_smc.xls desde https://www.bcv.org.ve/sites/default/files/EstadisticasGeneral/2_1_2d25_smc.xls...
2025-11-26 16:14:52 [INFO] Archivo descargado: logs\2_1_2d25_smc.xls
2025-11-26 16:14:52 [INFO] Iniciando extracción del archivo...
2025-11-26 16:14:52 [INFO] Datos BCV encontrados: Compra=242.9637, Venta=243.5727, Fecha=2025-11-26
2025-11-26 16:14:52 [INFO] Conexión a SQL Server 2000 (rep_post_dia) exitosa.
2025-11-26 16:14:52 [INFO] Ejecutando SP en SQL 2000 para manana: EXEC [rep_post_dia].[dbo].[sp_carga_tasa] 
        'manana',
        '2025-11-26',
        242.9637, 
        243.5727
2025-11-26 16:14:52 [INFO] SP ejecutado correctamente. Tasas actualizadas en BD final.
2025-11-26 16:14:52 [INFO] Conectando a SMTP en puerto 587...
2025-11-26 16:14:53 [ERROR] Error enviando correo: 'ascii' codec can't encode character '\xa1' in position 19: ordinal not in range(128)
2025-11-26 16:14:53 [INFO] Proceso completado correctamente.
2025-11-26 16:14:53 [INFO] Archivo temporal 2_1_2d25_smc.xls eliminado.
2025-11-26 16:17:49 [INFO] Iniciando proceso BCV...
2025-11-26 16:17:49 [INFO] Modo de ejecución detectado: MANANA
2025-11-26 16:17:49 [INFO] Conexión a SQL Server 2019 (MilPagos) exitosa.
2025-11-26 16:17:49 [INFO] Intentando descargar 2_1_2d25_smc.xls desde https://www.bcv.org.ve/sites/default/files/EstadisticasGeneral/2_1_2d25_smc.xls...
2025-11-26 16:17:49 [INFO] Archivo descargado: logs\2_1_2d25_smc.xls
2025-11-26 16:17:49 [INFO] Iniciando extracción del archivo...
2025-11-26 16:17:49 [INFO] Datos BCV encontrados: Compra=242.9637, Venta=243.5727, Fecha=2025-11-26
2025-11-26 16:17:50 [INFO] Conexión a SQL Server 2000 (rep_post_dia) exitosa.
2025-11-26 16:17:50 [INFO] Ejecutando SP en SQL 2000 para manana: EXEC [rep_post_dia].[dbo].[sp_carga_tasa] 
        'manana',
        '2025-11-26',
        242.9637, 
        243.5727
2025-11-26 16:17:50 [INFO] SP ejecutado correctamente. Tasas actualizadas en BD final.
2025-11-26 16:17:50 [INFO] Conectando a SMTP en puerto 587...
2025-11-26 16:17:50 [ERROR] Error enviando correo: 'ascii' codec can't encode character '\xa1' in position 19: ordinal not in range(128)
2025-11-26 16:17:50 [INFO] Proceso completado correctamente.
2025-11-26 16:17:50 [INFO] Archivo temporal 2_1_2d25_smc.xls eliminado.
2025-11-26 16:20:01 [INFO] Iniciando proceso BCV...
2025-11-26 16:20:01 [INFO] Modo de ejecución detectado: MANANA
2025-11-26 16:20:01 [INFO] Conexión a SQL Server 2019 (MilPagos) exitosa.
2025-11-26 16:20:01 [INFO] Intentando descargar 2_1_2d25_smc.xls desde https://www.bcv.org.ve/sites/default/files/EstadisticasGeneral/2_1_2d25_smc.xls...
2025-11-26 16:20:01 [INFO] Archivo descargado: logs\2_1_2d25_smc.xls
2025-11-26 16:20:01 [INFO] Iniciando extracción del archivo...
2025-11-26 16:20:02 [INFO] Datos BCV encontrados: Compra=242.9637, Venta=243.5727, Fecha=2025-11-26
2025-11-26 16:20:02 [INFO] Conexión a SQL Server 2000 (rep_post_dia) exitosa.
2025-11-26 16:20:02 [INFO] Ejecutando SP en SQL 2000 para manana: EXEC [rep_post_dia].[dbo].[sp_carga_tasa] 
        'manana',
        '2025-11-26',
        242.9637, 
        243.5727
2025-11-26 16:20:02 [INFO] SP ejecutado correctamente. Tasas actualizadas en BD final.
2025-11-26 16:20:02 [INFO] Conectando a SMTP en puerto 587...
2025-11-26 16:20:02 [ERROR] Error enviando correo: 'ascii' codec can't encode character '\xa1' in position 19: ordinal not in range(128)
2025-11-26 16:20:02 [INFO] Proceso completado correctamente.
2025-11-26 16:20:02 [INFO] Archivo temporal 2_1_2d25_smc.xls eliminado.
2025-11-26 16:21:57 [INFO] Iniciando proceso BCV...
2025-11-26 16:21:57 [INFO] Modo de ejecución detectado: MANANA
2025-11-26 16:21:57 [INFO] Conexión a SQL Server 2019 (MilPagos) exitosa.
2025-11-26 16:21:57 [INFO] Intentando descargar 2_1_2d25_smc.xls desde https://www.bcv.org.ve/sites/default/files/EstadisticasGeneral/2_1_2d25_smc.xls...
2025-11-26 16:21:57 [INFO] Archivo descargado: logs\2_1_2d25_smc.xls
2025-11-26 16:21:57 [INFO] Iniciando extracción del archivo...
2025-11-26 16:21:58 [INFO] Datos BCV encontrados: Compra=242.9637, Venta=243.5727, Fecha=2025-11-26
2025-11-26 16:21:58 [INFO] Conexión a SQL Server 2000 (rep_post_dia) exitosa.
2025-11-26 16:21:58 [INFO] Ejecutando SP en SQL 2000 para manana: EXEC [rep_post_dia].[dbo].[sp_carga_tasa] 
        'manana',
        '2025-11-26',
        242.9637, 
        243.5727
2025-11-26 16:21:58 [INFO] SP ejecutado correctamente. Tasas actualizadas en BD final.
2025-11-26 16:21:58 [INFO] Conectando a SMTP en puerto 587...
2025-11-26 16:21:58 [ERROR] Error enviando correo: 'ascii' codec can't encode character '\xa1' in position 19: ordinal not in range(128)
2025-11-26 16:21:58 [INFO] Proceso completado correctamente.
2025-11-26 16:21:58 [INFO] Archivo temporal 2_1_2d25_smc.xls eliminado.
2025-11-26 16:34:59 [INFO] Iniciando proceso BCV...
2025-11-26 16:34:59 [INFO] Modo de ejecución detectado: MANANA
2025-11-26 16:34:59 [INFO] Conexión a SQL Server 2019 (MilPagos) exitosa.
2025-11-26 16:34:59 [INFO] Intentando descargar 2_1_2d25_smc.xls desde https://www.bcv.org.ve/sites/default/files/EstadisticasGeneral/2_1_2d25_smc.xls...
2025-11-26 16:34:59 [INFO] Archivo descargado: logs\2_1_2d25_smc.xls
2025-11-26 16:34:59 [INFO] Iniciando extracción del archivo...
2025-11-26 16:34:59 [INFO] Datos BCV encontrados: Compra=244.0387, Venta=244.6504, Fecha=2025-11-26
2025-11-26 16:34:59 [INFO] Conexión a SQL Server 2000 (rep_post_dia) exitosa.
2025-11-26 16:34:59 [INFO] Ejecutando SP en SQL 2000 para manana: EXEC [rep_post_dia].[dbo].[sp_carga_tasa] 
        'manana',
        '2025-11-26',
        244.0387, 
        244.6504
2025-11-26 16:34:59 [INFO] SP ejecutado correctamente. Tasas actualizadas en BD final.
2025-11-26 16:34:59 [INFO] Conectando a SMTP en puerto 587...
2025-11-26 16:35:00 [ERROR] Error enviando correo: 'ascii' codec can't encode character '\xa1' in position 19: ordinal not in range(128)
2025-11-26 16:35:00 [INFO] Proceso completado correctamente.
2025-11-26 16:35:00 [INFO] Archivo temporal 2_1_2d25_smc.xls eliminado.
2025-11-26 16:35:33 [INFO] Iniciando proceso BCV...
2025-11-26 16:35:33 [INFO] Modo de ejecución detectado: TARDE
2025-11-26 16:35:33 [INFO] Conexión a SQL Server 2019 (MilPagos) exitosa.
2025-11-26 16:35:33 [INFO] Intentando descargar 2_1_2d25_smc.xls desde https://www.bcv.org.ve/sites/default/files/EstadisticasGeneral/2_1_2d25_smc.xls...
2025-11-26 16:35:33 [INFO] Archivo descargado: logs\2_1_2d25_smc.xls
2025-11-26 16:35:33 [INFO] Iniciando extracción del archivo...
2025-11-26 16:35:33 [INFO] Datos BCV encontrados: Compra=244.0387, Venta=244.6504, Fecha=2025-11-26
2025-11-26 16:35:33 [INFO] Conexión a SQL Server 2000 (rep_post_dia) exitosa.
2025-11-26 16:35:33 [INFO] Ejecutando SP en SQL 2000 para tarde: EXEC [rep_post_dia].[dbo].[sp_carga_tasa] 
        'tarde',
        '2025-11-26',
        244.0387, 
        244.6504
2025-11-26 16:35:33 [INFO] SP ejecutado correctamente. Tasas actualizadas en BD final.
2025-11-26 16:35:33 [INFO] Conectando a SMTP en puerto 587...
2025-11-26 16:35:34 [ERROR] Error enviando correo: 'ascii' codec can't encode character '\xa1' in position 19: ordinal not in range(128)
2025-11-26 16:35:34 [INFO] Proceso completado correctamente.
2025-11-26 16:35:34 [INFO] Archivo temporal 2_1_2d25_smc.xls eliminado.
2025-11-26 16:36:00 [INFO] Iniciando proceso BCV...
2025-11-26 16:36:00 [INFO] Modo de ejecución detectado: TARDE
2025-11-26 16:36:00 [INFO] Conexión a SQL Server 2019 (MilPagos) exitosa.
2025-11-26 16:36:00 [INFO] Intentando descargar 2_1_2d25_smc.xls desde https://www.bcv.org.ve/sites/default/files/EstadisticasGeneral/2_1_2d25_smc.xls...
2025-11-26 16:36:00 [INFO] Archivo descargado: logs\2_1_2d25_smc.xls
2025-11-26 16:36:00 [INFO] Iniciando extracción del archivo...
2025-11-26 16:36:00 [INFO] Datos BCV encontrados: Compra=244.0387, Venta=244.6504, Fecha=2025-11-26
2025-11-26 16:36:00 [INFO] Conexión a SQL Server 2000 (rep_post_dia) exitosa.
2025-11-26 16:36:00 [INFO] Ejecutando SP en SQL 2000 para tarde: EXEC [rep_post_dia].[dbo].[sp_carga_tasa] 
        'tarde',
        '2025-11-26',
        244.0387, 
        244.6504
2025-11-26 16:36:00 [INFO] SP ejecutado correctamente. Tasas actualizadas en BD final.
2025-11-26 16:36:00 [INFO] Conectando a SMTP en puerto 587...
2025-11-26 16:36:01 [ERROR] Error enviando correo: 'ascii' codec can't encode character '\xa1' in position 19: ordinal not in range(128)
2025-11-26 16:36:01 [INFO] Proceso completado correctamente.
2025-11-26 16:36:01 [INFO] Archivo temporal 2_1_2d25_smc.xls eliminado.
2025-11-26 16:48:39 [INFO] Iniciando proceso BCV...
2025-11-26 16:48:39 [INFO] Modo de ejecución detectado: TARDE
2025-11-26 16:48:39 [INFO] Conexión a SQL Server 2019 (MilPagos) exitosa.
2025-11-26 16:48:39 [INFO] Intentando descargar 2_1_2d25_smc.xls desde https://www.bcv.org.ve/sites/default/files/EstadisticasGeneral/2_1_2d25_smc.xls...
2025-11-26 16:48:39 [INFO] Archivo descargado: logs\2_1_2d25_smc.xls
2025-11-26 16:48:39 [INFO] Iniciando extracción del archivo...
2025-11-26 16:48:39 [INFO] Datos BCV encontrados: Compra=244.0387, Venta=244.6504, Fecha=2025-11-26
2025-11-26 16:48:39 [INFO] Conexión a SQL Server 2000 (rep_post_dia) exitosa.
2025-11-26 16:48:39 [INFO] Ejecutando SP en SQL 2000 para tarde: EXEC [rep_post_dia].[dbo].[sp_carga_tasa] 
        'tarde',
        '2025-11-26',
        244.0387, 
        244.6504
2025-11-26 16:48:39 [INFO] SP ejecutado correctamente. Tasas actualizadas en BD final.
2025-11-26 16:48:39 [INFO] Conectando a SMTP en puerto 587...
2025-11-26 16:48:46 [ERROR] Error CRÍTICO de AUTENTICACIÓN (535): (535, b'5.7.3 Authentication unsuccessful [BN0PR03CA0019.namprd03.prod.outlook.com 2025-11-26T20:43:15.291Z 08DE2C144F5B5BEF]')
2025-11-26 16:48:46 [ERROR] ℹ️ Acción Requerida: La contraseña debe ser una Contraseña de Aplicación (App Password) de Office 365.
2025-11-26 16:48:46 [INFO] Proceso completado correctamente.
2025-11-26 16:48:46 [INFO] Archivo temporal 2_1_2d25_smc.xls eliminado.
