2026-03-16 16:31:06 [INFO] === INICIANDO PROCESO DE ACTUALIZACIÓN DE TASAS BCV ===
2026-03-16 16:31:06 [INFO] Estado de correo limpiado. Registros de los últimos 15 días mantenidos.
2026-03-16 16:31:07 [INFO] Conexión a SQL Server 2019 (MilPagos) exitosa.
2026-03-16 16:31:07 [INFO] Intentando descargar 2_1_2a26_smc.xls desde https://www.bcv.org.ve/sites/default/files/EstadisticasGeneral/2_1_2a26_smc.xls...
2026-03-16 16:31:11 [INFO] Archivo descargado: logs\2_1_2a26_smc.xls
2026-03-16 16:31:11 [INFO] Iniciando extracción del archivo...
2026-03-16 16:31:11 [INFO] Datos BCV encontrados: Compra=445.6877, Venta=446.8048, Fecha=2026-03-16
2026-03-16 16:31:11 [INFO] Datos oficiales obtenidos exitosamente para la fecha: 2026-03-16
2026-03-16 16:31:11 [INFO] [DB] Intento 1/3: Ejecutando SP sp_carga_tasa para manana - fecha=2026-03-16
2026-03-16 16:31:11 [INFO] Conexión a SQL Server 2000 (rep_post_dia) exitosa.
2026-03-16 16:31:11 [WARNING] [DB] Intento 1 falló: ('42000', "[42000] [Microsoft][ODBC SQL Server Driver][SQL Server]Could not find stored procedure 'rep_post_dia.dbo.sp_carga_tasa'. (2812) (SQLExecDirectW)")
2026-03-16 16:31:11 [INFO] Esperando 1.0 segundos antes del siguiente intento...
2026-03-16 16:31:12 [INFO] [DB] Intento 2/3: Ejecutando SP sp_carga_tasa para manana - fecha=2026-03-16
2026-03-16 16:31:12 [INFO] Conexión a SQL Server 2000 (rep_post_dia) exitosa.
2026-03-16 16:31:12 [WARNING] [DB] Intento 2 falló: ('42000', "[42000] [Microsoft][ODBC SQL Server Driver][SQL Server]Could not find stored procedure 'rep_post_dia.dbo.sp_carga_tasa'. (2812) (SQLExecDirectW)")
2026-03-16 16:31:12 [INFO] Esperando 1.0 segundos antes del siguiente intento...
2026-03-16 16:31:13 [INFO] [DB] Intento 3/3: Ejecutando SP sp_carga_tasa para manana - fecha=2026-03-16
2026-03-16 16:31:13 [INFO] Conexión a SQL Server 2000 (rep_post_dia) exitosa.
2026-03-16 16:31:13 [WARNING] [DB] Intento 3 falló: ('42000', "[42000] [Microsoft][ODBC SQL Server Driver][SQL Server]Could not find stored procedure 'rep_post_dia.dbo.sp_carga_tasa'. (2812) (SQLExecDirectW)")
2026-03-16 16:31:13 [ERROR] [DB] Todos los intentos (3) fallaron. Ultimo error: ('42000', "[42000] [Microsoft][ODBC SQL Server Driver][SQL Server]Could not find stored procedure 'rep_post_dia.dbo.sp_carga_tasa'. (2812) (SQLExecDirectW)")
2026-03-16 16:31:13 [ERROR] Error crítico en el proceso: Fallo de DB (SP Carga Tasa) tras 3 intentos: ('42000', "[42000] [Microsoft][ODBC SQL Server Driver][SQL Server]Could not find stored procedure 'rep_post_dia.dbo.sp_carga_tasa'. (2812) (SQLExecDirectW)")
2026-03-16 16:31:16 [INFO] Notificación de fallo enviada: FALLO CRITICO - Carga de Tasa
2026-03-16 16:31:16 [INFO] === FIN DEL PROCESO ===
