2026-03-17 17:00:42 [INFO] === INICIANDO PROCESO DE ACTUALIZACIÓN DE TASAS BCV ===
2026-03-17 17:00:42 [INFO] Estado de correo limpiado. Registros de los últimos 15 días mantenidos.
2026-03-17 17:00:42 [INFO] Conexión a SQL Server 2019 (MilPagos) exitosa.
2026-03-17 17:00:42 [INFO] Intentando descargar 2_1_2a26_smc.xls desde https://www.bcv.org.ve/sites/default/files/EstadisticasGeneral/2_1_2a26_smc.xls...
2026-03-17 17:00:43 [INFO] Archivo descargado: logs\2_1_2a26_smc.xls
2026-03-17 17:00:43 [INFO] Iniciando extracción del archivo...
2026-03-17 17:00:43 [INFO] Datos BCV encontrados: Compra=447.2476, Venta=448.3686, Fecha=2026-03-17
2026-03-17 17:00:43 [INFO] Datos oficiales obtenidos exitosamente para la fecha: 2026-03-17
2026-03-17 17:00:43 [INFO] [DB] Intento 1/3: Ejecutando SP sp_carga_tasa para manana - fecha=2026-03-17
2026-03-17 17:00:43 [INFO] Conexión a SQL Server 2000 (rep_post_dia) exitosa.
2026-03-17 17:00:43 [INFO] [DB] SP returned rc=0 (success) for fecha=2026-03-17; no verification SELECT required.
2026-03-17 17:00:43 [INFO] Conectando a SMTP en puerto 587...
2026-03-17 17:00:47 [INFO] Correo enviado exitosamente - ACTUALIZACIÓN 1/2 BCV: Tasa de COMPRA USD - 17/03/2026 (447.2476)
2026-03-17 17:00:47 [INFO] === FIN DEL PROCESO ===
2026-03-17 17:01:24 [INFO] === INICIANDO PROCESO DE ACTUALIZACIÓN DE TASAS BCV ===
2026-03-17 17:01:24 [INFO] Estado de correo limpiado. Registros de los últimos 15 días mantenidos.
2026-03-17 17:01:24 [INFO] Conexión a SQL Server 2019 (MilPagos) exitosa.
2026-03-17 17:01:24 [INFO] Intentando descargar 2_1_2a26_smc.xls desde https://www.bcv.org.ve/sites/default/files/EstadisticasGeneral/2_1_2a26_smc.xls...
2026-03-17 17:01:24 [INFO] Archivo descargado: logs\2_1_2a26_smc.xls
2026-03-17 17:01:24 [INFO] Iniciando extracción del archivo...
2026-03-17 17:01:24 [INFO] Datos BCV encontrados: Compra=447.2476, Venta=448.3686, Fecha=2026-03-17
2026-03-17 17:01:24 [INFO] Datos oficiales obtenidos exitosamente para la fecha: 2026-03-17
2026-03-17 17:01:24 [INFO] [DB] Intento 1/3: Ejecutando SP sp_carga_tasa para tarde - fecha=2026-03-17
2026-03-17 17:01:24 [INFO] Conexión a SQL Server 2000 (rep_post_dia) exitosa.
2026-03-17 17:01:24 [INFO] [DB] SP returned rc=0 (success) for fecha=2026-03-17; no verification SELECT required.
2026-03-17 17:01:24 [INFO] Conectando a SMTP en puerto 587...
2026-03-17 17:01:27 [INFO] Correo enviado exitosamente - PROCESO FINALIZADO BCV: Tasas 17/03/2026 | C:447.2476 V:448.3686
2026-03-17 17:01:27 [INFO] === FIN DEL PROCESO ===
