2025-12-16 08:45:29 [INFO] Iniciando proceso BCV...
2025-12-16 08:45:29 [INFO] Estado de correo limpiado. Registros de los últimos 10 días mantenidos.
2025-12-16 08:45:29 [INFO] Modo de ejecución detectado: MANANA
2025-12-16 08:45:29 [INFO] Conexión a SQL Server 2019 (MilPagos) exitosa.
2025-12-16 08:45:29 [INFO] Intentando descargar 2_1_2d25_smc.xls desde https://www.bcv.org.ve/sites/default/files/EstadisticasGeneral/2_1_2d25_smc.xls...
2025-12-16 08:45:29 [INFO] Archivo descargado: logs\2_1_2d25_smc.xls
2025-12-16 08:45:29 [INFO] Iniciando extracción del archivo...
2025-12-16 08:45:29 [INFO] Datos BCV encontrados: Compra=272.9021, Venta=273.5861, Fecha=2025-12-16
2025-12-16 08:45:29 [INFO] [DB] Intento 1/3: Ejecutando SP sp_carga_tasa para manana - fecha=2025-12-16
2025-12-16 08:45:30 [INFO] Conexión a SQL Server 2000 (rep_post_dia) exitosa.
2025-12-16 08:45:30 [WARNING] [DB] Intento 1 falló: ('42000', "[42000] [Microsoft][ODBC SQL Server Driver][SQL Server]Could not find stored procedure 'rep_post_dia.dbo.sp_carga_tasa'. (2812) (SQLExecDirectW)")
2025-12-16 08:45:30 [INFO] Esperando 1.0 segundos antes del siguiente intento...
2025-12-16 08:45:31 [INFO] [DB] Intento 2/3: Ejecutando SP sp_carga_tasa para manana - fecha=2025-12-16
2025-12-16 08:45:31 [INFO] Conexión a SQL Server 2000 (rep_post_dia) exitosa.
2025-12-16 08:45:31 [WARNING] [DB] Intento 2 falló: ('42000', "[42000] [Microsoft][ODBC SQL Server Driver][SQL Server]Could not find stored procedure 'rep_post_dia.dbo.sp_carga_tasa'. (2812) (SQLExecDirectW)")
2025-12-16 08:45:31 [INFO] Esperando 1.0 segundos antes del siguiente intento...
2025-12-16 08:45:32 [INFO] [DB] Intento 3/3: Ejecutando SP sp_carga_tasa para manana - fecha=2025-12-16
2025-12-16 08:45:32 [INFO] Conexión a SQL Server 2000 (rep_post_dia) exitosa.
2025-12-16 08:45:32 [WARNING] [DB] Intento 3 falló: ('42000', "[42000] [Microsoft][ODBC SQL Server Driver][SQL Server]Could not find stored procedure 'rep_post_dia.dbo.sp_carga_tasa'. (2812) (SQLExecDirectW)")
2025-12-16 08:45:32 [ERROR] [DB] Todos los intentos (3) fallaron. Ultimo error: ('42000', "[42000] [Microsoft][ODBC SQL Server Driver][SQL Server]Could not find stored procedure 'rep_post_dia.dbo.sp_carga_tasa'. (2812) (SQLExecDirectW)")
2025-12-16 08:45:32 [ERROR] Error crítico en la ejecución principal: Fallo de DB (SP Carga Tasa) tras 3 intentos: ('42000', "[42000] [Microsoft][ODBC SQL Server Driver][SQL Server]Could not find stored procedure 'rep_post_dia.dbo.sp_carga_tasa'. (2812) (SQLExecDirectW)")
2025-12-16 08:45:35 [INFO] Notificación de fallo enviada: FALLO GENERAL: Proceso BCV
2025-12-16 08:45:35 [INFO] Archivo temporal 2_1_2d25_smc.xls eliminado.
2025-12-16 08:51:45 [INFO] Iniciando proceso BCV...
2025-12-16 08:51:45 [INFO] Estado de correo limpiado. Registros de los últimos 10 días mantenidos.
2025-12-16 08:51:45 [INFO] Modo de ejecución detectado: MANANA
2025-12-16 08:51:45 [INFO] Conexión a SQL Server 2019 (MilPagos) exitosa.
2025-12-16 08:51:46 [INFO] Intentando descargar 2_1_2d25_smc.xls desde https://www.bcv.org.ve/sites/default/files/EstadisticasGeneral/2_1_2d25_smc.xls...
2025-12-16 08:51:46 [INFO] Archivo descargado: logs\2_1_2d25_smc.xls
2025-12-16 08:51:46 [INFO] Iniciando extracción del archivo...
2025-12-16 08:51:46 [INFO] Datos BCV encontrados: Compra=272.9021, Venta=273.5861, Fecha=2025-12-16
2025-12-16 08:51:46 [INFO] [DB] Intento 1/3: Ejecutando SP sp_carga_tasa para manana - fecha=2025-12-16
2025-12-16 08:51:46 [INFO] Conexión a SQL Server 2000 (rep_post_dia) exitosa.
2025-12-16 08:51:46 [WARNING] [DB] Intento 1 falló: ('42000', "[42000] [Microsoft][ODBC SQL Server Driver][SQL Server]Could not find stored procedure 'rep_post_dia.dbo.sp_carga_tasa'. (2812) (SQLExecDirectW)")
2025-12-16 08:51:46 [INFO] Esperando 1.0 segundos antes del siguiente intento...
2025-12-16 08:51:47 [INFO] [DB] Intento 2/3: Ejecutando SP sp_carga_tasa para manana - fecha=2025-12-16
2025-12-16 08:51:47 [INFO] Conexión a SQL Server 2000 (rep_post_dia) exitosa.
2025-12-16 08:51:47 [WARNING] [DB] Intento 2 falló: ('42000', "[42000] [Microsoft][ODBC SQL Server Driver][SQL Server]Could not find stored procedure 'rep_post_dia.dbo.sp_carga_tasa'. (2812) (SQLExecDirectW)")
2025-12-16 08:51:47 [INFO] Esperando 1.0 segundos antes del siguiente intento...
2025-12-16 08:51:48 [INFO] [DB] Intento 3/3: Ejecutando SP sp_carga_tasa para manana - fecha=2025-12-16
2025-12-16 08:51:48 [INFO] Conexión a SQL Server 2000 (rep_post_dia) exitosa.
2025-12-16 08:51:48 [WARNING] [DB] Intento 3 falló: ('42000', "[42000] [Microsoft][ODBC SQL Server Driver][SQL Server]Could not find stored procedure 'rep_post_dia.dbo.sp_carga_tasa'. (2812) (SQLExecDirectW)")
2025-12-16 08:51:48 [ERROR] [DB] Todos los intentos (3) fallaron. Ultimo error: ('42000', "[42000] [Microsoft][ODBC SQL Server Driver][SQL Server]Could not find stored procedure 'rep_post_dia.dbo.sp_carga_tasa'. (2812) (SQLExecDirectW)")
2025-12-16 08:51:48 [ERROR] Error crítico en la ejecución principal: Fallo de DB (SP Carga Tasa) tras 3 intentos: ('42000', "[42000] [Microsoft][ODBC SQL Server Driver][SQL Server]Could not find stored procedure 'rep_post_dia.dbo.sp_carga_tasa'. (2812) (SQLExecDirectW)")
2025-12-16 08:51:53 [INFO] Notificación de fallo enviada: FALLO GENERAL: Proceso BCV
2025-12-16 08:51:53 [INFO] Archivo temporal 2_1_2d25_smc.xls eliminado.
2025-12-16 08:53:08 [INFO] Iniciando proceso BCV...
2025-12-16 08:53:08 [INFO] Estado de correo limpiado. Registros de los últimos 10 días mantenidos.
2025-12-16 08:53:08 [INFO] Modo de ejecución detectado: MANANA
2025-12-16 08:53:08 [INFO] Conexión a SQL Server 2019 (MilPagos) exitosa.
2025-12-16 08:53:08 [INFO] Intentando descargar 2_1_2d25_smc.xls desde https://www.bcv.org.ve/sites/default/files/EstadisticasGeneral/2_1_2d25_smc.xls...
2025-12-16 08:53:08 [INFO] Archivo descargado: logs\2_1_2d25_smc.xls
2025-12-16 08:53:08 [INFO] Iniciando extracción del archivo...
2025-12-16 08:53:09 [INFO] Datos BCV encontrados: Compra=272.9021, Venta=273.5861, Fecha=2025-12-16
2025-12-16 08:53:09 [INFO] [DB] Intento 1/3: Ejecutando SP sp_carga_tasa para manana - fecha=2025-12-16
2025-12-16 08:53:09 [INFO] Conexión a SQL Server 2000 (rep_post_dia) exitosa.
2025-12-16 08:53:09 [WARNING] [DB] Intento 1 falló: ('42000', "[42000] [Microsoft][ODBC SQL Server Driver][SQL Server]Could not find stored procedure 'rep_post_dia.dbo.sp_carga_tasa'. (2812) (SQLExecDirectW)")
2025-12-16 08:53:09 [INFO] Esperando 1.0 segundos antes del siguiente intento...
2025-12-16 08:53:10 [INFO] [DB] Intento 2/3: Ejecutando SP sp_carga_tasa para manana - fecha=2025-12-16
2025-12-16 08:53:10 [INFO] Conexión a SQL Server 2000 (rep_post_dia) exitosa.
2025-12-16 08:53:10 [WARNING] [DB] Intento 2 falló: ('42000', "[42000] [Microsoft][ODBC SQL Server Driver][SQL Server]Could not find stored procedure 'rep_post_dia.dbo.sp_carga_tasa'. (2812) (SQLExecDirectW)")
2025-12-16 08:53:10 [INFO] Esperando 1.0 segundos antes del siguiente intento...
2025-12-16 08:53:11 [INFO] [DB] Intento 3/3: Ejecutando SP sp_carga_tasa para manana - fecha=2025-12-16
2025-12-16 08:53:11 [INFO] Conexión a SQL Server 2000 (rep_post_dia) exitosa.
2025-12-16 08:53:11 [WARNING] [DB] Intento 3 falló: ('42000', "[42000] [Microsoft][ODBC SQL Server Driver][SQL Server]Could not find stored procedure 'rep_post_dia.dbo.sp_carga_tasa'. (2812) (SQLExecDirectW)")
2025-12-16 08:53:11 [ERROR] [DB] Todos los intentos (3) fallaron. Ultimo error: ('42000', "[42000] [Microsoft][ODBC SQL Server Driver][SQL Server]Could not find stored procedure 'rep_post_dia.dbo.sp_carga_tasa'. (2812) (SQLExecDirectW)")
2025-12-16 08:53:11 [ERROR] Error crítico en la ejecución principal: Fallo de DB (SP Carga Tasa) tras 3 intentos: ('42000', "[42000] [Microsoft][ODBC SQL Server Driver][SQL Server]Could not find stored procedure 'rep_post_dia.dbo.sp_carga_tasa'. (2812) (SQLExecDirectW)")
2025-12-16 08:53:14 [INFO] Notificación de fallo enviada: FALLO GENERAL: Proceso BCV
2025-12-16 08:53:14 [INFO] Archivo temporal 2_1_2d25_smc.xls eliminado.
2025-12-16 08:54:38 [INFO] Iniciando proceso BCV...
2025-12-16 08:54:38 [INFO] Estado de correo limpiado. Registros de los últimos 10 días mantenidos.
2025-12-16 08:54:38 [INFO] Modo de ejecución detectado: MANANA
2025-12-16 08:54:39 [INFO] Conexión a SQL Server 2019 (MilPagos) exitosa.
2025-12-16 08:54:39 [INFO] Intentando descargar 2_1_2d25_smc.xls desde https://www.bcv.org.ve/sites/default/files/EstadisticasGeneral/2_1_2d25_smc.xls...
2025-12-16 08:54:39 [INFO] Archivo descargado: logs\2_1_2d25_smc.xls
2025-12-16 08:54:39 [INFO] Iniciando extracción del archivo...
2025-12-16 08:54:39 [INFO] Datos BCV encontrados: Compra=272.9021, Venta=273.5861, Fecha=2025-12-16
2025-12-16 08:54:39 [INFO] [DB] Intento 1/3: Ejecutando SP sp_carga_tasa para manana - fecha=2025-12-16
2025-12-16 08:54:39 [INFO] Conexión a SQL Server 2000 (rep_post_dia) exitosa.
2025-12-16 08:54:39 [WARNING] [DB] Intento 1 falló: ('42000', "[42000] [Microsoft][ODBC SQL Server Driver][SQL Server]Could not find stored procedure 'rep_post_dia.dbo.sp_carga_tasa'. (2812) (SQLExecDirectW)")
2025-12-16 08:54:39 [INFO] Esperando 1.0 segundos antes del siguiente intento...
2025-12-16 08:54:40 [INFO] [DB] Intento 2/3: Ejecutando SP sp_carga_tasa para manana - fecha=2025-12-16
2025-12-16 08:54:40 [INFO] Conexión a SQL Server 2000 (rep_post_dia) exitosa.
2025-12-16 08:54:40 [WARNING] [DB] Intento 2 falló: ('42000', "[42000] [Microsoft][ODBC SQL Server Driver][SQL Server]Could not find stored procedure 'rep_post_dia.dbo.sp_carga_tasa'. (2812) (SQLExecDirectW)")
2025-12-16 08:54:40 [INFO] Esperando 1.0 segundos antes del siguiente intento...
2025-12-16 08:54:41 [INFO] [DB] Intento 3/3: Ejecutando SP sp_carga_tasa para manana - fecha=2025-12-16
2025-12-16 08:54:41 [INFO] Conexión a SQL Server 2000 (rep_post_dia) exitosa.
2025-12-16 08:54:41 [WARNING] [DB] Intento 3 falló: ('42000', "[42000] [Microsoft][ODBC SQL Server Driver][SQL Server]Could not find stored procedure 'rep_post_dia.dbo.sp_carga_tasa'. (2812) (SQLExecDirectW)")
2025-12-16 08:54:41 [ERROR] [DB] Todos los intentos (3) fallaron. Ultimo error: ('42000', "[42000] [Microsoft][ODBC SQL Server Driver][SQL Server]Could not find stored procedure 'rep_post_dia.dbo.sp_carga_tasa'. (2812) (SQLExecDirectW)")
2025-12-16 08:54:41 [ERROR] Error crítico en la ejecución principal: Fallo de DB (SP Carga Tasa) tras 3 intentos: ('42000', "[42000] [Microsoft][ODBC SQL Server Driver][SQL Server]Could not find stored procedure 'rep_post_dia.dbo.sp_carga_tasa'. (2812) (SQLExecDirectW)")
2025-12-16 08:54:44 [INFO] Notificación de fallo enviada: FALLO GENERAL: Proceso BCV
2025-12-16 08:54:44 [INFO] Archivo temporal 2_1_2d25_smc.xls eliminado.
2025-12-16 14:17:23 [INFO] Iniciando proceso BCV...
2025-12-16 14:17:23 [INFO] Estado de correo limpiado. Registros de los últimos 10 días mantenidos.
2025-12-16 14:17:23 [INFO] Modo de ejecución detectado: MANANA
2025-12-16 14:17:23 [ERROR] Error al conectar a SQL Server 2019: ('28000', '[28000] [Microsoft][ODBC Driver 17 for SQL Server][SQL Server]Login failed for user \'s_sql_prd\'. (18456) (SQLDriverConnect); [28000] [Microsoft][ODBC Driver 17 for SQL Server][SQL Server]Cannot open database "MilPagos" requested by the login. The login failed. (4060); [28000] [Microsoft][ODBC Driver 17 for SQL Server][SQL Server]Login failed for user \'s_sql_prd\'. (18456); [28000] [Microsoft][ODBC Driver 17 for SQL Server][SQL Server]Cannot open database "MilPagos" requested by the login. The login failed. (4060)')
2025-12-16 14:17:23 [WARNING] Error al verificar feriados: Fallo en conexión a SQL 2019: ('28000', '[28000] [Microsoft][ODBC Driver 17 for SQL Server][SQL Server]Login failed for user \'s_sql_prd\'. (18456) (SQLDriverConnect); [28000] [Microsoft][ODBC Driver 17 for SQL Server][SQL Server]Cannot open database "MilPagos" requested by the login. The login failed. (4060); [28000] [Microsoft][ODBC Driver 17 for SQL Server][SQL Server]Login failed for user \'s_sql_prd\'. (18456); [28000] [Microsoft][ODBC Driver 17 for SQL Server][SQL Server]Cannot open database "MilPagos" requested by the login. The login failed. (4060)'). Asumiendo día hábil.
2025-12-16 14:17:23 [INFO] Intentando descargar 2_1_2d25_smc.xls desde https://www.bcv.org.ve/sites/default/files/EstadisticasGeneral/2_1_2d25_smc.xls...
2025-12-16 14:17:23 [INFO] Archivo descargado: logs\2_1_2d25_smc.xls
2025-12-16 14:17:23 [INFO] Iniciando extracción del archivo...
2025-12-16 14:17:24 [INFO] Datos BCV encontrados: Compra=272.9021, Venta=273.5861, Fecha=2025-12-16
2025-12-16 14:17:24 [INFO] [DB] Intento 1/3: Ejecutando SP sp_carga_tasa para manana - fecha=2025-12-16
2025-12-16 14:17:24 [INFO] Conexión a SQL Server 2000 (rep_post_dia) exitosa.
2025-12-16 14:17:24 [WARNING] [DB] Intento 1 falló: ('42000', "[42000] [Microsoft][ODBC SQL Server Driver][SQL Server]Could not find stored procedure 'rep_post_dia.dbo.sp_carga_tasa'. (2812) (SQLExecDirectW)")
2025-12-16 14:17:24 [INFO] Esperando 1.0 segundos antes del siguiente intento...
2025-12-16 14:17:25 [INFO] [DB] Intento 2/3: Ejecutando SP sp_carga_tasa para manana - fecha=2025-12-16
2025-12-16 14:17:25 [INFO] Conexión a SQL Server 2000 (rep_post_dia) exitosa.
2025-12-16 14:17:25 [WARNING] [DB] Intento 2 falló: ('42000', "[42000] [Microsoft][ODBC SQL Server Driver][SQL Server]Could not find stored procedure 'rep_post_dia.dbo.sp_carga_tasa'. (2812) (SQLExecDirectW)")
2025-12-16 14:17:25 [INFO] Esperando 1.0 segundos antes del siguiente intento...
2025-12-16 14:17:26 [INFO] [DB] Intento 3/3: Ejecutando SP sp_carga_tasa para manana - fecha=2025-12-16
2025-12-16 14:17:26 [INFO] Conexión a SQL Server 2000 (rep_post_dia) exitosa.
2025-12-16 14:17:26 [WARNING] [DB] Intento 3 falló: ('42000', "[42000] [Microsoft][ODBC SQL Server Driver][SQL Server]Could not find stored procedure 'rep_post_dia.dbo.sp_carga_tasa'. (2812) (SQLExecDirectW)")
2025-12-16 14:17:26 [ERROR] [DB] Todos los intentos (3) fallaron. Ultimo error: ('42000', "[42000] [Microsoft][ODBC SQL Server Driver][SQL Server]Could not find stored procedure 'rep_post_dia.dbo.sp_carga_tasa'. (2812) (SQLExecDirectW)")
2025-12-16 14:17:26 [ERROR] Error crítico en la ejecución principal: Fallo de DB (SP Carga Tasa) tras 3 intentos: ('42000', "[42000] [Microsoft][ODBC SQL Server Driver][SQL Server]Could not find stored procedure 'rep_post_dia.dbo.sp_carga_tasa'. (2812) (SQLExecDirectW)")
2025-12-16 14:17:30 [INFO] Notificación de fallo enviada: FALLO GENERAL: Proceso BCV
2025-12-16 14:17:30 [INFO] Archivo temporal 2_1_2d25_smc.xls eliminado.
