2025-12-26 14:14:55 [INFO] Iniciando proceso BCV...
2025-12-26 14:14:55 [INFO] Estado de correo limpiado. Registros de los últimos 10 días mantenidos.
2025-12-26 14:14:55 [INFO] Modo de ejecución detectado: MANANA
2025-12-26 14:14:55 [INFO] Conexión a SQL Server 2019 (MilPagos) exitosa.
2025-12-26 14:14:56 [INFO] Intentando descargar 2_1_2d25_smc.xls desde https://www.bcv.org.ve/sites/default/files/EstadisticasGeneral/2_1_2d25_smc.xls...
2025-12-26 14:14:56 [INFO] Archivo descargado: logs\2_1_2d25_smc.xls
2025-12-26 14:14:56 [INFO] Iniciando extracción del archivo...
2025-12-26 14:14:57 [INFO] Datos BCV encontrados: Compra=290.624, Venta=291.3524, Fecha=2025-12-26
2025-12-26 14:14:57 [INFO] [DB] Intento 1/3: Ejecutando SP sp_carga_tasa para manana - fecha=2025-12-26
2025-12-26 14:14:57 [INFO] Conexión a SQL Server 2000 (rep_post_dia) exitosa.
2025-12-26 14:14:57 [WARNING] [DB] Intento 1 falló: ('42000', "[42000] [Microsoft][ODBC SQL Server Driver][SQL Server]Could not find stored procedure 'rep_post_dia.dbo.sp_carga_tasa'. (2812) (SQLExecDirectW)")
2025-12-26 14:14:57 [INFO] Esperando 1.0 segundos antes del siguiente intento...
2025-12-26 14:14:58 [INFO] [DB] Intento 2/3: Ejecutando SP sp_carga_tasa para manana - fecha=2025-12-26
2025-12-26 14:14:58 [INFO] Conexión a SQL Server 2000 (rep_post_dia) exitosa.
2025-12-26 14:14:58 [WARNING] [DB] Intento 2 falló: ('42000', "[42000] [Microsoft][ODBC SQL Server Driver][SQL Server]Could not find stored procedure 'rep_post_dia.dbo.sp_carga_tasa'. (2812) (SQLExecDirectW)")
2025-12-26 14:14:58 [INFO] Esperando 1.0 segundos antes del siguiente intento...
2025-12-26 14:14:59 [INFO] [DB] Intento 3/3: Ejecutando SP sp_carga_tasa para manana - fecha=2025-12-26
2025-12-26 14:14:59 [INFO] Conexión a SQL Server 2000 (rep_post_dia) exitosa.
2025-12-26 14:14:59 [WARNING] [DB] Intento 3 falló: ('42000', "[42000] [Microsoft][ODBC SQL Server Driver][SQL Server]Could not find stored procedure 'rep_post_dia.dbo.sp_carga_tasa'. (2812) (SQLExecDirectW)")
2025-12-26 14:14:59 [ERROR] [DB] Todos los intentos (3) fallaron. Ultimo error: ('42000', "[42000] [Microsoft][ODBC SQL Server Driver][SQL Server]Could not find stored procedure 'rep_post_dia.dbo.sp_carga_tasa'. (2812) (SQLExecDirectW)")
2025-12-26 14:14:59 [ERROR] Error crítico en la ejecución principal: Fallo de DB (SP Carga Tasa) tras 3 intentos: ('42000', "[42000] [Microsoft][ODBC SQL Server Driver][SQL Server]Could not find stored procedure 'rep_post_dia.dbo.sp_carga_tasa'. (2812) (SQLExecDirectW)")
2025-12-26 14:15:03 [INFO] Notificación de fallo enviada: FALLO GENERAL: Proceso BCV
2025-12-26 14:15:03 [INFO] Archivo temporal 2_1_2d25_smc.xls eliminado.
2025-12-26 14:27:50 [INFO] Iniciando proceso BCV...
2025-12-26 14:27:50 [INFO] Estado de correo limpiado. Registros de los últimos 10 días mantenidos.
2025-12-26 14:27:50 [INFO] Modo de ejecución detectado: MANANA
2025-12-26 14:27:50 [INFO] Conexión a SQL Server 2019 (MilPagos) exitosa.
2025-12-26 14:27:50 [INFO] Intentando descargar 2_1_2d25_smc.xls desde https://www.bcv.org.ve/sites/default/files/EstadisticasGeneral/2_1_2d25_smc.xls...
2025-12-26 14:27:51 [INFO] Archivo descargado: logs\2_1_2d25_smc.xls
2025-12-26 14:27:51 [INFO] Iniciando extracción del archivo...
2025-12-26 14:27:51 [INFO] Datos BCV encontrados: Compra=290.624, Venta=291.3524, Fecha=2025-12-26
2025-12-26 14:27:51 [INFO] [DB] Intento 1/3: Ejecutando SP sp_carga_tasa para manana - fecha=2025-12-26
2025-12-26 14:27:51 [INFO] Conexión a SQL Server 2000 (rep_post_dia) exitosa.
2025-12-26 14:27:51 [WARNING] [DB] Intento 1 falló: ('42000', "[42000] [Microsoft][ODBC SQL Server Driver][SQL Server]Could not find stored procedure 'rep_post_dia.dbo.sp_carga_tasa'. (2812) (SQLExecDirectW)")
2025-12-26 14:27:51 [INFO] Esperando 1.0 segundos antes del siguiente intento...
2025-12-26 14:27:52 [INFO] [DB] Intento 2/3: Ejecutando SP sp_carga_tasa para manana - fecha=2025-12-26
2025-12-26 14:27:52 [INFO] Conexión a SQL Server 2000 (rep_post_dia) exitosa.
2025-12-26 14:27:52 [WARNING] [DB] Intento 2 falló: ('42000', "[42000] [Microsoft][ODBC SQL Server Driver][SQL Server]Could not find stored procedure 'rep_post_dia.dbo.sp_carga_tasa'. (2812) (SQLExecDirectW)")
2025-12-26 14:27:52 [INFO] Esperando 1.0 segundos antes del siguiente intento...
2025-12-26 14:27:53 [INFO] [DB] Intento 3/3: Ejecutando SP sp_carga_tasa para manana - fecha=2025-12-26
2025-12-26 14:27:53 [INFO] Conexión a SQL Server 2000 (rep_post_dia) exitosa.
2025-12-26 14:27:53 [WARNING] [DB] Intento 3 falló: ('42000', "[42000] [Microsoft][ODBC SQL Server Driver][SQL Server]Could not find stored procedure 'rep_post_dia.dbo.sp_carga_tasa'. (2812) (SQLExecDirectW)")
2025-12-26 14:27:53 [ERROR] [DB] Todos los intentos (3) fallaron. Ultimo error: ('42000', "[42000] [Microsoft][ODBC SQL Server Driver][SQL Server]Could not find stored procedure 'rep_post_dia.dbo.sp_carga_tasa'. (2812) (SQLExecDirectW)")
2025-12-26 14:27:53 [ERROR] Error crítico en la ejecución principal: Fallo de DB (SP Carga Tasa) tras 3 intentos: ('42000', "[42000] [Microsoft][ODBC SQL Server Driver][SQL Server]Could not find stored procedure 'rep_post_dia.dbo.sp_carga_tasa'. (2812) (SQLExecDirectW)")
2025-12-26 14:27:56 [INFO] Notificación de fallo enviada: FALLO GENERAL: Proceso BCV
2025-12-26 14:27:56 [INFO] Archivo temporal 2_1_2d25_smc.xls eliminado.
2025-12-26 14:32:16 [INFO] Iniciando proceso BCV...
2025-12-26 14:32:16 [INFO] Estado de correo limpiado. Registros de los últimos 10 días mantenidos.
2025-12-26 14:32:16 [INFO] Modo de ejecución detectado: MANANA
2025-12-26 14:32:16 [INFO] Conexión a SQL Server 2019 (MilPagos) exitosa.
2025-12-26 14:32:16 [INFO] Intentando descargar 2_1_2d25_smc.xls desde https://www.bcv.org.ve/sites/default/files/EstadisticasGeneral/2_1_2d25_smc.xls...
2025-12-26 14:32:17 [INFO] Archivo descargado: logs\2_1_2d25_smc.xls
2025-12-26 14:32:17 [INFO] Iniciando extracción del archivo...
2025-12-26 14:32:17 [INFO] Datos BCV encontrados: Compra=290.624, Venta=291.3524, Fecha=2025-12-26
2025-12-26 14:32:17 [INFO] [DB] Intento 1/3: Ejecutando SP sp_carga_tasa para manana - fecha=2025-12-26
2025-12-26 14:32:17 [INFO] Conexión a SQL Server 2000 (rep_post_dia) exitosa.
2025-12-26 14:32:17 [WARNING] [DB] Intento 1 falló: ('42000', "[42000] [Microsoft][ODBC SQL Server Driver][SQL Server]Could not find stored procedure 'rep_post_dia.dbo.sp_carga_tasa'. (2812) (SQLExecDirectW)")
2025-12-26 14:32:17 [INFO] Esperando 1.0 segundos antes del siguiente intento...
2025-12-26 14:32:18 [INFO] [DB] Intento 2/3: Ejecutando SP sp_carga_tasa para manana - fecha=2025-12-26
2025-12-26 14:32:18 [INFO] Conexión a SQL Server 2000 (rep_post_dia) exitosa.
2025-12-26 14:32:18 [WARNING] [DB] Intento 2 falló: ('42000', "[42000] [Microsoft][ODBC SQL Server Driver][SQL Server]Could not find stored procedure 'rep_post_dia.dbo.sp_carga_tasa'. (2812) (SQLExecDirectW)")
2025-12-26 14:32:18 [INFO] Esperando 1.0 segundos antes del siguiente intento...
2025-12-26 14:32:19 [INFO] [DB] Intento 3/3: Ejecutando SP sp_carga_tasa para manana - fecha=2025-12-26
2025-12-26 14:32:19 [INFO] Conexión a SQL Server 2000 (rep_post_dia) exitosa.
2025-12-26 14:32:19 [WARNING] [DB] Intento 3 falló: ('42000', "[42000] [Microsoft][ODBC SQL Server Driver][SQL Server]Could not find stored procedure 'rep_post_dia.dbo.sp_carga_tasa'. (2812) (SQLExecDirectW)")
2025-12-26 14:32:19 [ERROR] [DB] Todos los intentos (3) fallaron. Ultimo error: ('42000', "[42000] [Microsoft][ODBC SQL Server Driver][SQL Server]Could not find stored procedure 'rep_post_dia.dbo.sp_carga_tasa'. (2812) (SQLExecDirectW)")
2025-12-26 14:32:19 [ERROR] Error crítico en la ejecución principal: Fallo de DB (SP Carga Tasa) tras 3 intentos: ('42000', "[42000] [Microsoft][ODBC SQL Server Driver][SQL Server]Could not find stored procedure 'rep_post_dia.dbo.sp_carga_tasa'. (2812) (SQLExecDirectW)")
2025-12-26 14:32:22 [INFO] Notificación de fallo enviada: FALLO GENERAL: Proceso BCV
2025-12-26 14:32:22 [INFO] Archivo temporal 2_1_2d25_smc.xls eliminado.
2025-12-26 14:42:37 [INFO] Iniciando proceso BCV...
2025-12-26 14:42:37 [INFO] Estado de correo limpiado. Registros de los últimos 10 días mantenidos.
2025-12-26 14:42:37 [INFO] Modo de ejecución detectado: MANANA
2025-12-26 14:42:37 [INFO] Conexión a SQL Server 2019 (MilPagos) exitosa.
2025-12-26 14:42:37 [INFO] Intentando descargar 2_1_2d25_smc.xls desde https://www.bcv.org.ve/sites/default/files/EstadisticasGeneral/2_1_2d25_smc.xls...
2025-12-26 14:42:37 [INFO] Archivo descargado: logs\2_1_2d25_smc.xls
2025-12-26 14:42:37 [INFO] Iniciando extracción del archivo...
2025-12-26 14:42:37 [INFO] Datos BCV encontrados: Compra=290.624, Venta=291.3524, Fecha=2025-12-26
2025-12-26 14:42:37 [INFO] [DB] Intento 1/3: Ejecutando SP sp_carga_tasa para manana - fecha=2025-12-26
2025-12-26 14:42:38 [INFO] Conexión a SQL Server 2000 (rep_post_dia) exitosa.
2025-12-26 14:42:38 [WARNING] [DB] Intento 1 falló: ('42000', "[42000] [Microsoft][ODBC SQL Server Driver][SQL Server]Could not find stored procedure 'rep_post_dia.dbo.sp_carga_tasa'. (2812) (SQLExecDirectW)")
2025-12-26 14:42:38 [INFO] Esperando 1.0 segundos antes del siguiente intento...
2025-12-26 14:42:39 [INFO] [DB] Intento 2/3: Ejecutando SP sp_carga_tasa para manana - fecha=2025-12-26
2025-12-26 14:42:39 [INFO] Conexión a SQL Server 2000 (rep_post_dia) exitosa.
2025-12-26 14:42:39 [WARNING] [DB] Intento 2 falló: ('42000', "[42000] [Microsoft][ODBC SQL Server Driver][SQL Server]Could not find stored procedure 'rep_post_dia.dbo.sp_carga_tasa'. (2812) (SQLExecDirectW)")
2025-12-26 14:42:39 [INFO] Esperando 1.0 segundos antes del siguiente intento...
2025-12-26 14:42:40 [INFO] [DB] Intento 3/3: Ejecutando SP sp_carga_tasa para manana - fecha=2025-12-26
2025-12-26 14:42:40 [INFO] Conexión a SQL Server 2000 (rep_post_dia) exitosa.
2025-12-26 14:42:40 [WARNING] [DB] Intento 3 falló: ('42000', "[42000] [Microsoft][ODBC SQL Server Driver][SQL Server]Could not find stored procedure 'rep_post_dia.dbo.sp_carga_tasa'. (2812) (SQLExecDirectW)")
2025-12-26 14:42:41 [ERROR] [DB] Todos los intentos (3) fallaron. Ultimo error: ('42000', "[42000] [Microsoft][ODBC SQL Server Driver][SQL Server]Could not find stored procedure 'rep_post_dia.dbo.sp_carga_tasa'. (2812) (SQLExecDirectW)")
2025-12-26 14:42:41 [ERROR] Error crítico en la ejecución principal: Fallo de DB (SP Carga Tasa) tras 3 intentos: ('42000', "[42000] [Microsoft][ODBC SQL Server Driver][SQL Server]Could not find stored procedure 'rep_post_dia.dbo.sp_carga_tasa'. (2812) (SQLExecDirectW)")
2025-12-26 14:42:43 [INFO] Notificación de fallo enviada: FALLO GENERAL: Proceso BCV
2025-12-26 14:42:43 [INFO] Archivo temporal 2_1_2d25_smc.xls eliminado.
2025-12-26 15:01:22 [INFO] Iniciando proceso BCV...
2025-12-26 15:01:22 [INFO] Estado de correo limpiado. Registros de los últimos 10 días mantenidos.
2025-12-26 15:01:22 [INFO] Modo de ejecución detectado: MANANA
2025-12-26 15:01:22 [INFO] Conexión a SQL Server 2019 (MilPagos) exitosa.
2025-12-26 15:01:22 [INFO] Intentando descargar 2_1_2d25_smc.xls desde https://www.bcv.org.ve/sites/default/files/EstadisticasGeneral/2_1_2d25_smc.xls...
2025-12-26 15:01:23 [INFO] Archivo descargado: logs\2_1_2d25_smc.xls
2025-12-26 15:01:23 [INFO] Iniciando extracción del archivo...
2025-12-26 15:01:23 [INFO] Datos BCV encontrados: Compra=290.624, Venta=291.3524, Fecha=2025-12-26
2025-12-26 15:01:23 [INFO] [DB] Intento 1/3: Ejecutando SP sp_carga_tasa para manana - fecha=2025-12-26
2025-12-26 15:01:23 [INFO] Conexión a SQL Server 2000 (rep_post_dia) exitosa.
2025-12-26 15:01:24 [INFO] [DB] SP returned rc=0 (success) for fecha=2025-12-26; no verification SELECT required.
2025-12-26 15:01:24 [INFO] Conectando a SMTP en puerto 587...
2025-12-26 15:01:26 [INFO] Correo enviado exitosamente - ACTUALIZACIÓN 1/2 BCV: Tasa de COMPRA USD - 26/12/2025 (290.6240)
2025-12-26 15:01:26 [INFO] Proceso completado correctamente.
2025-12-26 15:01:26 [INFO] Archivo temporal 2_1_2d25_smc.xls eliminado.
2025-12-26 16:18:37 [INFO] Iniciando proceso BCV...
2025-12-26 16:18:37 [INFO] Estado de correo limpiado. Registros de los últimos 10 días mantenidos.
2025-12-26 16:18:37 [INFO] Modo de ejecución detectado: TARDE
2025-12-26 16:18:37 [INFO] Conexión a SQL Server 2019 (MilPagos) exitosa.
2025-12-26 16:18:37 [INFO] Intentando descargar 2_1_2d25_smc.xls desde https://www.bcv.org.ve/sites/default/files/EstadisticasGeneral/2_1_2d25_smc.xls...
2025-12-26 16:18:38 [INFO] Archivo descargado: logs\2_1_2d25_smc.xls
2025-12-26 16:18:38 [INFO] Iniciando extracción del archivo...
2025-12-26 16:18:38 [INFO] Datos BCV encontrados: Compra=290.624, Venta=291.3524, Fecha=2025-12-26
2025-12-26 16:18:38 [INFO] [DB] Intento 1/3: Ejecutando SP sp_carga_tasa para tarde - fecha=2025-12-26
2025-12-26 16:18:38 [INFO] Conexión a SQL Server 2000 (rep_post_dia) exitosa.
2025-12-26 16:18:38 [INFO] [DB] SP returned rc=0 (success) for fecha=2025-12-26; no verification SELECT required.
2025-12-26 16:18:38 [INFO] Conectando a SMTP en puerto 587...
2025-12-26 16:18:41 [INFO] Correo enviado exitosamente - PROCESO FINALIZADO BCV: Tasas 26/12/2025 | C:290.6240 V:291.3524
2025-12-26 16:18:41 [INFO] Proceso completado correctamente.
2025-12-26 16:18:41 [INFO] Archivo temporal 2_1_2d25_smc.xls eliminado.
2025-12-26 16:39:53 [INFO] Iniciando proceso BCV...
2025-12-26 16:39:53 [INFO] Estado de correo limpiado. Registros de los últimos 10 días mantenidos.
2025-12-26 16:39:53 [INFO] Modo de ejecución detectado: TARDE
2025-12-26 16:39:53 [INFO] Conexión a SQL Server 2019 (MilPagos) exitosa.
2025-12-26 16:39:53 [INFO] Intentando descargar 2_1_2d25_smc.xls desde https://www.bcv.org.ve/sites/default/files/EstadisticasGeneral/2_1_2d25_smc.xls...
2025-12-26 16:39:54 [INFO] Archivo descargado: logs\2_1_2d25_smc.xls
2025-12-26 16:39:54 [INFO] Iniciando extracción del archivo...
2025-12-26 16:39:54 [INFO] Datos BCV encontrados: Compra=290.624, Venta=291.3524, Fecha=2025-12-26
2025-12-26 16:39:54 [WARNING] Tasa de VENTA para 2025-12-26 ya enviada. Omitiendo.
2025-12-26 16:39:54 [INFO] Proceso completado correctamente.
2025-12-26 16:39:54 [INFO] Archivo temporal 2_1_2d25_smc.xls eliminado.
2025-12-26 16:45:04 [INFO] Iniciando proceso BCV...
2025-12-26 16:45:04 [INFO] Estado de correo limpiado. Registros de los últimos 10 días mantenidos.
2025-12-26 16:45:04 [INFO] Modo de ejecución detectado: TARDE
2025-12-26 16:45:04 [INFO] Conexión a SQL Server 2019 (MilPagos) exitosa.
2025-12-26 16:45:04 [INFO] Intentando descargar 2_1_2d25_smc.xls desde https://www.bcv.org.ve/sites/default/files/EstadisticasGeneral/2_1_2d25_smc.xls...
2025-12-26 16:45:04 [INFO] Archivo descargado: logs\2_1_2d25_smc.xls
2025-12-26 16:45:04 [INFO] Iniciando extracción del archivo...
2025-12-26 16:45:05 [INFO] Datos BCV encontrados: Compra=290.624, Venta=291.3524, Fecha=2025-12-26
2025-12-26 16:45:05 [INFO] [DB] Intento 1/3: Ejecutando SP sp_carga_tasa para tarde - fecha=2025-12-26
2025-12-26 16:45:05 [INFO] Conexión a SQL Server 2000 (rep_post_dia) exitosa.
2025-12-26 16:45:05 [INFO] [DB] SP returned rc=0 (success) for fecha=2025-12-26; no verification SELECT required.
2025-12-26 16:45:05 [INFO] Conectando a SMTP en puerto 587...
2025-12-26 16:45:08 [INFO] Correo enviado exitosamente - PROCESO FINALIZADO BCV: Tasas 26/12/2025 | C:290.6240 V:291.3524
2025-12-26 16:45:08 [INFO] Proceso completado correctamente.
2025-12-26 16:45:08 [INFO] Archivo temporal 2_1_2d25_smc.xls eliminado.
