2026-03-30 10:03:26 [INFO] === INICIANDO PROCESO DE ACTUALIZACIÓN DE TASAS BCV ===
2026-03-30 10:03:26 [INFO] Estado de correo limpiado. Registros de los últimos 15 días mantenidos.
2026-03-30 10:03:27 [INFO] Conexión a SQL Server 2019 (MilPagos) exitosa.
2026-03-30 10:03:27 [INFO] Intentando descargar 2_1_2a26_smc.xls desde https://www.bcv.org.ve/sites/default/files/EstadisticasGeneral/2_1_2a26_smc.xls...
2026-03-30 10:03:28 [INFO] Archivo descargado: logs\2_1_2a26_smc.xls
2026-03-30 10:03:28 [INFO] Iniciando extracción del archivo...
2026-03-30 10:03:28 [INFO] Datos BCV encontrados: Compra=467.3432, Venta=468.5145, Fecha=2026-03-30
2026-03-30 10:03:28 [INFO] Datos oficiales obtenidos exitosamente para la fecha: 2026-03-30
2026-03-30 10:03:28 [INFO] [DB] Intento 1/3: Ejecutando SP sp_carga_tasa para manana - fecha=2026-03-30
2026-03-30 10:03:28 [INFO] Conexión a SQL Server 2000 (rep_post_dia) exitosa.
2026-03-30 10:03:29 [INFO] [DB] SP returned rc=0 (success) for fecha=2026-03-30; no verification SELECT required.
2026-03-30 10:03:29 [INFO] Conectando a SMTP en puerto 587...
2026-03-30 10:03:33 [INFO] Correo enviado exitosamente - ACTUALIZACIÓN 1/2 BCV: Tasa de COMPRA USD - 30/03/2026 (467.3432)
2026-03-30 10:03:33 [INFO] === FIN DEL PROCESO ===
2026-03-30 14:11:23 [INFO] === INICIANDO PROCESO DE ACTUALIZACIÓN DE TASAS BCV ===
2026-03-30 14:11:23 [INFO] Estado de correo limpiado. Registros de los últimos 15 días mantenidos.
2026-03-30 14:11:23 [INFO] Conexión a SQL Server 2019 (MilPagos) exitosa.
2026-03-30 14:11:23 [INFO] Intentando descargar 2_1_2a26_smc.xls desde https://www.bcv.org.ve/sites/default/files/EstadisticasGeneral/2_1_2a26_smc.xls...
2026-03-30 14:11:24 [INFO] Archivo descargado: logs\2_1_2a26_smc.xls
2026-03-30 14:11:24 [INFO] Iniciando extracción del archivo...
2026-03-30 14:11:25 [INFO] Datos BCV encontrados: Compra=467.3432, Venta=468.5145, Fecha=2026-03-30
2026-03-30 14:11:25 [INFO] Datos oficiales obtenidos exitosamente para la fecha: 2026-03-30
2026-03-30 14:11:25 [INFO] [DB] Intento 1/3: Ejecutando SP sp_carga_tasa para manana - fecha=2026-03-30
2026-03-30 14:11:25 [INFO] Conexión a SQL Server 2000 (rep_post_dia) exitosa.
2026-03-30 14:11:25 [INFO] [DB] SP returned rc=0 (success) for fecha=2026-03-30; no verification SELECT required.
2026-03-30 14:11:25 [INFO] Conectando a SMTP en puerto 587...
2026-03-30 14:11:30 [INFO] Correo enviado exitosamente - ACTUALIZACIÓN 1/2 BCV: Tasa de COMPRA USD - 30/03/2026 (467.3432)
2026-03-30 14:11:30 [INFO] === FIN DEL PROCESO ===
