2025-12-03 15:37:42 [INFO] Iniciando proceso BCV...
2025-12-03 15:37:42 [INFO] Estado de correo limpiado. Registros de los últimos 10 días mantenidos.
2025-12-03 15:37:42 [INFO] Modo de ejecución detectado: TARDE
2025-12-03 15:37:42 [INFO] Conexión a SQL Server 2019 (MilPagos) exitosa.
2025-12-03 15:37:42 [INFO] Intentando descargar 2_1_2d25_smc.xls desde https://www.bcv.org.ve/sites/default/files/EstadisticasGeneral/2_1_2d25_smc.xls...
2025-12-03 15:37:43 [INFO] Archivo descargado: logs\2_1_2d25_smc.xls
2025-12-03 15:37:43 [INFO] Iniciando extracción del archivo...
2025-12-03 15:37:43 [INFO] Datos BCV encontrados: Compra=248.5759, Venta=249.1989, Fecha=2025-12-03
2025-12-03 15:37:43 [INFO] Conexión a SQL Server 2000 (rep_post_dia) exitosa.
2025-12-03 15:37:43 [INFO] Ejecutando SP en SQL 2000 para tarde: EXEC [rep_post_dia].[dbo].[sp_carga_tasa] 
        'tarde',
        '2025-12-03',
        248.5759, 
        249.1989
2025-12-03 15:37:43 [INFO] SP ejecutado correctamente. Tasas actualizadas en BD final.
2025-12-03 15:37:43 [INFO] Conectando a SMTP en puerto 587...
2025-12-03 15:37:48 [INFO] Correo enviado exitosamente - PROCESO FINALIZADO BCV: Tasas 03/12/2025 | C:248.5759 V:249.1989
2025-12-03 15:37:48 [INFO] Proceso completado correctamente.
2025-12-03 15:37:48 [INFO] Archivo temporal 2_1_2d25_smc.xls eliminado.
2025-12-03 15:38:49 [INFO] Iniciando proceso BCV...
2025-12-03 15:38:49 [INFO] Estado de correo limpiado. Registros de los últimos 10 días mantenidos.
2025-12-03 15:38:49 [INFO] Modo de ejecución detectado: MANANA
2025-12-03 15:38:49 [INFO] Conexión a SQL Server 2019 (MilPagos) exitosa.
2025-12-03 15:38:49 [INFO] Intentando descargar 2_1_2d25_smc.xls desde https://www.bcv.org.ve/sites/default/files/EstadisticasGeneral/2_1_2d25_smc.xls...
2025-12-03 15:38:49 [INFO] Archivo descargado: logs\2_1_2d25_smc.xls
2025-12-03 15:38:49 [INFO] Iniciando extracción del archivo...
2025-12-03 15:38:49 [INFO] Datos BCV encontrados: Compra=248.5759, Venta=249.1989, Fecha=2025-12-03
2025-12-03 15:38:49 [INFO] Conexión a SQL Server 2000 (rep_post_dia) exitosa.
2025-12-03 15:38:49 [INFO] Ejecutando SP en SQL 2000 para manana: EXEC [rep_post_dia].[dbo].[sp_carga_tasa] 
        'manana',
        '2025-12-03',
        248.5759, 
        249.1989
2025-12-03 15:38:49 [INFO] SP ejecutado correctamente. Tasas actualizadas en BD final.
2025-12-03 15:38:49 [INFO] Conectando a SMTP en puerto 587...
2025-12-03 15:38:52 [INFO] Correo enviado exitosamente - ACTUALIZACIÓN 1/2 BCV: Tasa de COMPRA USD - 03/12/2025 (248.5759)
2025-12-03 15:38:52 [INFO] Proceso completado correctamente.
2025-12-03 15:38:52 [INFO] Archivo temporal 2_1_2d25_smc.xls eliminado.
