2026-04-07 09:22:25 [INFO] === INICIANDO PROCESO DE ACTUALIZACIÓN DE TASAS BCV ===
2026-04-07 09:22:25 [INFO] Estado de correo limpiado. Registros de los últimos 15 días mantenidos.
2026-04-07 09:22:26 [INFO] Conexión a SQL Server 2019 (MilPagos) exitosa.
2026-04-07 09:22:26 [INFO] Intentando descargar 2_1_2b26_smc.xls desde https://www.bcv.org.ve/sites/default/files/EstadisticasGeneral/2_1_2b26_smc.xls...
2026-04-07 09:22:26 [INFO] Archivo descargado: logs\2_1_2b26_smc.xls
2026-04-07 09:22:26 [INFO] Iniciando extracción del archivo...
2026-04-07 09:22:26 [INFO] Datos BCV encontrados: Compra=473.3474, Venta=474.5338, Fecha=2026-04-07
2026-04-07 09:22:26 [INFO] Datos oficiales obtenidos exitosamente para la fecha: 2026-04-07
2026-04-07 09:22:26 [INFO] [DB] Intento 1/3: Ejecutando SP sp_carga_tasa para manana - fecha=2026-04-07
2026-04-07 09:22:27 [INFO] Conexión a SQL Server 2000 (rep_post_dia) exitosa.
2026-04-07 09:22:27 [INFO] [DB] SP returned rc=0 (success) for fecha=2026-04-07; no verification SELECT required.
2026-04-07 09:22:27 [INFO] Conectando a SMTP en puerto 587...
2026-04-07 09:22:30 [INFO] Correo enviado exitosamente - ACTUALIZACIÓN 1/2 BCV: Tasa de COMPRA USD - 07/04/2026 (473.3474)
2026-04-07 09:22:30 [INFO] === FIN DEL PROCESO ===
2026-04-07 15:16:14 [INFO] === INICIANDO PROCESO DE ACTUALIZACIÓN DE TASAS BCV ===
2026-04-07 15:16:14 [INFO] Estado de correo limpiado. Registros de los últimos 15 días mantenidos.
2026-04-07 15:16:14 [INFO] Conexión a SQL Server 2019 (MilPagos) exitosa.
2026-04-07 15:16:14 [INFO] Intentando descargar 2_1_2b26_smc.xls desde https://www.bcv.org.ve/sites/default/files/EstadisticasGeneral/2_1_2b26_smc.xls...
2026-04-07 15:16:15 [INFO] Archivo descargado: logs\2_1_2b26_smc.xls
2026-04-07 15:16:15 [INFO] Iniciando extracción del archivo...
2026-04-07 15:16:15 [INFO] Datos BCV encontrados: Compra=473.3474, Venta=474.5338, Fecha=2026-04-07
2026-04-07 15:16:15 [INFO] Datos oficiales obtenidos exitosamente para la fecha: 2026-04-07
2026-04-07 15:16:15 [INFO] Tasa de COMPRA para 2026-04-07 ya fue procesada anteriormente. Omitiendo.
2026-04-07 15:16:15 [INFO] Backfill no ejecutado: hora actual 15:16:15.223730, permitido a partir de las 21:00
2026-04-07 15:16:15 [INFO] === FIN DEL PROCESO ===
