2025-12-15 16:16:14 [INFO] Iniciando proceso BCV...
2025-12-15 16:16:14 [INFO] Estado de correo limpiado. Registros de los últimos 10 días mantenidos.
2025-12-15 16:16:14 [INFO] Modo de ejecución detectado: TARDE
2025-12-15 16:16:15 [ERROR] Error al conectar a SQL Server 2019: ('28000', '[28000] [Microsoft][ODBC Driver 17 for SQL Server][SQL Server]Login failed for user \'s_sql_prd\'. (18456) (SQLDriverConnect); [28000] [Microsoft][ODBC Driver 17 for SQL Server][SQL Server]Cannot open database "MilPagos" requested by the login. The login failed. (4060); [28000] [Microsoft][ODBC Driver 17 for SQL Server][SQL Server]Login failed for user \'s_sql_prd\'. (18456); [28000] [Microsoft][ODBC Driver 17 for SQL Server][SQL Server]Cannot open database "MilPagos" requested by the login. The login failed. (4060)')
2025-12-15 16:16:15 [WARNING] Error al verificar feriados: Fallo en conexión a SQL 2019: ('28000', '[28000] [Microsoft][ODBC Driver 17 for SQL Server][SQL Server]Login failed for user \'s_sql_prd\'. (18456) (SQLDriverConnect); [28000] [Microsoft][ODBC Driver 17 for SQL Server][SQL Server]Cannot open database "MilPagos" requested by the login. The login failed. (4060); [28000] [Microsoft][ODBC Driver 17 for SQL Server][SQL Server]Login failed for user \'s_sql_prd\'. (18456); [28000] [Microsoft][ODBC Driver 17 for SQL Server][SQL Server]Cannot open database "MilPagos" requested by the login. The login failed. (4060)'). Asumiendo día hábil.
2025-12-15 16:16:15 [INFO] Intentando descargar 2_1_2d25_smc.xls desde https://www.bcv.org.ve/sites/default/files/EstadisticasGeneral/2_1_2d25_smc.xls...
2025-12-15 16:16:15 [INFO] Archivo descargado: logs\2_1_2d25_smc.xls
2025-12-15 16:16:15 [INFO] Iniciando extracción del archivo...
2025-12-15 16:16:15 [WARNING] Pandas falló leyendo Excel: Pandas requires version '2.0.1' or newer of 'xlrd' (version '1.2.0' currently installed).. Intentando fallback con xlrd.
2025-12-15 16:16:15 [INFO] Datos BCV encontrados (xlrd): Compra=270.1123, Venta=270.7893, Fecha=2025-12-15
2025-12-15 16:16:15 [INFO] [DB] Intento 1/3: Ejecutando SP sp_carga_tasa para tarde - fecha=2025-12-15
2025-12-15 16:16:15 [INFO] Conexión a SQL Server 2000 (rep_post_dia) exitosa.
2025-12-15 16:16:15 [INFO] [DB] SP returned rc=0 (success) for fecha=2025-12-15; no verification SELECT required.
2025-12-15 16:16:16 [INFO] Conectando a SMTP en puerto 587...
2025-12-15 16:16:19 [INFO] Correo enviado exitosamente - PROCESO FINALIZADO BCV: Tasas 15/12/2025 | C:270.1123 V:270.7893
2025-12-15 16:16:19 [INFO] Proceso completado correctamente.
2025-12-15 16:16:19 [INFO] Archivo temporal 2_1_2d25_smc.xls eliminado.
2025-12-15 16:27:56 [INFO] Iniciando proceso BCV...
2025-12-15 16:27:56 [INFO] Estado de correo limpiado. Registros de los últimos 10 días mantenidos.
2025-12-15 16:27:56 [INFO] Modo de ejecución detectado: TARDE
2025-12-15 16:27:56 [ERROR] Error al conectar a SQL Server 2019: ('28000', '[28000] [Microsoft][ODBC Driver 17 for SQL Server][SQL Server]Login failed for user \'s_sql_prd\'. (18456) (SQLDriverConnect); [28000] [Microsoft][ODBC Driver 17 for SQL Server][SQL Server]Cannot open database "MilPagos" requested by the login. The login failed. (4060); [28000] [Microsoft][ODBC Driver 17 for SQL Server][SQL Server]Login failed for user \'s_sql_prd\'. (18456); [28000] [Microsoft][ODBC Driver 17 for SQL Server][SQL Server]Cannot open database "MilPagos" requested by the login. The login failed. (4060)')
2025-12-15 16:27:56 [WARNING] Error al verificar feriados: Fallo en conexión a SQL 2019: ('28000', '[28000] [Microsoft][ODBC Driver 17 for SQL Server][SQL Server]Login failed for user \'s_sql_prd\'. (18456) (SQLDriverConnect); [28000] [Microsoft][ODBC Driver 17 for SQL Server][SQL Server]Cannot open database "MilPagos" requested by the login. The login failed. (4060); [28000] [Microsoft][ODBC Driver 17 for SQL Server][SQL Server]Login failed for user \'s_sql_prd\'. (18456); [28000] [Microsoft][ODBC Driver 17 for SQL Server][SQL Server]Cannot open database "MilPagos" requested by the login. The login failed. (4060)'). Asumiendo día hábil.
2025-12-15 16:27:56 [INFO] Intentando descargar 2_1_2d25_smc.xls desde https://www.bcv.org.ve/sites/default/files/EstadisticasGeneral/2_1_2d25_smc.xls...
2025-12-15 16:27:56 [INFO] Archivo descargado: logs\2_1_2d25_smc.xls
2025-12-15 16:27:56 [INFO] Iniciando extracción del archivo...
2025-12-15 16:27:57 [INFO] Datos BCV encontrados: Compra=270.1123, Venta=270.7893, Fecha=2025-12-15
2025-12-15 16:27:57 [WARNING] Tasa de VENTA para 2025-12-15 ya enviada. Omitiendo.
2025-12-15 16:27:57 [INFO] Proceso completado correctamente.
2025-12-15 16:27:57 [INFO] Archivo temporal 2_1_2d25_smc.xls eliminado.
