2026-01-07 10:44:13 [INFO] === INICIANDO PROCESO DE ACTUALIZACIÓN DE TASAS BCV ===
2026-01-07 10:44:13 [INFO] Estado de correo limpiado. Registros de los últimos 15 días mantenidos.
2026-01-07 10:44:13 [INFO] Conexión a SQL Server 2019 (MilPagos) exitosa.
2026-01-07 10:44:14 [INFO] Intentando descargar 2_1_2a26_smc.xls desde https://www.bcv.org.ve/sites/default/files/EstadisticasGeneral/2_1_2a26_smc.xls...
2026-01-07 10:44:15 [INFO] Archivo descargado: logs\2_1_2a26_smc.xls
2026-01-07 10:44:15 [INFO] Iniciando extracción del archivo...
2026-01-07 10:44:15 [INFO] Datos BCV encontrados: Compra=311.1016, Venta=311.8814, Fecha=2026-01-07
2026-01-07 10:44:15 [INFO] Datos oficiales obtenidos exitosamente para la fecha: 2026-01-07
2026-01-07 10:44:15 [INFO] [DB] Intento 1/3: Ejecutando SP sp_carga_tasa para manana - fecha=2026-01-07
2026-01-07 10:44:15 [INFO] Conexión a SQL Server 2000 (rep_post_dia) exitosa.
2026-01-07 10:44:16 [INFO] [DB] SP returned rc=0 (success) for fecha=2026-01-07; no verification SELECT required.
2026-01-07 10:44:16 [INFO] Conectando a SMTP en puerto 587...
2026-01-07 10:44:19 [INFO] Correo enviado exitosamente - ACTUALIZACIÓN 1/2 BCV: Tasa de COMPRA USD - 07/01/2026 (311.1016)
2026-01-07 10:44:19 [INFO] === FIN DEL PROCESO ===
2026-01-07 16:52:23 [INFO] === INICIANDO PROCESO DE ACTUALIZACIÓN DE TASAS BCV ===
2026-01-07 16:52:23 [INFO] Estado de correo limpiado. Registros de los últimos 15 días mantenidos.
2026-01-07 16:52:23 [INFO] Conexión a SQL Server 2019 (MilPagos) exitosa.
2026-01-07 16:52:23 [INFO] Intentando descargar 2_1_2a26_smc.xls desde https://www.bcv.org.ve/sites/default/files/EstadisticasGeneral/2_1_2a26_smc.xls...
2026-01-07 16:52:23 [INFO] Archivo descargado: logs\2_1_2a26_smc.xls
2026-01-07 16:52:23 [INFO] Iniciando extracción del archivo...
2026-01-07 16:52:25 [INFO] Datos BCV encontrados: Compra=311.1016, Venta=311.8814, Fecha=2026-01-07
2026-01-07 16:52:25 [INFO] Datos oficiales obtenidos exitosamente para la fecha: 2026-01-07
2026-01-07 16:52:25 [INFO] [DB] Intento 1/3: Ejecutando SP sp_carga_tasa para tarde - fecha=2026-01-07
2026-01-07 16:52:25 [INFO] Conexión a SQL Server 2000 (rep_post_dia) exitosa.
2026-01-07 16:52:26 [INFO] [DB] SP returned rc=0 (success) for fecha=2026-01-07; no verification SELECT required.
2026-01-07 16:52:26 [INFO] Conectando a SMTP en puerto 587...
2026-01-07 16:52:29 [INFO] Correo enviado exitosamente - PROCESO FINALIZADO BCV: Tasas 07/01/2026 | C:311.1016 V:311.8814
2026-01-07 16:52:29 [INFO] === FIN DEL PROCESO ===
