2026-03-20 08:38:10 [INFO] === INICIANDO PROCESO DE ACTUALIZACIÓN DE TASAS BCV ===
2026-03-20 08:38:10 [INFO] Estado de correo limpiado. Registros de los últimos 15 días mantenidos.
2026-03-20 08:38:10 [INFO] Conexión a SQL Server 2019 (MilPagos) exitosa.
2026-03-20 08:38:10 [INFO] Intentando descargar 2_1_2a26_smc.xls desde https://www.bcv.org.ve/sites/default/files/EstadisticasGeneral/2_1_2a26_smc.xls...
2026-03-20 08:38:11 [INFO] Archivo descargado: logs\2_1_2a26_smc.xls
2026-03-20 08:38:11 [INFO] Iniciando extracción del archivo...
2026-03-20 08:38:11 [INFO] Datos BCV encontrados: Compra=454.1165, Venta=455.2547, Fecha=2026-03-20
2026-03-20 08:38:11 [INFO] Datos oficiales obtenidos exitosamente para la fecha: 2026-03-20
2026-03-20 08:38:11 [INFO] [DB] Intento 1/3: Ejecutando SP sp_carga_tasa para tarde - fecha=2026-03-20
2026-03-20 08:38:11 [INFO] Conexión a SQL Server 2000 (rep_post_dia) exitosa.
2026-03-20 08:38:12 [INFO] [DB] SP returned rc=0 (success) for fecha=2026-03-20; no verification SELECT required.
2026-03-20 08:38:12 [INFO] Conectando a SMTP en puerto 587...
2026-03-20 08:38:15 [INFO] Correo enviado exitosamente - PROCESO FINALIZADO BCV: Tasas 20/03/2026 | C:454.1165 V:455.2547
2026-03-20 08:38:15 [INFO] === FIN DEL PROCESO ===
2026-03-20 08:39:43 [INFO] === INICIANDO PROCESO DE ACTUALIZACIÓN DE TASAS BCV ===
2026-03-20 08:39:43 [INFO] Estado de correo limpiado. Registros de los últimos 15 días mantenidos.
2026-03-20 08:39:43 [INFO] Conexión a SQL Server 2019 (MilPagos) exitosa.
2026-03-20 08:39:43 [INFO] Intentando descargar 2_1_2a26_smc.xls desde https://www.bcv.org.ve/sites/default/files/EstadisticasGeneral/2_1_2a26_smc.xls...
2026-03-20 08:39:44 [INFO] Archivo descargado: logs\2_1_2a26_smc.xls
2026-03-20 08:39:44 [INFO] Iniciando extracción del archivo...
2026-03-20 08:39:44 [INFO] Datos BCV encontrados: Compra=454.1165, Venta=455.2547, Fecha=2026-03-20
2026-03-20 08:39:44 [INFO] Datos oficiales obtenidos exitosamente para la fecha: 2026-03-20
2026-03-20 08:39:44 [INFO] [DB] Intento 1/3: Ejecutando SP sp_carga_tasa para manana - fecha=2026-03-20
2026-03-20 08:39:44 [INFO] Conexión a SQL Server 2000 (rep_post_dia) exitosa.
2026-03-20 08:39:44 [INFO] [DB] SP returned rc=0 (success) for fecha=2026-03-20; no verification SELECT required.
2026-03-20 08:39:44 [INFO] Conectando a SMTP en puerto 587...
2026-03-20 08:39:46 [INFO] Correo enviado exitosamente - ACTUALIZACIÓN 1/2 BCV: Tasa de COMPRA USD - 20/03/2026 (454.1165)
2026-03-20 08:39:46 [INFO] === FIN DEL PROCESO ===
