2026-04-13 09:30:28 [INFO] === INICIANDO PROCESO DE ACTUALIZACIÓN DE TASAS BCV ===
2026-04-13 09:30:28 [INFO] Estado de correo limpiado. Registros de los últimos 15 días mantenidos.
2026-04-13 09:30:28 [INFO] Conexión a SQL Server 2019 (MilPagos) exitosa.
2026-04-13 09:30:28 [INFO] Intentando descargar 2_1_2b26_smc.xls desde https://www.bcv.org.ve/sites/default/files/EstadisticasGeneral/2_1_2b26_smc.xls...
2026-04-13 09:30:34 [INFO] Archivo descargado: logs\2_1_2b26_smc.xls
2026-04-13 09:30:34 [INFO] Iniciando extracción del archivo...
2026-04-13 09:30:34 [WARNING] Validación de Fecha: La FECHA OPERACION en el archivo (None) NO coincide con el día de hoy (2026-04-13).
2026-04-13 09:30:34 [INFO] Datos oficiales obtenidos exitosamente para la fecha: 2026-04-13
2026-04-13 09:30:34 [WARNING] ⚠️ Contingencia activada: No se encontró publicación oficial para 2026-04-13. Aplicando tasa del día anterior.
2026-04-13 09:30:34 [INFO] [DB] Intento 1/3: Ejecutando SP sp_carga_tasa para manana - fecha=2026-04-13
2026-04-13 09:30:34 [INFO] Conexión a SQL Server 2000 (rep_post_dia) exitosa.
2026-04-13 09:30:34 [INFO] [DB] SP returned rc=0 (success) for fecha=2026-04-13; no verification SELECT required.
2026-04-13 09:30:34 [INFO] Conectando a SMTP en puerto 587...
2026-04-13 09:30:38 [INFO] Correo enviado exitosamente - ACTUALIZACIÓN 1/2 BCV: Tasa de COMPRA USD - 13/04/2026 (0.0000)
2026-04-13 09:30:38 [INFO] Notificación de contingencia enviada satisfactoriamente.
2026-04-13 09:30:38 [INFO] Backfill no ejecutado: hora actual 09:30:38.358723, permitido a partir de las 21:00
2026-04-13 09:30:38 [INFO] === FIN DEL PROCESO ===
2026-04-13 09:42:14 [INFO] === INICIANDO PROCESO DE ACTUALIZACIÓN DE TASAS BCV ===
2026-04-13 09:42:14 [INFO] Estado de correo limpiado. Registros de los últimos 15 días mantenidos.
2026-04-13 09:42:14 [INFO] Conexión a SQL Server 2019 (MilPagos) exitosa.
2026-04-13 09:42:14 [INFO] Intentando descargar 2_1_2b26_smc.xls desde https://www.bcv.org.ve/sites/default/files/EstadisticasGeneral/2_1_2b26_smc.xls...
2026-04-13 09:42:15 [INFO] Archivo descargado: logs\2_1_2b26_smc.xls
2026-04-13 09:42:15 [INFO] Iniciando extracción del archivo...
2026-04-13 09:42:15 [WARNING] Validación de Fecha: La FECHA OPERACION en el archivo (None) NO coincide con el día de hoy (2026-04-13).
2026-04-13 09:42:15 [INFO] Datos oficiales obtenidos exitosamente para la fecha: 2026-04-13
2026-04-13 09:42:15 [WARNING] ⚠️ Contingencia activada: No se encontró publicación oficial para 2026-04-13. Aplicando tasa del día anterior.
2026-04-13 09:42:15 [INFO] [DB] Intento 1/3: Ejecutando SP sp_carga_tasa para manana - fecha=2026-04-13
2026-04-13 09:42:16 [INFO] Conexión a SQL Server 2000 (rep_post_dia) exitosa.
2026-04-13 09:42:16 [INFO] [DB] SP returned rc=0 (success) for fecha=2026-04-13; no verification SELECT required.
2026-04-13 09:42:16 [INFO] Conectando a SMTP en puerto 587...
2026-04-13 09:42:19 [INFO] Correo enviado exitosamente - ACTUALIZACIÓN 1/2 BCV: Tasa de COMPRA USD - 13/04/2026 (0.0000)
2026-04-13 09:42:19 [INFO] Notificación de contingencia enviada satisfactoriamente.
2026-04-13 09:42:19 [INFO] Backfill no ejecutado: hora actual 09:42:19.049033, permitido a partir de las 21:00
2026-04-13 09:42:19 [INFO] === FIN DEL PROCESO ===
2026-04-13 10:03:19 [INFO] === INICIANDO PROCESO DE ACTUALIZACIÓN DE TASAS BCV ===
2026-04-13 10:03:19 [INFO] Estado de correo limpiado. Registros de los últimos 15 días mantenidos.
2026-04-13 10:03:19 [INFO] Conexión a SQL Server 2019 (MilPagos) exitosa.
2026-04-13 10:03:19 [INFO] Intentando descargar 2_1_2b26_smc.xls desde https://www.bcv.org.ve/sites/default/files/EstadisticasGeneral/2_1_2b26_smc.xls...
2026-04-13 10:03:20 [INFO] Archivo descargado: logs\2_1_2b26_smc.xls
2026-04-13 10:03:20 [INFO] Iniciando extracción del archivo...
2026-04-13 10:03:20 [WARNING] Validación de Fecha: La FECHA OPERACION en el archivo (None) NO coincide con el día de hoy (2026-04-13).
2026-04-13 10:03:20 [INFO] Omitiendo datos de archivo: No se detectó tasa oficial válida para hoy (2026-04-13).
2026-04-13 10:03:20 [WARNING] ⚠️ Contingencia activada: No se encontró publicación oficial para 2026-04-13. Aplicando tasa del día anterior.
2026-04-13 10:03:20 [INFO] [DB] Intento 1/3: Ejecutando SP sp_carga_tasa para manana - fecha=2026-04-13
2026-04-13 10:03:20 [INFO] Conexión a SQL Server 2000 (rep_post_dia) exitosa.
2026-04-13 10:03:20 [INFO] [DB] SP returned rc=0 (success) for fecha=2026-04-13; no verification SELECT required.
2026-04-13 10:03:20 [INFO] Conectando a SMTP en puerto 587...
2026-04-13 10:03:23 [INFO] Correo enviado exitosamente - ACTUALIZACIÓN 1/2 BCV: Tasa de COMPRA USD - 13/04/2026 (0.0000)
2026-04-13 10:03:23 [INFO] Notificación de contingencia enviada satisfactoriamente.
2026-04-13 10:03:23 [INFO] Backfill no ejecutado: hora actual 10:03:23.266126, permitido a partir de las 21:00
2026-04-13 10:03:23 [INFO] === FIN DEL PROCESO ===
2026-04-13 10:08:06 [INFO] === INICIANDO PROCESO DE ACTUALIZACIÓN DE TASAS BCV ===
2026-04-13 10:08:06 [INFO] Estado de correo limpiado. Registros de los últimos 15 días mantenidos.
2026-04-13 10:08:06 [INFO] Conexión a SQL Server 2019 (MilPagos) exitosa.
2026-04-13 10:08:06 [INFO] Intentando descargar 2_1_2b26_smc.xls desde https://www.bcv.org.ve/sites/default/files/EstadisticasGeneral/2_1_2b26_smc.xls...
2026-04-13 10:08:06 [INFO] Archivo descargado: logs\2_1_2b26_smc.xls
2026-04-13 10:08:06 [INFO] Iniciando extracción del archivo...
2026-04-13 10:08:07 [WARNING] Validación de Fecha: La FECHA OPERACION en el archivo (2026-04-10) NO coincide con el día de hoy (2026-04-13).
2026-04-13 10:08:07 [INFO] Omitiendo datos de archivo: No se detectó tasa oficial válida para hoy (2026-04-10).
2026-04-13 10:08:07 [WARNING] ⚠️ Contingencia activada: No se encontró publicación oficial para 2026-04-13. Aplicando tasa del día anterior.
2026-04-13 10:08:07 [INFO] [DB] Intento 1/3: Ejecutando SP sp_carga_tasa para manana - fecha=2026-04-13
2026-04-13 10:08:07 [INFO] Conexión a SQL Server 2000 (rep_post_dia) exitosa.
2026-04-13 10:08:07 [INFO] [DB] SP returned rc=0 (success) for fecha=2026-04-13; no verification SELECT required.
2026-04-13 10:08:07 [INFO] Conectando a SMTP en puerto 587...
2026-04-13 10:08:09 [INFO] Correo enviado exitosamente - ACTUALIZACIÓN 1/2 BCV: Tasa de COMPRA USD - 13/04/2026 (0.0000)
2026-04-13 10:08:09 [INFO] Notificación de contingencia enviada satisfactoriamente.
2026-04-13 10:08:09 [INFO] Backfill no ejecutado: hora actual 10:08:09.979908, permitido a partir de las 21:00
2026-04-13 10:08:09 [INFO] === FIN DEL PROCESO ===
2026-04-13 10:13:03 [INFO] === INICIANDO PROCESO DE ACTUALIZACIÓN DE TASAS BCV ===
2026-04-13 10:13:03 [INFO] Estado de correo limpiado. Registros de los últimos 15 días mantenidos.
2026-04-13 10:13:04 [INFO] Conexión a SQL Server 2019 (MilPagos) exitosa.
2026-04-13 10:13:04 [INFO] Intentando descargar 2_1_2b26_smc.xls desde https://www.bcv.org.ve/sites/default/files/EstadisticasGeneral/2_1_2b26_smc.xls...
2026-04-13 10:13:04 [INFO] Archivo descargado: logs\2_1_2b26_smc.xls
2026-04-13 10:13:04 [INFO] Iniciando extracción del archivo...
2026-04-13 10:13:04 [WARNING] Validación de Fecha: La FECHA OPERACION en el archivo (2026-04-10) NO coincide con el día de hoy (2026-04-13).
2026-04-13 10:13:04 [INFO] Omitiendo datos de archivo: No se detectó tasa oficial válida para hoy (2026-04-10).
2026-04-13 10:13:04 [WARNING] ⚠️ Contingencia activada: No se encontró publicación oficial para 2026-04-13. Recuperando tasa del día anterior...
2026-04-13 10:13:04 [INFO] Conexión a SQL Server 2000 (rep_post_dia) exitosa.
2026-04-13 10:13:04 [INFO] Tasa de respaldo recuperada de BD: Compra=475.2431, Venta=477.1488
2026-04-13 10:13:04 [INFO] Aplicando tasa referencial: Compra=475.2431, Venta=477.1488
2026-04-13 10:13:04 [INFO] [DB] Intento 1/3: Ejecutando SP sp_carga_tasa para manana - fecha=2026-04-13
2026-04-13 10:13:04 [INFO] Conexión a SQL Server 2000 (rep_post_dia) exitosa.
2026-04-13 10:13:04 [INFO] [DB] SP returned rc=0 (success) for fecha=2026-04-13; no verification SELECT required.
2026-04-13 10:13:04 [INFO] Conectando a SMTP en puerto 587...
2026-04-13 10:13:06 [INFO] Correo enviado exitosamente - ACTUALIZACIÓN 1/2 BCV: Tasa de COMPRA USD - 13/04/2026 (475.2431)
2026-04-13 10:13:06 [INFO] Backfill no ejecutado: hora actual 10:13:06.803791, permitido a partir de las 21:00
2026-04-13 10:13:06 [INFO] === FIN DEL PROCESO ===
2026-04-13 15:55:48 [INFO] === INICIANDO PROCESO DE ACTUALIZACIÓN DE TASAS BCV ===
2026-04-13 15:55:48 [INFO] Estado de correo limpiado. Registros de los últimos 15 días mantenidos.
2026-04-13 15:55:48 [INFO] Conexión a SQL Server 2019 (MilPagos) exitosa.
2026-04-13 15:55:48 [INFO] Intentando descargar 2_1_2b26_smc.xls desde https://www.bcv.org.ve/sites/default/files/EstadisticasGeneral/2_1_2b26_smc.xls...
2026-04-13 15:55:48 [INFO] Archivo descargado: logs\2_1_2b26_smc.xls
2026-04-13 15:55:48 [INFO] Iniciando extracción del archivo...
2026-04-13 15:55:49 [INFO] Datos BCV encontrados para HOY: Compra=475.9559, Venta=477.1488, Fecha=2026-04-13
2026-04-13 15:55:49 [INFO] Datos oficiales obtenidos exitosamente para la fecha: 2026-04-13
2026-04-13 15:55:49 [INFO] [DB] Intento 1/3: Ejecutando SP sp_carga_tasa para manana - fecha=2026-04-13
2026-04-13 15:55:49 [INFO] Conexión a SQL Server 2000 (rep_post_dia) exitosa.
2026-04-13 15:55:49 [INFO] [DB] SP returned rc=0 (success) for fecha=2026-04-13; no verification SELECT required.
2026-04-13 15:55:49 [INFO] Conectando a SMTP en puerto 587...
2026-04-13 15:55:52 [INFO] Correo enviado exitosamente - ACTUALIZACIÓN 1/2 BCV: Tasa de COMPRA USD - 13/04/2026 (475.9559)
2026-04-13 15:55:52 [INFO] Backfill no ejecutado: hora actual 15:55:52.263299, permitido a partir de las 21:00
2026-04-13 15:55:52 [INFO] === FIN DEL PROCESO ===
2026-04-13 16:03:06 [INFO] === INICIANDO PROCESO DE ACTUALIZACIÓN DE TASAS BCV ===
2026-04-13 16:03:06 [INFO] Estado de correo limpiado. Registros de los últimos 15 días mantenidos.
2026-04-13 16:03:06 [INFO] Conexión a SQL Server 2019 (MilPagos) exitosa.
2026-04-13 16:03:06 [INFO] Intentando descargar 2_1_2b26_smc.xls desde https://www.bcv.org.ve/sites/default/files/EstadisticasGeneral/2_1_2b26_smc.xls...
2026-04-13 16:03:06 [INFO] Archivo descargado: logs\2_1_2b26_smc.xls
2026-04-13 16:03:06 [INFO] Iniciando extracción del archivo...
2026-04-13 16:03:06 [INFO] Datos BCV encontrados para HOY: Compra=475.9559, Venta=477.1488, Fecha=2026-04-13
2026-04-13 16:03:06 [INFO] Datos oficiales obtenidos exitosamente para la fecha: 2026-04-13
2026-04-13 16:03:06 [INFO] Tasa de COMPRA para 2026-04-13 ya fue procesada anteriormente. Omitiendo.
2026-04-13 16:03:06 [INFO] Backfill no ejecutado: hora actual 16:03:06.773798, permitido a partir de las 21:00
2026-04-13 16:03:06 [INFO] === FIN DEL PROCESO ===
2026-04-13 16:06:28 [INFO] === INICIANDO PROCESO DE ACTUALIZACIÓN DE TASAS BCV ===
2026-04-13 16:06:28 [INFO] Estado de correo limpiado. Registros de los últimos 15 días mantenidos.
2026-04-13 16:06:28 [INFO] Conexión a SQL Server 2019 (MilPagos) exitosa.
2026-04-13 16:06:28 [INFO] Intentando descargar 2_1_2b26_smc.xls desde https://www.bcv.org.ve/sites/default/files/EstadisticasGeneral/2_1_2b26_smc.xls...
2026-04-13 16:06:28 [INFO] Archivo descargado: logs\2_1_2b26_smc.xls
2026-04-13 16:06:28 [INFO] Iniciando extracción del archivo...
2026-04-13 16:06:28 [INFO] Datos BCV encontrados para HOY: Compra=475.9559, Venta=477.1488, Fecha=2026-04-13
2026-04-13 16:06:28 [INFO] Datos oficiales obtenidos exitosamente para la fecha: 2026-04-13
2026-04-13 16:06:28 [INFO] [DB] Intento 1/3: Ejecutando SP sp_carga_tasa para manana - fecha=2026-04-13
2026-04-13 16:06:28 [INFO] Conexión a SQL Server 2000 (rep_post_dia) exitosa.
2026-04-13 16:06:28 [INFO] [DB] SP returned rc=0 (success) for fecha=2026-04-13; no verification SELECT required.
2026-04-13 16:06:28 [INFO] Conectando a SMTP en puerto 587...
2026-04-13 16:06:32 [INFO] Correo enviado exitosamente - ACTUALIZACIÓN 1/2 BCV: Tasa de COMPRA USD - 13/04/2026 (475.9559)
2026-04-13 16:06:32 [INFO] Backfill no ejecutado: hora actual 16:06:32.113460, permitido a partir de las 21:00
2026-04-13 16:06:32 [INFO] === FIN DEL PROCESO ===
2026-04-13 16:24:33 [INFO] === INICIANDO PROCESO DE ACTUALIZACIÓN DE TASAS BCV ===
2026-04-13 16:24:33 [INFO] Estado de correo limpiado. Registros de los últimos 15 días mantenidos.
2026-04-13 16:24:33 [INFO] Conexión a SQL Server 2019 (MilPagos) exitosa.
2026-04-13 16:24:33 [INFO] Intentando descargar 2_1_2b26_smc.xls desde https://www.bcv.org.ve/sites/default/files/EstadisticasGeneral/2_1_2b26_smc.xls...
2026-04-13 16:24:34 [INFO] Archivo descargado: logs\2_1_2b26_smc.xls
2026-04-13 16:24:34 [INFO] Iniciando extracción del archivo...
2026-04-13 16:24:34 [INFO] Datos BCV encontrados para HOY: Compra=475.9559, Venta=477.1488, Fecha=2026-04-13
2026-04-13 16:24:34 [INFO] Datos oficiales obtenidos exitosamente para la fecha: 2026-04-13
2026-04-13 16:24:34 [INFO] [DB] Intento 1/3: Ejecutando SP sp_carga_tasa para tarde - fecha=2026-04-13
2026-04-13 16:24:34 [INFO] Conexión a SQL Server 2000 (rep_post_dia) exitosa.
2026-04-13 16:24:34 [INFO] [DB] SP returned rc=0 (success) for fecha=2026-04-13; no verification SELECT required.
2026-04-13 16:24:34 [INFO] Conectando a SMTP en puerto 587...
2026-04-13 16:24:36 [INFO] Correo enviado exitosamente - PROCESO FINALIZADO BCV: Tasas 13/04/2026 | C:475.9559 V:477.1488
2026-04-13 16:24:36 [INFO] Backfill no ejecutado: hora actual 16:24:36.427509, permitido a partir de las 21:00
2026-04-13 16:24:36 [INFO] === FIN DEL PROCESO ===
2026-04-13 16:30:34 [INFO] === INICIANDO PROCESO DE ACTUALIZACIÓN DE TASAS BCV ===
2026-04-13 16:30:34 [INFO] Estado de correo limpiado. Registros de los últimos 15 días mantenidos.
2026-04-13 16:30:34 [INFO] Conexión a SQL Server 2019 (MilPagos) exitosa.
2026-04-13 16:30:34 [INFO] Intentando descargar 2_1_2b26_smc.xls desde https://www.bcv.org.ve/sites/default/files/EstadisticasGeneral/2_1_2b26_smc.xls...
2026-04-13 16:30:34 [INFO] Archivo descargado: logs\2_1_2b26_smc.xls
2026-04-13 16:30:34 [INFO] Iniciando extracción del archivo...
2026-04-13 16:30:34 [INFO] Datos BCV encontrados para TARDE: Compra=475.9559, Venta=477.1488, Fecha=2026-04-13
2026-04-13 16:30:34 [INFO] Datos oficiales obtenidos exitosamente para la fecha: 2026-04-13
2026-04-13 16:30:34 [INFO] [DB] Intento 1/3: Ejecutando SP sp_carga_tasa para tarde - fecha=2026-04-13
2026-04-13 16:30:34 [INFO] Conexión a SQL Server 2000 (rep_post_dia) exitosa.
2026-04-13 16:30:34 [INFO] [DB] SP returned rc=0 (success) for fecha=2026-04-13; no verification SELECT required.
2026-04-13 16:30:34 [INFO] Conectando a SMTP en puerto 587...
2026-04-13 16:30:37 [INFO] Correo enviado exitosamente - PROCESO FINALIZADO BCV: Tasas 13/04/2026 | C:475.9559 V:477.1488
2026-04-13 16:30:37 [INFO] Backfill no ejecutado: hora actual 16:30:37.657545, permitido a partir de las 21:00
2026-04-13 16:30:37 [INFO] === FIN DEL PROCESO ===
2026-04-13 16:38:27 [INFO] === INICIANDO PROCESO DE ACTUALIZACIÓN DE TASAS BCV ===
2026-04-13 16:38:27 [INFO] Estado de correo limpiado. Registros de los últimos 15 días mantenidos.
2026-04-13 16:38:27 [INFO] Conexión a SQL Server 2019 (MilPagos) exitosa.
2026-04-13 16:38:27 [INFO] Intentando descargar 2_1_2b26_smc.xls desde https://www.bcv.org.ve/sites/default/files/EstadisticasGeneral/2_1_2b26_smc.xls...
2026-04-13 16:38:28 [INFO] Archivo descargado: logs\2_1_2b26_smc.xls
2026-04-13 16:38:28 [INFO] Iniciando extracción del archivo...
2026-04-13 16:38:28 [INFO] Conexión a SQL Server 2019 (MilPagos) exitosa.
2026-04-13 16:38:28 [WARNING] Validación Tarde: La fecha 2026-04-13 NO es el próximo día hábil (2026-04-14). Activando contingencia.
2026-04-13 16:38:28 [INFO] Omitiendo datos de archivo: No se detectó tasa oficial válida para hoy (2026-04-13).
2026-04-13 16:38:28 [WARNING] ⚠️ Contingencia activada: No se encontró publicación oficial para 2026-04-13. Recuperando tasa del día anterior...
2026-04-13 16:38:28 [INFO] Conexión a SQL Server 2000 (rep_post_dia) exitosa.
2026-04-13 16:38:28 [INFO] Tasa de respaldo recuperada de BD: Compra=475.9559, Venta=477.1488
2026-04-13 16:38:28 [INFO] Aplicando tasa referencial: Compra=475.9559, Venta=477.1488
2026-04-13 16:38:28 [INFO] [DB] Intento 1/3: Ejecutando SP sp_carga_tasa para tarde - fecha=2026-04-13
2026-04-13 16:38:28 [INFO] Conexión a SQL Server 2000 (rep_post_dia) exitosa.
2026-04-13 16:38:28 [INFO] [DB] SP returned rc=0 (success) for fecha=2026-04-13; no verification SELECT required.
2026-04-13 16:38:28 [INFO] Conectando a SMTP en puerto 587...
2026-04-13 16:38:31 [INFO] Correo enviado exitosamente - PROCESO FINALIZADO BCV: Tasas 13/04/2026 | C:475.9559 V:477.1488
2026-04-13 16:38:31 [INFO] Backfill no ejecutado: hora actual 16:38:31.826501, permitido a partir de las 21:00
2026-04-13 16:38:31 [INFO] === FIN DEL PROCESO ===
2026-04-13 16:49:17 [INFO] === INICIANDO PROCESO DE ACTUALIZACIÓN DE TASAS BCV ===
2026-04-13 16:49:17 [INFO] Estado de correo limpiado. Registros de los últimos 15 días mantenidos.
2026-04-13 16:49:17 [INFO] Conexión a SQL Server 2019 (MilPagos) exitosa.
2026-04-13 16:49:17 [INFO] Intentando descargar 2_1_2b26_smc.xls desde https://www.bcv.org.ve/sites/default/files/EstadisticasGeneral/2_1_2b26_smc.xls...
2026-04-13 16:49:18 [INFO] Archivo descargado: logs\2_1_2b26_smc.xls
2026-04-13 16:49:18 [INFO] Iniciando extracción del archivo...
2026-04-13 16:49:18 [INFO] Conexión a SQL Server 2019 (MilPagos) exitosa.
2026-04-13 16:49:18 [WARNING] Validación Tarde: La fecha 2026-04-13 NO es el próximo día hábil (2026-04-14). Activando contingencia.
2026-04-13 16:49:18 [INFO] Omitiendo datos de archivo: No se detectó tasa oficial válida para hoy (2026-04-13).
2026-04-13 16:49:18 [INFO] ⏳ Periodo TARDE: El archivo BCV no tiene la fecha del próximo día hábil todavía.
2026-04-13 16:49:18 [INFO]    Se omitirá el proceso hasta las 21:00 para esperar actualización oficial.
2026-04-13 16:49:18 [INFO] Backfill no ejecutado: hora actual 16:49:18.709175, permitido a partir de las 21:00
2026-04-13 16:49:18 [INFO] === FIN DEL PROCESO ===
2026-04-13 17:15:37 [INFO] === INICIANDO PROCESO DE ACTUALIZACIÓN DE TASAS BCV ===
2026-04-13 17:15:37 [INFO] Estado de correo limpiado. Registros de los últimos 15 días mantenidos.
2026-04-13 17:15:37 [INFO] Conexión a SQL Server 2019 (MilPagos) exitosa.
2026-04-13 17:15:37 [INFO] Intentando descargar 2_1_2b26_smc.xls desde https://www.bcv.org.ve/sites/default/files/EstadisticasGeneral/2_1_2b26_smc.xls...
2026-04-13 17:15:38 [INFO] Archivo descargado: logs\2_1_2b26_smc.xls
2026-04-13 17:15:38 [INFO] Iniciando extracción del archivo...
2026-04-13 17:15:38 [INFO] Conexión a SQL Server 2019 (MilPagos) exitosa.
2026-04-13 17:15:38 [INFO] Datos BCV validados para TARDE: Compra=476.4318, Venta=477.6259, Fecha=2026-04-14
2026-04-13 17:15:38 [INFO] Datos oficiales obtenidos exitosamente para la fecha: 2026-04-14
2026-04-13 17:15:38 [INFO] ⏳ Periodo TARDE: El archivo BCV no tiene la fecha del próximo día hábil todavía.
2026-04-13 17:15:38 [INFO]    Se omitirá el proceso hasta las 21:00 para esperar actualización oficial.
2026-04-13 17:15:38 [INFO] Backfill no ejecutado: hora actual 17:15:38.257657, permitido a partir de las 21:00
2026-04-13 17:15:38 [INFO] === FIN DEL PROCESO ===
2026-04-13 17:16:33 [INFO] === INICIANDO PROCESO DE ACTUALIZACIÓN DE TASAS BCV ===
2026-04-13 17:16:33 [INFO] Estado de correo limpiado. Registros de los últimos 15 días mantenidos.
2026-04-13 17:16:33 [INFO] Conexión a SQL Server 2019 (MilPagos) exitosa.
2026-04-13 17:16:33 [INFO] Intentando descargar 2_1_2b26_smc.xls desde https://www.bcv.org.ve/sites/default/files/EstadisticasGeneral/2_1_2b26_smc.xls...
2026-04-13 17:16:34 [INFO] Archivo descargado: logs\2_1_2b26_smc.xls
2026-04-13 17:16:34 [INFO] Iniciando extracción del archivo...
2026-04-13 17:16:34 [INFO] Conexión a SQL Server 2019 (MilPagos) exitosa.
2026-04-13 17:16:34 [INFO] Datos BCV validados para TARDE: Compra=476.4318, Venta=477.6259, Fecha=2026-04-14
2026-04-13 17:16:34 [INFO] Datos oficiales obtenidos exitosamente para la fecha: 2026-04-14
2026-04-13 17:16:34 [INFO] ⏳ Periodo TARDE: El archivo BCV no tiene la fecha del próximo día hábil todavía.
2026-04-13 17:16:34 [INFO]    Se omitirá el proceso hasta las 21:00 para esperar actualización oficial.
2026-04-13 17:16:34 [INFO] Backfill no ejecutado: hora actual 17:16:34.255069, permitido a partir de las 21:00
2026-04-13 17:16:34 [INFO] === FIN DEL PROCESO ===
2026-04-13 17:18:27 [INFO] === INICIANDO PROCESO DE ACTUALIZACIÓN DE TASAS BCV ===
2026-04-13 17:18:27 [INFO] Estado de correo limpiado. Registros de los últimos 15 días mantenidos.
2026-04-13 17:18:27 [INFO] Conexión a SQL Server 2019 (MilPagos) exitosa.
2026-04-13 17:18:27 [INFO] Intentando descargar 2_1_2b26_smc.xls desde https://www.bcv.org.ve/sites/default/files/EstadisticasGeneral/2_1_2b26_smc.xls...
2026-04-13 17:18:28 [INFO] Archivo descargado: logs\2_1_2b26_smc.xls
2026-04-13 17:18:28 [INFO] Iniciando extracción del archivo...
2026-04-13 17:18:28 [INFO] Conexión a SQL Server 2019 (MilPagos) exitosa.
2026-04-13 17:18:28 [INFO] Datos BCV validados para TARDE: Compra=476.4318, Venta=477.6259, Fecha=2026-04-14
2026-04-13 17:18:28 [INFO] Datos oficiales obtenidos exitosamente para la fecha: 2026-04-14
2026-04-13 17:18:28 [INFO] ⏳ Periodo TARDE: El archivo BCV no tiene la fecha del próximo día hábil todavía.
2026-04-13 17:18:28 [INFO]    Se omitirá el proceso hasta las 21:00 para esperar actualización oficial.
2026-04-13 17:18:28 [INFO] Backfill no ejecutado: hora actual 17:18:28.188167, permitido a partir de las 21:00
2026-04-13 17:18:28 [INFO] === FIN DEL PROCESO ===
2026-04-13 17:20:07 [INFO] === INICIANDO PROCESO DE ACTUALIZACIÓN DE TASAS BCV ===
2026-04-13 17:20:07 [INFO] Estado de correo limpiado. Registros de los últimos 15 días mantenidos.
2026-04-13 17:20:07 [INFO] Conexión a SQL Server 2019 (MilPagos) exitosa.
2026-04-13 17:20:07 [INFO] Intentando descargar 2_1_2b26_smc.xls desde https://www.bcv.org.ve/sites/default/files/EstadisticasGeneral/2_1_2b26_smc.xls...
2026-04-13 17:20:07 [INFO] Archivo descargado: logs\2_1_2b26_smc.xls
2026-04-13 17:20:07 [INFO] Iniciando extracción del archivo...
2026-04-13 17:20:07 [INFO] Conexión a SQL Server 2019 (MilPagos) exitosa.
2026-04-13 17:20:07 [INFO] Datos BCV validados para TARDE: Compra=476.4318, Venta=477.6259, Fecha=2026-04-14
2026-04-13 17:20:07 [INFO] Datos oficiales obtenidos exitosamente para la fecha: 2026-04-14
2026-04-13 17:20:07 [INFO] Conexión a SQL Server 2019 (MilPagos) exitosa.
2026-04-13 17:20:07 [INFO] [DB] Intento 1/3: Ejecutando SP sp_carga_tasa para tarde - fecha=2026-04-13
2026-04-13 17:20:08 [INFO] Conexión a SQL Server 2000 (rep_post_dia) exitosa.
2026-04-13 17:20:08 [INFO] [DB] SP returned rc=0 (success) for fecha=2026-04-13; no verification SELECT required.
2026-04-13 17:20:08 [INFO] Conectando a SMTP en puerto 587...
2026-04-13 17:20:10 [INFO] Correo enviado exitosamente - PROCESO FINALIZADO BCV: Tasas 13/04/2026 | C:476.4318 V:477.6259
2026-04-13 17:20:10 [INFO] Backfill no ejecutado: hora actual 17:20:10.228041, permitido a partir de las 21:00
2026-04-13 17:20:10 [INFO] === FIN DEL PROCESO ===
2026-04-13 17:23:31 [INFO] === INICIANDO PROCESO DE ACTUALIZACIÓN DE TASAS BCV ===
2026-04-13 17:23:31 [INFO] Estado de correo limpiado. Registros de los últimos 15 días mantenidos.
2026-04-13 17:23:31 [INFO] Conexión a SQL Server 2019 (MilPagos) exitosa.
2026-04-13 17:23:31 [INFO] Intentando descargar 2_1_2b26_smc.xls desde https://www.bcv.org.ve/sites/default/files/EstadisticasGeneral/2_1_2b26_smc.xls...
2026-04-13 17:23:31 [INFO] Archivo descargado: logs\2_1_2b26_smc.xls
2026-04-13 17:23:31 [INFO] Iniciando extracción del archivo...
2026-04-13 17:23:31 [INFO] Conexión a SQL Server 2019 (MilPagos) exitosa.
2026-04-13 17:23:31 [INFO] Datos BCV validados para TARDE: Compra=476.4318, Venta=477.6259, Fecha=2026-04-14
2026-04-13 17:23:31 [INFO] Datos oficiales obtenidos exitosamente para la fecha: 2026-04-14
2026-04-13 17:23:31 [INFO] Conexión a SQL Server 2019 (MilPagos) exitosa.
2026-04-13 17:23:31 [INFO] Conexión a SQL Server 2000 (rep_post_dia) exitosa.
2026-04-13 17:23:31 [INFO] Tasa de VENTA para 2026-04-13 ya fue procesada anteriormente. Omitiendo.
2026-04-13 17:23:31 [INFO] Backfill no ejecutado: hora actual 17:23:31.686301, permitido a partir de las 21:00
2026-04-13 17:23:31 [INFO] === FIN DEL PROCESO ===
2026-04-13 17:26:48 [INFO] === INICIANDO PROCESO DE ACTUALIZACIÓN DE TASAS BCV ===
2026-04-13 17:26:48 [INFO] Estado de correo limpiado. Registros de los últimos 15 días mantenidos.
2026-04-13 17:26:48 [INFO] Conexión a SQL Server 2019 (MilPagos) exitosa.
2026-04-13 17:26:48 [INFO] Intentando descargar 2_1_2b26_smc.xls desde https://www.bcv.org.ve/sites/default/files/EstadisticasGeneral/2_1_2b26_smc.xls...
2026-04-13 17:26:48 [INFO] Archivo descargado: logs\2_1_2b26_smc.xls
2026-04-13 17:26:48 [INFO] Iniciando extracción del archivo...
2026-04-13 17:26:49 [INFO] Conexión a SQL Server 2019 (MilPagos) exitosa.
2026-04-13 17:26:49 [INFO] Datos BCV validados para TARDE: Compra=476.4318, Venta=477.6259, Fecha=2026-04-14
2026-04-13 17:26:49 [INFO] Datos oficiales obtenidos exitosamente para la fecha: 2026-04-14
2026-04-13 17:26:49 [INFO] Conexión a SQL Server 2019 (MilPagos) exitosa.
2026-04-13 17:26:49 [INFO] Conexión a SQL Server 2000 (rep_post_dia) exitosa.
2026-04-13 17:26:49 [INFO] Tasa de VENTA para 2026-04-13 ya fue procesada anteriormente. Omitiendo.
2026-04-13 17:26:49 [INFO] Backfill no ejecutado: hora actual 17:26:49.147159, permitido a partir de las 21:00
2026-04-13 17:26:49 [INFO] === FIN DEL PROCESO ===
